<?xml version="1.0" encoding="utf-8"?><testsuites name="pytest tests"><testsuite name="pytest" errors="0" failures="1" skipped="0" tests="7" time="18.066" timestamp="2026-07-21T06:04:16.929143+00:00" hostname="agent-env-d75e56bd-d5fc-45f3-93ee-d88994102c49"><testcase classname="backend.tests.test_b6_session2_edit_flow" name="test_1_low_risk_description_applied_immediately" time="8.391" /><testcase classname="backend.tests.test_b6_session2_edit_flow" name="test_2_high_risk_time_awaits_confirmation" time="1.225" /><testcase classname="backend.tests.test_b6_session2_edit_flow" name="test_3_confirmation_applies_change" time="0.159" /><testcase classname="backend.tests.test_b6_session2_edit_flow" name="test_4_high_risk_date_denied_preserves_original" time="1.570" /><testcase classname="backend.tests.test_b6_session2_edit_flow" name="test_5_cancel_declined_keeps_event_active" time="1.624" /><testcase classname="backend.tests.test_b6_session2_edit_flow" name="test_6_undo_reverts_last_change" time="2.970" /><testcase classname="backend.tests.test_b6_session2_edit_flow" name="test_7_ambiguous_confirm_preserves_and_then_applies" time="2.010"><failure message="AssertionError: flow.step should be preserved, got idle&#10;assert 'idle' == 'awaiting_confirm'&#10;  &#10;  - awaiting_confirm&#10;  + idle">backend/tests/test_b6_session2_edit_flow.py:326: in test_7_ambiguous_confirm_preserves_and_then_applies
    assert flow.get("step") == "awaiting_confirm", f"flow.step should be preserved, got {flow.get('step')}"
E   AssertionError: flow.step should be preserved, got idle
E   assert 'idle' == 'awaiting_confirm'
E     
E     - awaiting_confirm
E     + idle</failure></testcase></testsuite></testsuites>