<?xml version="1.0" encoding="utf-8"?><testsuites name="pytest tests"><testsuite name="pytest" errors="0" failures="0" skipped="0" tests="12" time="12.179" timestamp="2026-07-21T07:47:21.833274+00:00" hostname="agent-env-d75e56bd-d5fc-45f3-93ee-d88994102c49"><testcase classname="tests.test_b7_remembers.TestSweep" name="test_1_sweep_creates_rows_future_event" time="0.019" /><testcase classname="tests.test_b7_remembers.TestSweep" name="test_2_idempotent" time="0.019" /><testcase classname="tests.test_b7_remembers.TestSweep" name="test_3_reschedule_supersedes" time="0.020" /><testcase classname="tests.test_b7_remembers.TestSweep" name="test_4_cancellation_cancels_scheduled" time="0.018" /><testcase classname="tests.test_b7_remembers.TestSweep" name="test_5_inactive_organiser_skipped" time="0.011" /><testcase classname="tests.test_b7_remembers.TestSweep" name="test_6_tz_correctness" time="0.011" /><testcase classname="tests.test_b7_remembers.TestInboxHTTP" name="test_7_due_row_delivered_on_read" time="0.243" /><testcase classname="tests.test_b7_remembers.TestInboxHTTP" name="test_8_persistence_across_restart" time="8.776" /><testcase classname="tests.test_b7_remembers.TestInboxHTTP" name="test_9_dismiss" time="0.251" /><testcase classname="tests.test_b7_remembers.TestInboxHTTP" name="test_10_cancelled_event_filters_delivered" time="0.248" /><testcase classname="tests.test_b7_remembers.TestInboxHTTP" name="test_11_wrong_user_cannot_dismiss" time="0.696" /><testcase classname="tests.test_b7_remembers.TestInboxHTTP" name="test_12_seen_idempotent" time="0.248" /></testsuite></testsuites>