<?xml version="1.0" encoding="utf-8"?><testsuites name="pytest tests"><testsuite name="pytest" errors="0" failures="0" skipped="0" tests="16" time="2.439" timestamp="2026-06-13T04:44:02.290395+00:00" hostname="agent-env-d75e56bd-d5fc-45f3-93ee-d88994102c49"><testcase classname="backend.tests.test_bingo.TestCatalog" name="test_catalog_has_four_difficulties_with_meta" time="0.175" /><testcase classname="backend.tests.test_bingo.TestDaily" name="test_daily_is_moderate_with_15pts" time="0.047" /><testcase classname="backend.tests.test_bingo.TestCommunityEvents" name="test_at_least_three_events_with_seeded_fields" time="0.046" /><testcase classname="backend.tests.test_bingo.TestSessionStart" name="test_start_shapes[easy-4-4-1-False]" time="0.258" /><testcase classname="backend.tests.test_bingo.TestSessionStart" name="test_start_shapes[moderate-5-5-1-True]" time="0.045" /><testcase classname="backend.tests.test_bingo.TestSessionStart" name="test_start_shapes[hard-5-5-1-True]" time="0.046" /><testcase classname="backend.tests.test_bingo.TestSessionStart" name="test_start_shapes[nightmare-5-5-2-True]" time="0.049" /><testcase classname="backend.tests.test_bingo.TestUpdate" name="test_update_call_index_and_marked" time="0.257" /><testcase classname="backend.tests.test_bingo.TestComplete" name="test_complete_rejects_when_no_pattern" time="0.095" /><testcase classname="backend.tests.test_bingo.TestComplete" name="test_complete_awards_points_for_each_difficulty[easy-5]" time="0.143" /><testcase classname="backend.tests.test_bingo.TestComplete" name="test_complete_awards_points_for_each_difficulty[moderate-10]" time="0.136" /><testcase classname="backend.tests.test_bingo.TestComplete" name="test_complete_awards_points_for_each_difficulty[hard-20]" time="0.140" /><testcase classname="backend.tests.test_bingo.TestComplete" name="test_complete_awards_points_for_each_difficulty[nightmare-35]" time="0.137" /><testcase classname="backend.tests.test_bingo.TestComplete" name="test_hard_completion_grants_hard_achievement_not_expert" time="0.156" /><testcase classname="backend.tests.test_bingo.TestComplete" name="test_nightmare_completion_no_expert_regression" time="0.143" /><testcase classname="backend.tests.test_bingo.TestCommunityFlow" name="test_event_start_uses_seeded_sequence_and_leaderboard_lists_winner" time="0.304" /></testsuite></testsuites>