<?xml version="1.0" encoding="utf-8"?><testsuites name="pytest tests"><testsuite name="pytest" errors="0" failures="0" skipped="0" tests="15" time="3.263" timestamp="2026-06-15T11:16:48.120868+00:00" hostname="agent-env-d75e56bd-d5fc-45f3-93ee-d88994102c49"><testcase classname="backend.tests.test_google_oauth.TestGoogleAuthEndpoint" name="test_missing_session_id_returns_400" time="0.228" /><testcase classname="backend.tests.test_google_oauth.TestGoogleAuthEndpoint" name="test_whitespace_session_id_returns_400" time="0.066" /><testcase classname="backend.tests.test_google_oauth.TestGoogleAuthEndpoint" name="test_absent_session_id_field_returns_422" time="0.043" /><testcase classname="backend.tests.test_google_oauth.TestGoogleAuthEndpoint" name="test_invalid_random_session_id_returns_401" time="0.122" /><testcase classname="backend.tests.test_google_oauth.TestGoogleAuthEndpoint" name="test_referrer_id_null_accepted" time="0.099" /><testcase classname="backend.tests.test_google_oauth.TestGoogleAuthEndpoint" name="test_referrer_id_absent_accepted" time="0.105" /><testcase classname="backend.tests.test_google_oauth.TestExistingAuthRegression" name="test_demo_login_maggie" time="0.056" /><testcase classname="backend.tests.test_google_oauth.TestExistingAuthRegression" name="test_demo_login_frankie" time="0.045" /><testcase classname="backend.tests.test_google_oauth.TestExistingAuthRegression" name="test_login_real_account" time="0.288" /><testcase classname="backend.tests.test_google_oauth.TestExistingAuthRegression" name="test_signup_new_user_then_me" time="0.352" /><testcase classname="backend.tests.test_google_oauth.TestExistingAuthRegression" name="test_forgot_then_reset_password_cycle" time="1.141" /><testcase classname="backend.tests.test_google_oauth.TestOAuthOnlyAccountCannotPasswordLogin" name="test_password_hash_empty_rejected" time="0.195" /><testcase classname="backend.tests.test_google_oauth.TestAdminEndpointsSmoke" name="test_admin_summary" time="0.096" /><testcase classname="backend.tests.test_google_oauth.TestAdminEndpointsSmoke" name="test_admin_reports" time="0.060" /><testcase classname="backend.tests.test_google_oauth.TestAdminEndpointsSmoke" name="test_admin_user_moderation_snapshot" time="0.103" /></testsuite></testsuites>