<?xml version="1.0" encoding="utf-8"?><testsuites name="pytest tests"><testsuite name="pytest" errors="0" failures="0" skipped="1" tests="18" time="4.692" timestamp="2026-06-24T11:31:21.754299+00:00" hostname="agent-env-d75e56bd-d5fc-45f3-93ee-d88994102c49"><testcase classname="backend.tests.test_iter42_edit_profile_password.TestProfileUpdate" name="test_non_account_fields_still_update" time="0.794" /><testcase classname="backend.tests.test_iter42_edit_profile_password.TestProfileUpdate" name="test_update_email_valid" time="0.205" /><testcase classname="backend.tests.test_iter42_edit_profile_password.TestProfileUpdate" name="test_update_email_invalid_format" time="0.095" /><testcase classname="backend.tests.test_iter42_edit_profile_password.TestProfileUpdate" name="test_update_email_collision" time="0.127" /><testcase classname="backend.tests.test_iter42_edit_profile_password.TestProfileUpdate" name="test_update_username_invalid_pattern_too_short" time="0.093" /><testcase classname="backend.tests.test_iter42_edit_profile_password.TestProfileUpdate" name="test_update_username_invalid_spaces" time="0.094" /><testcase classname="backend.tests.test_iter42_edit_profile_password.TestProfileUpdate" name="test_update_username_collision" time="0.096" /><testcase classname="backend.tests.test_iter42_edit_profile_password.TestProfileUpdate" name="test_update_username_valid" time="0.096" /><testcase classname="backend.tests.test_iter42_edit_profile_password.TestProfileUpdate" name="test_demo_cannot_change_username" time="0.184" /><testcase classname="backend.tests.test_iter42_edit_profile_password.TestProfileUpdate" name="test_google_account_cannot_change_email" time="0.000"><skipped type="pytest.skip" message="google_id guard requires direct DB seeding; covered by code review">/app/backend/tests/test_iter42_edit_profile_password.py:161: google_id guard requires direct DB seeding; covered by code review</skipped></testcase><testcase classname="backend.tests.test_iter42_edit_profile_password.TestChangePassword" name="test_change_password_requires_auth" time="0.754" /><testcase classname="backend.tests.test_iter42_edit_profile_password.TestChangePassword" name="test_change_password_invalid_token" time="0.094" /><testcase classname="backend.tests.test_iter42_edit_profile_password.TestChangePassword" name="test_change_password_wrong_current" time="0.317" /><testcase classname="backend.tests.test_iter42_edit_profile_password.TestChangePassword" name="test_change_password_too_short" time="0.091" /><testcase classname="backend.tests.test_iter42_edit_profile_password.TestChangePassword" name="test_change_password_same_as_current" time="0.102" /><testcase classname="backend.tests.test_iter42_edit_profile_password.TestChangePassword" name="test_change_password_other_user_forbidden" time="0.087" /><testcase classname="backend.tests.test_iter42_edit_profile_password.TestChangePassword" name="test_change_password_success_and_persistence" time="1.188" /><testcase classname="backend.tests.test_iter42_edit_profile_password.TestChangePassword" name="test_demo_account_blocked" time="0.191" /></testsuite></testsuites>