<?xml version="1.0" encoding="utf-8"?><testsuites name="pytest tests"><testsuite name="pytest" errors="0" failures="0" skipped="0" tests="16" time="2.221" timestamp="2026-06-14T09:28:53.030387+00:00" hostname="agent-env-d75e56bd-d5fc-45f3-93ee-d88994102c49"><testcase classname="backend.tests.test_spot_library.TestLibraryList" name="test_library_list_returns_12_launch_puzzles" time="0.564" /><testcase classname="backend.tests.test_spot_library.TestLibraryList" name="test_library_card_shape" time="0.044" /><testcase classname="backend.tests.test_spot_library.TestLibraryPuzzle" name="test_get_p003_playable" time="0.045" /><testcase classname="backend.tests.test_spot_library.TestLibraryPuzzle" name="test_get_p003_deterministic_same_day" time="0.087" /><testcase classname="backend.tests.test_spot_library.TestLibraryPuzzle" name="test_get_p999_404" time="0.041" /><testcase classname="backend.tests.test_spot_library.TestDaily" name="test_daily_is_curated" time="0.043" /><testcase classname="backend.tests.test_spot_library.TestLegacy" name="test_catalog_still_works" time="0.083" /><testcase classname="backend.tests.test_spot_library.TestLegacy" name="test_legacy_puzzle_random_still_works" time="0.041" /><testcase classname="backend.tests.test_spot_library.TestProgress" name="test_save_and_get_progress_for_lib_puzzle" time="0.238" /><testcase classname="backend.tests.test_spot_library.TestProgress" name="test_complete_hard_lib_puzzle_grants_points" time="0.260" /><testcase classname="backend.tests.test_spot_library.TestProgress" name="test_easy_lib_completion_no_points" time="0.122" /><testcase classname="backend.tests.test_spot_library.TestStaticPhotos" name="test_static_photo_200[beach_sunset.jpg]" time="0.070" /><testcase classname="backend.tests.test_spot_library.TestStaticPhotos" name="test_static_photo_200[garden_morning.jpg]" time="0.068" /><testcase classname="backend.tests.test_spot_library.TestStaticPhotos" name="test_static_photo_200[cafe_window.jpg]" time="0.046" /><testcase classname="backend.tests.test_spot_library.TestStaticPhotos" name="test_static_photo_200[kitchen_baking.jpg]" time="0.050" /><testcase classname="backend.tests.test_spot_library.TestStaticPhotos" name="test_static_photo_200[trail_eucalypt.jpg]" time="0.056" /></testsuite></testsuites>