<?xml version="1.0" encoding="utf-8"?><testsuites name="pytest tests"><testsuite name="pytest" errors="0" failures="0" skipped="0" tests="8" time="7.167" timestamp="2026-07-20T12:56:57.605047+00:00" hostname="agent-env-d75e56bd-d5fc-45f3-93ee-d88994102c49"><testcase classname="backend.tests.test_iter75_george_speak.TestGeorgeSpeak" name="test_speak_default_voice" time="1.981" /><testcase classname="backend.tests.test_iter75_george_speak.TestGeorgeSpeak" name="test_speak_voice_george" time="2.131" /><testcase classname="backend.tests.test_iter75_george_speak.TestGeorgeSpeak" name="test_speak_voice_georgia" time="2.074" /><testcase classname="backend.tests.test_iter75_george_speak.TestGeorgeSpeak" name="test_speak_empty_text_returns_422" time="0.157" /><testcase classname="backend.tests.test_iter75_george_speak.TestGeorgeSpeak" name="test_speak_missing_body_returns_422_body_level" time="0.401" /><testcase classname="backend.tests.test_iter75_george_speak.TestGeorgeSpeak" name="test_speak_unauthorised_401" time="0.128" /><testcase classname="backend.tests.test_iter75_george_speak.TestGeorgeTranscribeRegression" name="test_transcribe_requires_auth" time="0.129" /><testcase classname="backend.tests.test_iter75_george_speak.TestGeorgeTranscribeRegression" name="test_transcribe_empty_multipart_400" time="0.094" /></testsuite></testsuites>