<?xml version="1.0" encoding="utf-8"?><testsuites name="pytest tests"><testsuite name="pytest" errors="0" failures="0" skipped="0" tests="15" time="33.447" timestamp="2026-07-19T04:15:59.644269+00:00" hostname="agent-env-d75e56bd-d5fc-45f3-93ee-d88994102c49"><testcase classname="backend.tests.mcgs.test_phase1_e2e" name="test_01_login_returns_bearer" time="0.484" /><testcase classname="backend.tests.mcgs.test_phase1_e2e" name="test_02_counts_nonzero" time="0.460" /><testcase classname="backend.tests.mcgs.test_phase1_e2e" name="test_03_signals_priority_sort_and_george_read" time="0.148" /><testcase classname="backend.tests.mcgs.test_phase1_e2e" name="test_04_cases_grouped_and_sorted" time="0.161" /><testcase classname="backend.tests.mcgs.test_phase1_e2e" name="test_05_signal_state_transitions" time="0.340" /><testcase classname="backend.tests.mcgs.test_phase1_e2e" name="test_06_case_resolve_cascades" time="0.347" /><testcase classname="backend.tests.mcgs.test_phase1_e2e" name="test_07_ticket_creates_signal" time="1.973" /><testcase classname="backend.tests.mcgs.test_phase1_e2e" name="test_08_sse_stream_hello_and_signal_created" time="3.505" /><testcase classname="backend.tests.mcgs.test_phase1_e2e" name="test_09_george_chat_grounded_count" time="7.643" /><testcase classname="backend.tests.mcgs.test_phase1_e2e" name="test_10_george_no_belonging_score" time="4.510" /><testcase classname="backend.tests.mcgs.test_phase1_e2e" name="test_11_prompt_injection_spotcheck" time="3.804" /><testcase classname="backend.tests.mcgs.test_phase1_e2e" name="test_12_proposal_ticket_reply_action_preview" time="5.604" /><testcase classname="backend.tests.mcgs.test_phase1_e2e" name="test_13_action_ticket_reply_requires_confirmation" time="0.119" /><testcase classname="backend.tests.mcgs.test_phase1_e2e" name="test_14_voice_speak_mp3" time="1.054" /><testcase classname="backend.tests.mcgs.test_phase1_e2e" name="test_15_voice_transcribe" time="3.204" /></testsuite></testsuites>