<?xml version="1.0" encoding="utf-8"?><testsuites name="pytest tests"><testsuite name="pytest" errors="0" failures="0" skipped="0" tests="17" time="4.204" timestamp="2026-07-15T11:19:31.087612+00:00" hostname="agent-env-d75e56bd-d5fc-45f3-93ee-d88994102c49"><testcase classname="backend.tests.test_iter61_siwa_rotation.TestAppleSIWAEndpoint" name="test_apple_endpoint_exists_empty_token_400" time="0.235" /><testcase classname="backend.tests.test_iter61_siwa_rotation.TestAppleSIWAEndpoint" name="test_apple_endpoint_malformed_token_401_not_500" time="0.047" /><testcase classname="backend.tests.test_iter61_siwa_rotation.TestAppleSIWAEndpoint" name="test_apple_wrong_audience_rejected_401" time="0.398" /><testcase classname="backend.tests.test_iter61_siwa_rotation.TestAppleSIWAEndpoint" name="test_apple_correct_aud_wrong_signature_still_rejected" time="0.192" /><testcase classname="backend.tests.test_iter61_siwa_rotation.TestAppleSIWAEndpoint" name="test_apple_web_audience_also_accepted_by_whitelist" time="0.179" /><testcase classname="backend.tests.test_iter61_siwa_rotation.TestAppleSIWAEndpoint" name="test_siwa_client_secret_helper_signs_es256_with_new_kid" time="1.131" /><testcase classname="backend.tests.test_iter61_siwa_rotation.TestRegressionSweep" name="test_health_200" time="0.056" /><testcase classname="backend.tests.test_iter61_siwa_rotation.TestRegressionSweep" name="test_root_200" time="0.044" /><testcase classname="backend.tests.test_iter61_siwa_rotation.TestRegressionSweep" name="test_founders_status_public" time="0.045" /><testcase classname="backend.tests.test_iter61_siwa_rotation.TestRegressionSweep" name="test_public_content_bulk" time="0.048" /><testcase classname="backend.tests.test_iter61_siwa_rotation.TestRegressionSweep" name="test_public_founders_count" time="0.046" /><testcase classname="backend.tests.test_iter61_siwa_rotation.TestRegressionSweep" name="test_login_realtest1_returns_jwt_and_user" time="0.292" /><testcase classname="backend.tests.test_iter61_siwa_rotation.TestRegressionSweep" name="test_auth_me_with_bearer" time="0.044" /><testcase classname="backend.tests.test_iter61_siwa_rotation.TestRegressionSweep" name="test_get_user_by_id_with_bearer" time="0.044" /><testcase classname="backend.tests.test_iter61_siwa_rotation.TestRegressionSweep" name="test_logout_endpoint_not_provided" time="0.046" /><testcase classname="backend.tests.test_iter61_siwa_rotation.TestPublicContactRateLimiter" name="test_public_contact_does_not_crash" time="0.271" /><testcase classname="backend.tests.test_iter61_siwa_rotation.TestPublicContactRateLimiter" name="test_public_contact_xff_header_variants" time="0.969" /></testsuite></testsuites>