<?xml version="1.0" encoding="utf-8"?><testsuites name="pytest tests"><testsuite name="pytest" errors="0" failures="0" skipped="0" tests="10" time="1.949" timestamp="2026-06-15T07:41:43.950783+00:00" hostname="agent-env-d75e56bd-d5fc-45f3-93ee-d88994102c49"><testcase classname="backend.tests.test_lounge_prune.TestMigration" name="test_get_tables_returns_200_and_strips_objectid" time="0.116" /><testcase classname="backend.tests.test_lounge_prune.TestMigration" name="test_seed_tables_present_and_persistent" time="0.044" /><testcase classname="backend.tests.test_lounge_prune.TestMigration" name="test_no_test_table_rows_remain" time="0.046" /><testcase classname="backend.tests.test_lounge_prune.TestSortOrder" name="test_tables_sorted_by_last_activity_desc" time="0.042" /><testcase classname="backend.tests.test_lounge_prune.TestSortOrder" name="test_new_table_appears_at_top" time="0.134" /><testcase classname="backend.tests.test_lounge_prune.TestJoinBumpsActivity" name="test_join_updates_last_activity" time="1.228" /><testcase classname="backend.tests.test_lounge_prune.TestPrune" name="test_stale_nonpersistent_table_is_pruned" time="0.046" /><testcase classname="backend.tests.test_lounge_prune.TestPrune" name="test_stale_persistent_table_survives" time="0.043" /><testcase classname="backend.tests.test_lounge_prune.TestPrune" name="test_recent_nonpersistent_table_survives" time="0.043" /><testcase classname="backend.tests.test_lounge_prune.TestTableModelFields" name="test_created_table_has_last_activity_and_persistent_false" time="0.041" /></testsuite></testsuites>