<?xml version="1.0" encoding="utf-8"?><testsuites name="pytest tests"><testsuite name="pytest" errors="0" failures="0" skipped="0" tests="15" time="0.322" timestamp="2026-07-22T12:35:44.543842+00:00" hostname="agent-env-d75e56bd-d5fc-45f3-93ee-d88994102c49"><testcase classname="backend.tests.test_iter88_stt_bulletproofing_v2.TestBuildPinsUnchanged" name="test_version_and_build_number" time="0.000" /><testcase classname="backend.tests.test_iter88_stt_bulletproofing_v2.TestBug16V2Bulletproofing" name="test_change_1_150ms_warmup_between_prepare_and_record" time="0.001" /><testcase classname="backend.tests.test_iter88_stt_bulletproofing_v2.TestBug16V2Bulletproofing" name="test_change_2_isrecording_guard_after_record" time="0.000" /><testcase classname="backend.tests.test_iter88_stt_bulletproofing_v2.TestBug16V2Bulletproofing" name="test_change_3_friendly_error_copy_on_catch" time="0.000" /><testcase classname="backend.tests.test_iter88_stt_bulletproofing_v2.TestBug16V2Bulletproofing" name="test_setaudiomode_precedes_prepare" time="0.000" /><testcase classname="backend.tests.test_iter88_stt_bulletproofing_v2.TestBug15V2GeorgeVoiceConsistency" name="test_george_speak_button_imported" time="0.000" /><testcase classname="backend.tests.test_iter88_stt_bulletproofing_v2.TestBug15V2GeorgeVoiceConsistency" name="test_george_speak_button_actually_rendered" time="0.000" /><testcase classname="backend.tests.test_iter88_stt_bulletproofing_v2.TestBug15V2GeorgeVoiceConsistency" name="test_no_device_tts_speak_button_import" time="0.000" /><testcase classname="backend.tests.test_iter88_stt_bulletproofing_v2.TestBug15V2GeorgeVoiceConsistency" name="test_no_device_tts_speak_button_jsx" time="0.000" /><testcase classname="backend.tests.test_iter88_stt_bulletproofing_v2.TestNonGeorgeSurfacesStayOnDeviceTTS" name="test_surface_uses_device_speakbutton_not_george[app/dm/[id].tsx]" time="0.000" /><testcase classname="backend.tests.test_iter88_stt_bulletproofing_v2.TestNonGeorgeSurfacesStayOnDeviceTTS" name="test_surface_uses_device_speakbutton_not_george[app/recipes/[id].tsx]" time="0.000" /><testcase classname="backend.tests.test_iter88_stt_bulletproofing_v2.TestNonGeorgeSurfacesStayOnDeviceTTS" name="test_surface_uses_device_speakbutton_not_george[app/notices.tsx]" time="0.000" /><testcase classname="backend.tests.test_iter88_stt_bulletproofing_v2.TestNonGeorgeSurfacesStayOnDeviceTTS" name="test_surface_uses_device_speakbutton_not_george[app/(tabs)/home.tsx]" time="0.000" /><testcase classname="backend.tests.test_iter88_stt_bulletproofing_v2.TestVoiceTranscribeEndpoint" name="test_empty_post_returns_422" time="0.152" /><testcase classname="backend.tests.test_iter88_stt_bulletproofing_v2.TestVoiceTranscribeEndpoint" name="test_endpoint_reachable_not_404_or_5xx" time="0.091" /></testsuite></testsuites>