<?xml version="1.0" encoding="utf-8"?><testsuites name="pytest tests"><testsuite name="pytest" errors="0" failures="0" skipped="0" tests="27" time="5.934" timestamp="2026-07-15T13:04:39.303666+00:00" hostname="agent-env-d75e56bd-d5fc-45f3-93ee-d88994102c49"><testcase classname="backend.tests.test_iter63_dm_archive_hide.TestRegression" name="test_17_health" time="0.288" /><testcase classname="backend.tests.test_iter63_dm_archive_hide.TestRegression" name="test_18_conversations_default_schema" time="0.753" /><testcase classname="backend.tests.test_iter63_dm_archive_hide.TestRegression" name="test_19_mark_read_still_works" time="0.066" /><testcase classname="backend.tests.test_iter63_dm_archive_hide.TestGuards" name="test_01_archive_no_bearer_401" time="0.050" /><testcase classname="backend.tests.test_iter63_dm_archive_hide.TestGuards" name="test_02_archive_non_participant_403" time="0.339" /><testcase classname="backend.tests.test_iter63_dm_archive_hide.TestGuards" name="test_03_archive_invalid_conv_404" time="0.055" /><testcase classname="backend.tests.test_iter63_dm_archive_hide.TestGuards" name="test_04_unarchive_hide_unhide_401[unarchive]" time="0.050" /><testcase classname="backend.tests.test_iter63_dm_archive_hide.TestGuards" name="test_04_unarchive_hide_unhide_401[hide]" time="0.062" /><testcase classname="backend.tests.test_iter63_dm_archive_hide.TestGuards" name="test_04_unarchive_hide_unhide_401[unhide]" time="0.053" /><testcase classname="backend.tests.test_iter63_dm_archive_hide.TestGuards" name="test_04_unarchive_hide_unhide_403[unarchive]" time="0.050" /><testcase classname="backend.tests.test_iter63_dm_archive_hide.TestGuards" name="test_04_unarchive_hide_unhide_403[hide]" time="0.051" /><testcase classname="backend.tests.test_iter63_dm_archive_hide.TestGuards" name="test_04_unarchive_hide_unhide_403[unhide]" time="0.049" /><testcase classname="backend.tests.test_iter63_dm_archive_hide.TestGuards" name="test_04_unarchive_hide_unhide_404[unarchive]" time="0.052" /><testcase classname="backend.tests.test_iter63_dm_archive_hide.TestGuards" name="test_04_unarchive_hide_unhide_404[hide]" time="0.065" /><testcase classname="backend.tests.test_iter63_dm_archive_hide.TestGuards" name="test_04_unarchive_hide_unhide_404[unhide]" time="0.051" /><testcase classname="backend.tests.test_iter63_dm_archive_hide.TestGuards" name="test_05_archived_count_other_user_403" time="0.053" /><testcase classname="backend.tests.test_iter63_dm_archive_hide.TestArchiveLifecycle" name="test_06_initial_state" time="0.159" /><testcase classname="backend.tests.test_iter63_dm_archive_hide.TestArchiveLifecycle" name="test_07_archive_moves_to_archived" time="0.206" /><testcase classname="backend.tests.test_iter63_dm_archive_hide.TestArchiveLifecycle" name="test_08_peer_view_unaffected" time="0.161" /><testcase classname="backend.tests.test_iter63_dm_archive_hide.TestArchiveLifecycle" name="test_09_unarchive_restores" time="0.225" /><testcase classname="backend.tests.test_iter63_dm_archive_hide.TestArchiveLifecycle" name="test_10_new_message_auto_unarchives" time="0.654" /><testcase classname="backend.tests.test_iter63_dm_archive_hide.TestHideLifecycle" name="test_11_hide_removes_from_all_filters" time="0.258" /><testcase classname="backend.tests.test_iter63_dm_archive_hide.TestHideLifecycle" name="test_12_hide_peer_unaffected" time="0.052" /><testcase classname="backend.tests.test_iter63_dm_archive_hide.TestHideLifecycle" name="test_13_unhide_restores" time="0.100" /><testcase classname="backend.tests.test_iter63_dm_archive_hide.TestHideLifecycle" name="test_14_new_message_auto_unhides" time="0.654" /><testcase classname="backend.tests.test_iter63_dm_archive_hide.TestUnreadBadgeAccuracy" name="test_15_unread_total_excludes_hidden" time="0.704" /><testcase classname="backend.tests.test_iter63_dm_archive_hide.TestUnreadBadgeAccuracy" name="test_16_unread_total_includes_archived" time="0.498" /></testsuite></testsuites>