<?xml version="1.0" encoding="utf-8"?><testsuites name="pytest tests"><testsuite name="pytest" errors="0" failures="0" skipped="0" tests="3" time="7.896" timestamp="2026-08-02T07:29:44.132505+00:00" hostname="agent-env-6f7dd4bc-bd26-46b3-bfec-45be9dbd910a"><testcase classname="backend.tests.test_george_onboarding_reset.TestOnboardingReset" name="test_reset_happy_path_preserves_profile" time="7.263" /><testcase classname="backend.tests.test_george_onboarding_reset.TestOnboardingReset" name="test_reset_404_when_session_missing" time="0.125" /><testcase classname="backend.tests.test_george_onboarding_reset.TestOnboardingReset" name="test_reset_403_when_not_owner" time="0.368" /></testsuite></testsuites>