<?xml version="1.0" encoding="utf-8"?><testsuites name="pytest tests"><testsuite name="pytest" errors="0" failures="3" skipped="0" tests="40" time="7.844" timestamp="2026-07-30T02:15:05.846644+00:00" hostname="agent-env-6f7dd4bc-bd26-46b3-bfec-45be9dbd910a"><testcase classname="backend.tests.test_flyer_v2_deliverables" name="test_png_deliverable_served_and_dimensions[a4-founding]" time="0.289" /><testcase classname="backend.tests.test_flyer_v2_deliverables" name="test_png_deliverable_served_and_dimensions[a4-download]" time="0.142" /><testcase classname="backend.tests.test_flyer_v2_deliverables" name="test_png_deliverable_served_and_dimensions[a4-hires-founding]" time="0.169" /><testcase classname="backend.tests.test_flyer_v2_deliverables" name="test_png_deliverable_served_and_dimensions[a4-hires-download]" time="0.181" /><testcase classname="backend.tests.test_flyer_v2_deliverables" name="test_png_deliverable_served_and_dimensions[a3-hires-founding]" time="0.187" /><testcase classname="backend.tests.test_flyer_v2_deliverables" name="test_png_deliverable_served_and_dimensions[a3-hires-download]" time="0.184" /><testcase classname="backend.tests.test_flyer_v2_deliverables" name="test_png_deliverable_served_and_dimensions[social-founding]" time="0.128" /><testcase classname="backend.tests.test_flyer_v2_deliverables" name="test_png_deliverable_served_and_dimensions[social-download]" time="0.139" /><testcase classname="backend.tests.test_flyer_v2_deliverables" name="test_png_deliverable_served_and_dimensions[thumb-founding]" time="0.138" /><testcase classname="backend.tests.test_flyer_v2_deliverables" name="test_png_deliverable_served_and_dimensions[thumb-download]" time="0.150" /><testcase classname="backend.tests.test_flyer_v2_deliverables" name="test_pdf_deliverable_served[a4-founding]" time="0.146" /><testcase classname="backend.tests.test_flyer_v2_deliverables" name="test_pdf_deliverable_served[a4-download]" time="0.190" /><testcase classname="backend.tests.test_flyer_v2_deliverables" name="test_pdf_deliverable_served[a3-founding]" time="0.168" /><testcase classname="backend.tests.test_flyer_v2_deliverables" name="test_pdf_deliverable_served[a3-download]" time="0.162" /><testcase classname="backend.tests.test_flyer_v2_deliverables" name="test_mission_line_present_in_a4_bottom[founding]" time="0.198"><failure message="AssertionError: founding-a4.png bottom 60px is essentially blank (non-white ratio=0.0000%); mission line likely clipped/missing&#10;assert 0.0 &gt; 0.002">backend/tests/test_flyer_v2_deliverables.py:130: in test_mission_line_present_in_a4_bottom
    assert ratio &gt; 0.002, (
E   AssertionError: founding-a4.png bottom 60px is essentially blank (non-white ratio=0.0000%); mission line likely clipped/missing
E   assert 0.0 &gt; 0.002</failure></testcase><testcase classname="backend.tests.test_flyer_v2_deliverables" name="test_mission_line_present_in_a4_bottom[download]" time="0.180" /><testcase classname="backend.tests.test_flyer_v2_deliverables" name="test_bottom_band_has_ink_all_variants[founding-a4.png-60-0.002]" time="0.183"><failure message="AssertionError: founding-a4.png bottom 60px is nearly blank (non-white ratio=0.0000%); footer/mission line clipped or missing&#10;assert 0.0 &gt; 0.002">backend/tests/test_flyer_v2_deliverables.py:174: in test_bottom_band_has_ink_all_variants
    assert ratio &gt; min_ratio, (
E   AssertionError: founding-a4.png bottom 60px is nearly blank (non-white ratio=0.0000%); footer/mission line clipped or missing
E   assert 0.0 &gt; 0.002</failure></testcase><testcase classname="backend.tests.test_flyer_v2_deliverables" name="test_bottom_band_has_ink_all_variants[founding-a4-hires.png-200-0.002]" time="0.262" /><testcase classname="backend.tests.test_flyer_v2_deliverables" name="test_bottom_band_has_ink_all_variants[founding-a3-hires.png-280-0.002]" time="0.406" /><testcase classname="backend.tests.test_flyer_v2_deliverables" name="test_bottom_band_has_ink_all_variants[founding-social.png-60-0.005]" time="0.144" /><testcase classname="backend.tests.test_flyer_v2_deliverables" name="test_bottom_band_has_ink_all_variants[download-a4.png-60-0.002]" time="0.189" /><testcase classname="backend.tests.test_flyer_v2_deliverables" name="test_bottom_band_has_ink_all_variants[download-a4-hires.png-200-0.002]" time="0.262" /><testcase classname="backend.tests.test_flyer_v2_deliverables" name="test_bottom_band_has_ink_all_variants[download-a3-hires.png-280-0.002]" time="0.415" /><testcase classname="backend.tests.test_flyer_v2_deliverables" name="test_bottom_band_has_ink_all_variants[download-social.png-60-0.005]" time="0.147" /><testcase classname="backend.tests.test_flyer_v2_deliverables" name="test_founding_a4_headline_present" time="0.211" /><testcase classname="backend.tests.test_flyer_v2_deliverables" name="test_founding_a4_gold_ribbon_present" time="0.210" /><testcase classname="backend.tests.test_flyer_v2_deliverables" name="test_founding_a4_navy_pill_present" time="0.171" /><testcase classname="backend.tests.test_flyer_v2_deliverables" name="test_no_butterfly_inside_gold_ribbon[founding-a4.png-470-770-710-780]" time="0.185" /><testcase classname="backend.tests.test_flyer_v2_deliverables" name="test_no_butterfly_inside_gold_ribbon[founding-social.png-390-690-460-540]" time="0.142" /><testcase classname="backend.tests.test_flyer_v2_deliverables" name="test_website_routes_regression[/meet]" time="0.120" /><testcase classname="backend.tests.test_flyer_v2_deliverables" name="test_website_routes_regression[/register-interest]" time="0.114" /><testcase classname="backend.tests.test_flyer_v2_deliverables" name="test_website_routes_regression[/admin]" time="0.118" /><testcase classname="backend.tests.test_flyer_v2_deliverables" name="test_last_ink_y_meets_target[founding-a4.png-1700]" time="0.177"><failure message="AssertionError: founding-a4.png last-ink-y=1689 &lt; target 1700 — footer/mission line is drawn too high on the canvas&#10;assert 1689 &gt;= 1700">backend/tests/test_flyer_v2_deliverables.py:335: in test_last_ink_y_meets_target
    assert last &gt;= min_last_y, (
E   AssertionError: founding-a4.png last-ink-y=1689 &lt; target 1700 — footer/mission line is drawn too high on the canvas
E   assert 1689 &gt;= 1700</failure></testcase><testcase classname="backend.tests.test_flyer_v2_deliverables" name="test_last_ink_y_meets_target[download-a4.png-1700]" time="0.175" /><testcase classname="backend.tests.test_flyer_v2_deliverables" name="test_last_ink_y_meets_target[download-a4-hires.png-3400]" time="0.246" /><testcase classname="backend.tests.test_flyer_v2_deliverables" name="test_last_ink_y_meets_target[download-a3-hires.png-4800]" time="0.387" /><testcase classname="backend.tests.test_flyer_v2_deliverables" name="test_last_ink_y_meets_target[download-social.png-1030]" time="0.175" /><testcase classname="backend.tests.test_flyer_v2_deliverables" name="test_founding_a4_ribbon_is_compact" time="0.173" /><testcase classname="backend.tests.test_flyer_v2_deliverables" name="test_founding_a4_teal_checkmarks_present" time="0.158" /><testcase classname="backend.tests.test_flyer_v2_deliverables" name="test_founding_a4_intro_navy_text_present" time="0.181" /></testsuite></testsuites>