<?xml version="1.0" encoding="utf-8"?><testsuites name="pytest tests"><testsuite name="pytest" errors="0" failures="0" skipped="0" tests="12" time="2.303" timestamp="2026-06-25T09:37:54.009050+00:00" hostname="agent-env-d75e56bd-d5fc-45f3-93ee-d88994102c49"><testcase classname="tests.test_iter43_apple_signin.TestAppleSignInNegative" name="test_empty_identity_token" time="0.184" /><testcase classname="tests.test_iter43_apple_signin.TestAppleSignInNegative" name="test_missing_identity_token_field" time="0.040" /><testcase classname="tests.test_iter43_apple_signin.TestAppleSignInNegative" name="test_malformed_token" time="0.079" /><testcase classname="tests.test_iter43_apple_signin.TestAppleSignInNegative" name="test_wrong_signature_hs256_token" time="0.418" /><testcase classname="tests.test_iter43_apple_signin.TestAppleSignInNegative" name="test_bogus_kid_rs256_token" time="0.308" /><testcase classname="tests.test_iter43_apple_signin.TestAppleSignInNegative" name="test_jwt_missing_kid" time="0.041" /><testcase classname="tests.test_iter43_apple_signin.TestAppleSignInNegative" name="test_envelope_shape_is_fastapi_detail" time="0.040" /><testcase classname="tests.test_iter43_apple_signin.TestAppleSignInNegative" name="test_jwk_endpoint_reachable_from_backend" time="0.158" /><testcase classname="tests.test_iter43_apple_signin.TestAuthRegression" name="test_demo_login_maggie" time="0.043" /><testcase classname="tests.test_iter43_apple_signin.TestAuthRegression" name="test_signup_and_login" time="0.660" /><testcase classname="tests.test_iter43_apple_signin.TestAuthRegression" name="test_google_endpoint_rejects_invalid_session" time="0.132" /><testcase classname="tests.test_iter43_apple_signin.TestAuthRegression" name="test_login_invalid_credentials" time="0.041" /></testsuite></testsuites>