<?xml version="1.0" encoding="utf-8"?><testsuites name="pytest tests"><testsuite name="pytest" errors="0" failures="1" skipped="0" tests="32" time="4.916" timestamp="2026-07-15T08:07:04.439000+00:00" hostname="agent-env-d75e56bd-d5fc-45f3-93ee-d88994102c49"><testcase classname="backend.tests.test_iter58_friendplace_public_admin.TestPublicContent" name="test_content_returns_all_documented_keys" time="0.130" /><testcase classname="backend.tests.test_iter58_friendplace_public_admin.TestPublicContent" name="test_content_seed_is_idempotent" time="0.096" /><testcase classname="backend.tests.test_iter58_friendplace_public_admin.TestPublicContent" name="test_content_cors_for_friendplace_origin" time="0.199" /><testcase classname="backend.tests.test_iter58_friendplace_public_admin.TestFoundersCount" name="test_founders_count_matches_db" time="0.049" /><testcase classname="backend.tests.test_iter58_friendplace_public_admin.TestContactSubmission" name="test_valid_submission_persists" time="0.305" /><testcase classname="backend.tests.test_iter58_friendplace_public_admin.TestContactSubmission" name="test_missing_message_rejected" time="0.044" /><testcase classname="backend.tests.test_iter58_friendplace_public_admin.TestContactSubmission" name="test_invalid_email_rejected" time="0.043" /><testcase classname="backend.tests.test_iter58_friendplace_public_admin.TestContactSubmission" name="test_rate_limit_returns_429_on_sixth" time="1.325"><failure message="AssertionError: expected 429, got 200: {&quot;ok&quot;:true,&quot;id&quot;:&quot;4fb9f622-f365-41d9-b8e1-209518dd2e1b&quot;}. Backend recorded these client IPs across the 6 probes: ['10.227.37.2', '10.227.37.5', '10.227.37.5', '10.227.37.2', '10.227.37.5', '10.227.37.2'] (distinct=['10.227.37.2', '10.227.37.5']). If more than one distinct IP is listed, the rate limiter is broken behind the k8s ingress — the endpoint uses request.client.host which is the ingress pod IP and rotates across replicas. Fix: derive client IP from the X-Forwarded-For header instead.&#10;assert 200 == 429&#10; +  where 200 = &lt;Response [200]&gt;.status_code">E   AssertionError: expected 429, got 200: {"ok":true,"id":"4fb9f622-f365-41d9-b8e1-209518dd2e1b"}. Backend recorded these client IPs across the 6 probes: ['10.227.37.2', '10.227.37.5', '10.227.37.5', '10.227.37.2', '10.227.37.5', '10.227.37.2'] (distinct=['10.227.37.2', '10.227.37.5']). If more than one distinct IP is listed, the rate limiter is broken behind the k8s ingress — the endpoint uses request.client.host which is the ingress pod IP and rotates across replicas. Fix: derive client IP from the X-Forwarded-For header instead.
    assert 200 == 429
     +  where 200 = &lt;Response [200]&gt;.status_code</failure></testcase><testcase classname="backend.tests.test_iter58_friendplace_public_admin.TestAdminAuthGuard" name="test_invalid_uuid_forbidden[/api/admin/analytics/summary]" time="0.048" /><testcase classname="backend.tests.test_iter58_friendplace_public_admin.TestAdminAuthGuard" name="test_invalid_uuid_forbidden[/api/admin/analytics/growth]" time="0.047" /><testcase classname="backend.tests.test_iter58_friendplace_public_admin.TestAdminAuthGuard" name="test_invalid_uuid_forbidden[/api/admin/analytics/engagement]" time="0.045" /><testcase classname="backend.tests.test_iter58_friendplace_public_admin.TestAdminAuthGuard" name="test_invalid_uuid_forbidden[/api/admin/contact-submissions]" time="0.043" /><testcase classname="backend.tests.test_iter58_friendplace_public_admin.TestAdminAuthGuard" name="test_non_admin_forbidden[/api/admin/analytics/summary]" time="0.046" /><testcase classname="backend.tests.test_iter58_friendplace_public_admin.TestAdminAuthGuard" name="test_non_admin_forbidden[/api/admin/analytics/growth]" time="0.045" /><testcase classname="backend.tests.test_iter58_friendplace_public_admin.TestAdminAuthGuard" name="test_non_admin_forbidden[/api/admin/analytics/engagement]" time="0.042" /><testcase classname="backend.tests.test_iter58_friendplace_public_admin.TestAdminAuthGuard" name="test_non_admin_forbidden[/api/admin/contact-submissions]" time="0.099" /><testcase classname="backend.tests.test_iter58_friendplace_public_admin.TestAdminAuthGuard" name="test_admin_id_accepted[/api/admin/analytics/summary]" time="0.047" /><testcase classname="backend.tests.test_iter58_friendplace_public_admin.TestAdminAuthGuard" name="test_admin_id_accepted[/api/admin/analytics/growth]" time="0.045" /><testcase classname="backend.tests.test_iter58_friendplace_public_admin.TestAdminAuthGuard" name="test_admin_id_accepted[/api/admin/analytics/engagement]" time="0.049" /><testcase classname="backend.tests.test_iter58_friendplace_public_admin.TestAdminAuthGuard" name="test_admin_id_accepted[/api/admin/contact-submissions]" time="0.045" /><testcase classname="backend.tests.test_iter58_friendplace_public_admin.TestAnalyticsData" name="test_summary_returns_integer_keys" time="0.047" /><testcase classname="backend.tests.test_iter58_friendplace_public_admin.TestAnalyticsData" name="test_growth_series_zero_filled" time="0.044" /><testcase classname="backend.tests.test_iter58_friendplace_public_admin.TestAnalyticsData" name="test_engagement_dau_le_wau_le_mau" time="0.046" /><testcase classname="backend.tests.test_iter58_friendplace_public_admin.TestAdminContactSubmissions" name="test_full_lifecycle" time="0.371" /><testcase classname="backend.tests.test_iter58_friendplace_public_admin.TestAdminContactSubmissions" name="test_patch_invalid_status_rejected" time="0.279" /><testcase classname="backend.tests.test_iter58_friendplace_public_admin.TestAdminContactSubmissions" name="test_patch_nonexistent_id_returns_404" time="0.046" /><testcase classname="backend.tests.test_iter58_friendplace_public_admin.TestAdminContactSubmissions" name="test_patch_admin_auth_still_enforced" time="0.246" /><testcase classname="backend.tests.test_iter58_friendplace_public_admin.TestRegression" name="test_root_still_ok" time="0.042" /><testcase classname="backend.tests.test_iter58_friendplace_public_admin.TestRegression" name="test_health_still_ok" time="0.043" /><testcase classname="backend.tests.test_iter58_friendplace_public_admin.TestRegression" name="test_get_user_by_id_still_requires_auth" time="0.044" /><testcase classname="backend.tests.test_iter58_friendplace_public_admin.TestRegression" name="test_invite_flyer_still_serves" time="0.425" /><testcase classname="backend.tests.test_iter58_friendplace_public_admin.TestRegression" name="test_signup_still_works" time="0.335" /></testsuite></testsuites>