<?xml version="1.0" encoding="utf-8"?><testsuites name="pytest tests"><testsuite name="pytest" errors="0" failures="0" skipped="0" tests="29" time="4.774" timestamp="2026-07-30T02:52:12.441770+00:00" hostname="agent-env-6f7dd4bc-bd26-46b3-bfec-45be9dbd910a"><testcase classname="tests.test_slice0_audit.TestAuditLogAuth" name="test_admin_log_requires_auth" time="0.145" /><testcase classname="tests.test_slice0_audit.TestAuditLogAuth" name="test_admin_log_actions_requires_auth" time="0.050" /><testcase classname="tests.test_slice0_audit.TestAuditLogRead" name="test_admin_log_shape" time="0.637" /><testcase classname="tests.test_slice0_audit.TestAuditLogRead" name="test_actions_catalogue" time="0.051" /><testcase classname="tests.test_slice0_audit.TestAuditLogRoundTrip" name="test_helper_write_reads_back" time="0.142" /><testcase classname="tests.test_slice0_audit.TestFrontendRoutes" name="test_new_placeholder_route_200[/admin/bridge]" time="0.175" /><testcase classname="tests.test_slice0_audit.TestFrontendRoutes" name="test_new_placeholder_route_200[/admin/audit-log]" time="0.151" /><testcase classname="tests.test_slice0_audit.TestFrontendRoutes" name="test_new_placeholder_route_200[/admin/members]" time="0.156" /><testcase classname="tests.test_slice0_audit.TestFrontendRoutes" name="test_new_placeholder_route_200[/admin/reports]" time="0.157" /><testcase classname="tests.test_slice0_audit.TestFrontendRoutes" name="test_new_placeholder_route_200[/admin/support]" time="0.147" /><testcase classname="tests.test_slice0_audit.TestFrontendRoutes" name="test_new_placeholder_route_200[/admin/groups/pending]" time="0.149" /><testcase classname="tests.test_slice0_audit.TestFrontendRoutes" name="test_new_placeholder_route_200[/admin/announcements]" time="0.158" /><testcase classname="tests.test_slice0_audit.TestFrontendRoutes" name="test_new_placeholder_route_200[/admin/admins]" time="0.158" /><testcase classname="tests.test_slice0_audit.TestFrontendRoutes" name="test_new_placeholder_route_200[/admin/settings]" time="0.150" /><testcase classname="tests.test_slice0_audit.TestFrontendRoutes" name="test_new_placeholder_route_200[/admin/analytics]" time="0.145" /><testcase classname="tests.test_slice0_audit.TestFrontendRoutes" name="test_existing_admin_route_200[/admin/home]" time="0.159" /><testcase classname="tests.test_slice0_audit.TestFrontendRoutes" name="test_existing_admin_route_200[/admin/about]" time="0.191" /><testcase classname="tests.test_slice0_audit.TestFrontendRoutes" name="test_existing_admin_route_200[/admin/faqs]" time="0.149" /><testcase classname="tests.test_slice0_audit.TestFrontendRoutes" name="test_existing_admin_route_200[/admin/media]" time="0.151" /><testcase classname="tests.test_slice0_audit.TestFrontendRoutes" name="test_existing_admin_route_200[/admin/success-stories]" time="0.148" /><testcase classname="tests.test_slice0_audit.TestFrontendRoutes" name="test_existing_admin_route_200[/admin/founding-members]" time="0.147" /><testcase classname="tests.test_slice0_audit.TestFrontendRoutes" name="test_existing_admin_route_200[/admin/events]" time="0.163" /><testcase classname="tests.test_slice0_audit.TestFrontendRoutes" name="test_existing_admin_route_200[/admin/event-submissions]" time="0.181" /><testcase classname="tests.test_slice0_audit.TestFrontendRoutes" name="test_existing_admin_route_200[/admin/dashboard]" time="0.166" /><testcase classname="tests.test_slice0_audit.TestFrontendRoutes" name="test_existing_admin_route_200[/admin/george]" time="0.144" /><testcase classname="tests.test_slice0_audit.TestFrontendRoutes" name="test_public_route_200[/meet]" time="0.143" /><testcase classname="tests.test_slice0_audit.TestFrontendRoutes" name="test_public_route_200[/register-interest]" time="0.134" /><testcase classname="tests.test_slice0_audit.TestFrontendRoutes" name="test_public_route_200[/]" time="0.097" /><testcase classname="tests.test_slice0_audit.TestFrontendRoutes" name="test_public_route_200[/flyer-mockups/founding-a4.png]" time="0.154" /></testsuite></testsuites>