<?xml version="1.0" encoding="utf-8"?><testsuites name="pytest tests"><testsuite name="pytest" errors="45" failures="160" skipped="2" tests="641" time="99.614" timestamp="2026-07-15T10:15:03.396610+00:00" hostname="agent-env-d75e56bd-d5fc-45f3-93ee-d88994102c49"><testcase classname="tests.test_bingo.TestCatalog" name="test_catalog_has_four_difficulties_with_meta" time="0.229" /><testcase classname="tests.test_bingo.TestDaily" name="test_daily_is_moderate_with_15pts" time="0.055" /><testcase classname="tests.test_bingo.TestCommunityEvents" name="test_at_least_three_events_with_seeded_fields" time="0.057" /><testcase classname="tests.test_bingo.TestSessionStart" name="test_start_shapes[easy-4-4-1-False]" time="0.262" /><testcase classname="tests.test_bingo.TestSessionStart" name="test_start_shapes[moderate-5-5-1-True]" time="0.048" /><testcase classname="tests.test_bingo.TestSessionStart" name="test_start_shapes[hard-5-5-1-True]" time="0.048" /><testcase classname="tests.test_bingo.TestSessionStart" name="test_start_shapes[nightmare-5-5-2-True]" time="0.048" /><testcase classname="tests.test_bingo.TestUpdate" name="test_update_call_index_and_marked" time="0.241" /><testcase classname="tests.test_bingo.TestComplete" name="test_complete_rejects_when_no_pattern" time="0.098" /><testcase classname="tests.test_bingo.TestComplete" name="test_complete_awards_points_for_each_difficulty[easy-5]" time="0.166" /><testcase classname="tests.test_bingo.TestComplete" name="test_complete_awards_points_for_each_difficulty[moderate-10]" time="0.148" /><testcase classname="tests.test_bingo.TestComplete" name="test_complete_awards_points_for_each_difficulty[hard-20]" time="0.158" /><testcase classname="tests.test_bingo.TestComplete" name="test_complete_awards_points_for_each_difficulty[nightmare-35]" time="0.151" /><testcase classname="tests.test_bingo.TestComplete" name="test_hard_completion_grants_hard_achievement_not_expert" time="0.157" /><testcase classname="tests.test_bingo.TestComplete" name="test_nightmare_completion_no_expert_regression" time="0.153" /><testcase classname="tests.test_bingo.TestCommunityFlow" name="test_event_start_uses_seeded_sequence_and_leaderboard_lists_winner" time="0.262" /><testcase classname="tests.test_demo_login_guard" name="test_demo_login_active_user_returns_200" time="0.135" /><testcase classname="tests.test_demo_login_guard" name="test_demo_login_blocked_when_suspended_then_restored" time="0.143"><failure message="AssertionError: {&quot;detail&quot;:&quot;Not authenticated&quot;}&#10;assert 401 == 200&#10; +  where 401 = &lt;Response [401]&gt;.status_code">E   AssertionError: {"detail":"Not authenticated"}
    assert 401 == 200
     +  where 401 = &lt;Response [401]&gt;.status_code</failure></testcase><testcase classname="tests.test_demo_login_guard" name="test_demo_login_blocked_when_banned_then_restored" time="0.088"><failure message="AssertionError: {&quot;detail&quot;:&quot;Not authenticated&quot;}&#10;assert 401 == 200&#10; +  where 401 = &lt;Response [401]&gt;.status_code">E   AssertionError: {"detail":"Not authenticated"}
    assert 401 == 200
     +  where 401 = &lt;Response [401]&gt;.status_code</failure></testcase><testcase classname="tests.test_google_oauth.TestGoogleAuthEndpoint" name="test_missing_session_id_returns_400" time="0.093" /><testcase classname="tests.test_google_oauth.TestGoogleAuthEndpoint" name="test_whitespace_session_id_returns_400" time="0.042" /><testcase classname="tests.test_google_oauth.TestGoogleAuthEndpoint" name="test_absent_session_id_field_returns_422" time="0.043" /><testcase classname="tests.test_google_oauth.TestGoogleAuthEndpoint" name="test_invalid_random_session_id_returns_401" time="0.171" /><testcase classname="tests.test_google_oauth.TestGoogleAuthEndpoint" name="test_referrer_id_null_accepted" time="0.108" /><testcase classname="tests.test_google_oauth.TestGoogleAuthEndpoint" name="test_referrer_id_absent_accepted" time="0.108" /><testcase classname="tests.test_google_oauth.TestExistingAuthRegression" name="test_demo_login_maggie" time="0.046" /><testcase classname="tests.test_google_oauth.TestExistingAuthRegression" name="test_demo_login_frankie" time="0.044" /><testcase classname="tests.test_google_oauth.TestExistingAuthRegression" name="test_login_real_account" time="0.305" /><testcase classname="tests.test_google_oauth.TestExistingAuthRegression" name="test_signup_new_user_then_me" time="0.330" /><testcase classname="tests.test_google_oauth.TestExistingAuthRegression" name="test_forgot_then_reset_password_cycle" time="0.564"><failure message="AssertionError: expected dev_code in forgot-password response, got {'message': 'If that account exists, a reset code was generated. Check your email.'}&#10;assert None">E   AssertionError: expected dev_code in forgot-password response, got {'message': 'If that account exists, a reset code was generated. Check your email.'}
    assert None</failure></testcase><testcase classname="tests.test_google_oauth.TestOAuthOnlyAccountCannotPasswordLogin" name="test_password_hash_empty_rejected" time="0.188" /><testcase classname="tests.test_google_oauth.TestAdminEndpointsSmoke" name="test_admin_summary" time="0.086"><failure message="AssertionError: {&quot;detail&quot;:&quot;Not authenticated&quot;}&#10;assert 401 == 200&#10; +  where 401 = &lt;Response [401]&gt;.status_code">E   AssertionError: {"detail":"Not authenticated"}
    assert 401 == 200
     +  where 401 = &lt;Response [401]&gt;.status_code</failure></testcase><testcase classname="tests.test_google_oauth.TestAdminEndpointsSmoke" name="test_admin_reports" time="0.042"><failure message="AssertionError: {&quot;detail&quot;:&quot;Not authenticated&quot;}&#10;assert 401 == 200&#10; +  where 401 = &lt;Response [401]&gt;.status_code">E   AssertionError: {"detail":"Not authenticated"}
    assert 401 == 200
     +  where 401 = &lt;Response [401]&gt;.status_code</failure></testcase><testcase classname="tests.test_google_oauth.TestAdminEndpointsSmoke" name="test_admin_user_moderation_snapshot" time="0.085"><failure message="AssertionError: {&quot;detail&quot;:&quot;Not authenticated&quot;}&#10;assert 401 == 200&#10; +  where 401 = &lt;Response [401]&gt;.status_code">E   AssertionError: {"detail":"Not authenticated"}
    assert 401 == 200
     +  where 401 = &lt;Response [401]&gt;.status_code</failure></testcase><testcase classname="tests.test_invite_flyer.TestInviteAttribution" name="test_signup_with_valid_referrer_sets_invited_by" time="0.502"><failure message="assert 401 == 200&#10; +  where 401 = &lt;Response [401]&gt;.status_code">E   assert 401 == 200
     +  where 401 = &lt;Response [401]&gt;.status_code</failure></testcase><testcase classname="tests.test_invite_flyer.TestInviteAttribution" name="test_invite_stats_count_and_recent" time="0.339" /><testcase classname="tests.test_invite_flyer.TestInviteAttribution" name="test_inviter_received_invite_accepted_notification" time="0.357" /><testcase classname="tests.test_invite_flyer.TestInviteAttribution" name="test_signup_with_unknown_referrer_drops_silently" time="0.339" /><testcase classname="tests.test_invite_flyer.TestInviteAttribution" name="test_self_referral_dropped" time="0.049"><failure message="assert 429 == 200&#10; +  where 429 = &lt;Response [429]&gt;.status_code">E   assert 429 == 200
     +  where 429 = &lt;Response [429]&gt;.status_code</failure></testcase><testcase classname="tests.test_invite_flyer.TestInviteFlyer" name="test_flyer_returns_png_correct_dimensions" time="0.548" /><testcase classname="tests.test_invite_flyer.TestInviteFlyer" name="test_flyer_without_venue_ok" time="0.375" /><testcase classname="tests.test_invite_flyer.TestInviteFlyer" name="test_flyer_non_admin_forbidden" time="0.101" /><testcase classname="tests.test_invite_flyer.TestRegression" name="test_normal_signup_no_referrer" time="0.335" /><testcase classname="tests.test_invite_flyer.TestRegression" name="test_admin_summary_still_works" time="0.052"><failure message="AssertionError: {&quot;detail&quot;:&quot;Not authenticated&quot;}&#10;assert 401 == 200&#10; +  where 401 = &lt;Response [401]&gt;.status_code">E   AssertionError: {"detail":"Not authenticated"}
    assert 401 == 200
     +  where 401 = &lt;Response [401]&gt;.status_code</failure></testcase><testcase classname="tests.test_invite_flyer" name="test_zz_cleanup" time="0.000" /><testcase classname="tests.test_iter10_regression_sweep.TestSignup" name="test_signup_with_birthday_persists" time="0.166"><failure message="AssertionError: signup failed: 429 {&quot;detail&quot;:&quot;Too many requests — please slow down. Try again in 584s.&quot;}&#10;assert 429 == 200&#10; +  where 429 = &lt;Response [429]&gt;.status_code">E   AssertionError: signup failed: 429 {"detail":"Too many requests — please slow down. Try again in 584s."}
    assert 429 == 200
     +  where 429 = &lt;Response [429]&gt;.status_code</failure></testcase><testcase classname="tests.test_iter10_regression_sweep.TestSignup" name="test_signup_duplicate_username" time="0.043"><failure message="AssertionError: signup failed: 429 {&quot;detail&quot;:&quot;Too many requests — please slow down. Try again in 584s.&quot;}&#10;assert 429 == 200&#10; +  where 429 = &lt;Response [429]&gt;.status_code">E   AssertionError: signup failed: 429 {"detail":"Too many requests — please slow down. Try again in 584s."}
    assert 429 == 200
     +  where 429 = &lt;Response [429]&gt;.status_code</failure></testcase><testcase classname="tests.test_iter10_regression_sweep.TestSignup" name="test_signup_short_password_accepted_but_login_rejected" time="0.044" /><testcase classname="tests.test_iter10_regression_sweep.TestSignup" name="test_signup_short_username_400" time="0.042"><failure message="assert 429 == 400&#10; +  where 429 = &lt;Response [429]&gt;.status_code">E   assert 429 == 400
     +  where 429 = &lt;Response [429]&gt;.status_code</failure></testcase><testcase classname="tests.test_iter10_regression_sweep.TestLogin" name="test_login_success_and_me" time="0.593" /><testcase classname="tests.test_iter10_regression_sweep.TestLogin" name="test_login_wrong_password_400" time="0.549" /><testcase classname="tests.test_iter10_regression_sweep.TestLogin" name="test_login_lockout_after_5_fails" time="0.042"><failure message="AssertionError: signup failed: 429 {&quot;detail&quot;:&quot;Too many requests — please slow down. Try again in 596s.&quot;}&#10;assert 429 == 200&#10; +  where 429 = &lt;Response [429]&gt;.status_code">E   AssertionError: signup failed: 429 {"detail":"Too many requests — please slow down. Try again in 596s."}
    assert 429 == 200
     +  where 429 = &lt;Response [429]&gt;.status_code</failure></testcase><testcase classname="tests.test_iter10_regression_sweep.TestLogin" name="test_demo_login_forbids_password_login" time="0.047" /><testcase classname="tests.test_iter10_regression_sweep.TestDemoAccounts" name="test_demo_list_has_all_eight" time="0.046" /><testcase classname="tests.test_iter10_regression_sweep.TestDemoAccounts" name="test_demo_login_each[frankie]" time="0.046" /><testcase classname="tests.test_iter10_regression_sweep.TestDemoAccounts" name="test_demo_login_each[maggie]" time="0.044" /><testcase classname="tests.test_iter10_regression_sweep.TestDemoAccounts" name="test_demo_login_each[joycey]" time="0.043" /><testcase classname="tests.test_iter10_regression_sweep.TestDemoAccounts" name="test_demo_login_each[billdo]" time="0.044" /><testcase classname="tests.test_iter10_regression_sweep.TestForgotPassword" name="test_full_reset_flow" time="0.042"><failure message="AssertionError: signup failed: 429 {&quot;detail&quot;:&quot;Too many requests — please slow down. Try again in 583s.&quot;}&#10;assert 429 == 200&#10; +  where 429 = &lt;Response [429]&gt;.status_code">E   AssertionError: signup failed: 429 {"detail":"Too many requests — please slow down. Try again in 583s."}
    assert 429 == 200
     +  where 429 = &lt;Response [429]&gt;.status_code</failure></testcase><testcase classname="tests.test_iter10_regression_sweep.TestForgotPassword" name="test_forgot_unknown_account_no_leak" time="0.043" /><testcase classname="tests.test_iter10_regression_sweep.TestForgotPassword" name="test_forgot_rejects_demo_account" time="0.042" /><testcase classname="tests.test_iter10_regression_sweep.TestProfileEdit" name="test_profile_patch_persists" time="0.045"><failure message="AssertionError: signup failed: 429 {&quot;detail&quot;:&quot;Too many requests — please slow down. Try again in 595s.&quot;}&#10;assert 429 == 200&#10; +  where 429 = &lt;Response [429]&gt;.status_code">E   AssertionError: signup failed: 429 {"detail":"Too many requests — please slow down. Try again in 595s."}
    assert 429 == 200
     +  where 429 = &lt;Response [429]&gt;.status_code</failure></testcase><testcase classname="tests.test_iter10_regression_sweep.TestProfileEdit" name="test_privacy_patch_persists" time="0.043"><failure message="AssertionError: signup failed: 429 {&quot;detail&quot;:&quot;Too many requests — please slow down. Try again in 595s.&quot;}&#10;assert 429 == 200&#10; +  where 429 = &lt;Response [429]&gt;.status_code">E   AssertionError: signup failed: 429 {"detail":"Too many requests — please slow down. Try again in 595s."}
    assert 429 == 200
     +  where 429 = &lt;Response [429]&gt;.status_code</failure></testcase><testcase classname="tests.test_iter10_regression_sweep.TestProfileEdit" name="test_privacy_rejects_bad_value" time="0.044"><failure message="AssertionError: signup failed: 429 {&quot;detail&quot;:&quot;Too many requests — please slow down. Try again in 595s.&quot;}&#10;assert 429 == 200&#10; +  where 429 = &lt;Response [429]&gt;.status_code">E   AssertionError: signup failed: 429 {"detail":"Too many requests — please slow down. Try again in 595s."}
    assert 429 == 200
     +  where 429 = &lt;Response [429]&gt;.status_code</failure></testcase><testcase classname="tests.test_iter10_regression_sweep.TestFriendsLifecycle" name="test_send_accept_populates_both_sides" time="0.045"><failure message="AssertionError: signup failed: 429 {&quot;detail&quot;:&quot;Too many requests — please slow down. Try again in 595s.&quot;}&#10;assert 429 == 200&#10; +  where 429 = &lt;Response [429]&gt;.status_code">E   AssertionError: signup failed: 429 {"detail":"Too many requests — please slow down. Try again in 595s."}
    assert 429 == 200
     +  where 429 = &lt;Response [429]&gt;.status_code</failure></testcase><testcase classname="tests.test_iter10_regression_sweep.TestFriendsLifecycle" name="test_decline_path" time="0.042"><failure message="AssertionError: signup failed: 429 {&quot;detail&quot;:&quot;Too many requests — please slow down. Try again in 582s.&quot;}&#10;assert 429 == 200&#10; +  where 429 = &lt;Response [429]&gt;.status_code">E   AssertionError: signup failed: 429 {"detail":"Too many requests — please slow down. Try again in 582s."}
    assert 429 == 200
     +  where 429 = &lt;Response [429]&gt;.status_code</failure></testcase><testcase classname="tests.test_iter10_regression_sweep.TestFriendsLifecycle" name="test_cancel_outgoing" time="0.046"><failure message="AssertionError: signup failed: 429 {&quot;detail&quot;:&quot;Too many requests — please slow down. Try again in 582s.&quot;}&#10;assert 429 == 200&#10; +  where 429 = &lt;Response [429]&gt;.status_code">E   AssertionError: signup failed: 429 {"detail":"Too many requests — please slow down. Try again in 582s."}
    assert 429 == 200
     +  where 429 = &lt;Response [429]&gt;.status_code</failure></testcase><testcase classname="tests.test_iter10_regression_sweep.TestFriendsLifecycle" name="test_duplicate_request_400" time="0.045"><failure message="AssertionError: signup failed: 429 {&quot;detail&quot;:&quot;Too many requests — please slow down. Try again in 582s.&quot;}&#10;assert 429 == 200&#10; +  where 429 = &lt;Response [429]&gt;.status_code">E   AssertionError: signup failed: 429 {"detail":"Too many requests — please slow down. Try again in 582s."}
    assert 429 == 200
     +  where 429 = &lt;Response [429]&gt;.status_code</failure></testcase><testcase classname="tests.test_iter10_regression_sweep.TestNotificationCopySweep" name="test_flutter_uses_chat_not_company" time="0.082"><failure message="AssertionError: signup failed: 429 {&quot;detail&quot;:&quot;Too many requests — please slow down. Try again in 582s.&quot;}&#10;assert 429 == 200&#10; +  where 429 = &lt;Response [429]&gt;.status_code">E   AssertionError: signup failed: 429 {"detail":"Too many requests — please slow down. Try again in 582s."}
    assert 429 == 200
     +  where 429 = &lt;Response [429]&gt;.status_code</failure></testcase><testcase classname="tests.test_iter10_regression_sweep.TestNotificationCopySweep" name="test_unread_count_and_mark_read" time="0.044"><failure message="AssertionError: signup failed: 429 {&quot;detail&quot;:&quot;Too many requests — please slow down. Try again in 582s.&quot;}&#10;assert 429 == 200&#10; +  where 429 = &lt;Response [429]&gt;.status_code">E   AssertionError: signup failed: 429 {"detail":"Too many requests — please slow down. Try again in 582s."}
    assert 429 == 200
     +  where 429 = &lt;Response [429]&gt;.status_code</failure></testcase><testcase classname="tests.test_iter10_regression_sweep.TestNotices" name="test_create_edit_delete_own" time="0.044"><failure message="AssertionError: signup failed: 429 {&quot;detail&quot;:&quot;Too many requests — please slow down. Try again in 595s.&quot;}&#10;assert 429 == 200&#10; +  where 429 = &lt;Response [429]&gt;.status_code">E   AssertionError: signup failed: 429 {"detail":"Too many requests — please slow down. Try again in 595s."}
    assert 429 == 200
     +  where 429 = &lt;Response [429]&gt;.status_code</failure></testcase><testcase classname="tests.test_iter10_regression_sweep.TestNotices" name="test_cannot_edit_others_notice" time="0.043"><failure message="AssertionError: signup failed: 429 {&quot;detail&quot;:&quot;Too many requests — please slow down. Try again in 595s.&quot;}&#10;assert 429 == 200&#10; +  where 429 = &lt;Response [429]&gt;.status_code">E   AssertionError: signup failed: 429 {"detail":"Too many requests — please slow down. Try again in 595s."}
    assert 429 == 200
     +  where 429 = &lt;Response [429]&gt;.status_code</failure></testcase><testcase classname="tests.test_iter10_regression_sweep.TestBlockReport" name="test_block_hides_from_users_list" time="0.042"><failure message="AssertionError: signup failed: 429 {&quot;detail&quot;:&quot;Too many requests — please slow down. Try again in 582s.&quot;}&#10;assert 429 == 200&#10; +  where 429 = &lt;Response [429]&gt;.status_code">E   AssertionError: signup failed: 429 {"detail":"Too many requests — please slow down. Try again in 582s."}
    assert 429 == 200
     +  where 429 = &lt;Response [429]&gt;.status_code</failure></testcase><testcase classname="tests.test_iter10_regression_sweep.TestBlockReport" name="test_report_appears_in_admin_list" time="0.044"><failure message="AssertionError: signup failed: 429 {&quot;detail&quot;:&quot;Too many requests — please slow down. Try again in 595s.&quot;}&#10;assert 429 == 200&#10; +  where 429 = &lt;Response [429]&gt;.status_code">E   AssertionError: signup failed: 429 {"detail":"Too many requests — please slow down. Try again in 595s."}
    assert 429 == 200
     +  where 429 = &lt;Response [429]&gt;.status_code</failure></testcase><testcase classname="tests.test_iter10_regression_sweep.TestCoffeeLounge" name="test_join_and_leave_seat_count" time="0.089"><failure message="AssertionError: signup failed: 429 {&quot;detail&quot;:&quot;Too many requests — please slow down. Try again in 594s.&quot;}&#10;assert 429 == 200&#10; +  where 429 = &lt;Response [429]&gt;.status_code">E   AssertionError: signup failed: 429 {"detail":"Too many requests — please slow down. Try again in 594s."}
    assert 429 == 200
     +  where 429 = &lt;Response [429]&gt;.status_code</failure></testcase><testcase classname="tests.test_iter10_regression_sweep.TestCoffeeLounge" name="test_ws_message_and_auto_status" time="0.043"><failure message="AssertionError: signup failed: 429 {&quot;detail&quot;:&quot;Too many requests — please slow down. Try again in 582s.&quot;}&#10;assert 429 == 200&#10; +  where 429 = &lt;Response [429]&gt;.status_code">E   AssertionError: signup failed: 429 {"detail":"Too many requests — please slow down. Try again in 582s."}
    assert 429 == 200
     +  where 429 = &lt;Response [429]&gt;.status_code</failure></testcase><testcase classname="tests.test_iter10_regression_sweep.TestMemoryMatch" name="test_catalog_shape" time="0.052" /><testcase classname="tests.test_iter10_regression_sweep.TestMemoryMatch" name="test_daily_id_stable_within_call" time="0.082" /><testcase classname="tests.test_iter10_regression_sweep.TestWordSearchHubAlreadyTested" name="test_catalog_ok" time="0.044" /><testcase classname="tests.test_iter10_regression_sweep.TestDailiesAggregator" name="test_dailies_endpoint_returns_all" time="0.043" /><testcase classname="tests.test_iter10_regression_sweep.TestWordingSweep" name="test_no_banned_copy_in_server" time="0.005" /><testcase classname="tests.test_iter10_regression_sweep.TestWordingSweep" name="test_status_label_says_looking_to_chat" time="0.059" /><testcase classname="tests.test_iter17.TestRepeatOffenders" name="test_repeat_offenders_returns_only_resolvable_users" time="0.005"><failure message="AssertionError: {&quot;detail&quot;:&quot;Not authenticated&quot;}&#10;assert 401 == 200&#10; +  where 401 = &lt;Response [401]&gt;.status_code">E   AssertionError: {"detail":"Not authenticated"}
    assert 401 == 200
     +  where 401 = &lt;Response [401]&gt;.status_code</failure></testcase><testcase classname="tests.test_iter17.TestAdminEventsLifecycle" name="test_01_appears_in_active_list" time="0.020"><failure message="AssertionError: {&quot;detail&quot;:&quot;Not authenticated&quot;}&#10;assert 401 == 200&#10; +  where 401 = &lt;Response [401]&gt;.status_code">E   AssertionError: {"detail":"Not authenticated"}
    assert 401 == 200
     +  where 401 = &lt;Response [401]&gt;.status_code</failure></testcase><testcase classname="tests.test_iter17.TestAdminEventsLifecycle" name="test_02_edit_via_patch" time="0.005"><failure message="KeyError: 'events'">E   KeyError: 'events'</failure></testcase><testcase classname="tests.test_iter17.TestAdminEventsLifecycle" name="test_03_cancel_with_reason" time="0.004"><failure message="KeyError: 'events'">E   KeyError: 'events'</failure></testcase><testcase classname="tests.test_iter17.TestAdminEventsLifecycle" name="test_04_archive" time="0.002"><failure message="AssertionError: {&quot;detail&quot;:&quot;Not authenticated&quot;}&#10;assert 401 == 200&#10; +  where 401 = &lt;Response [401]&gt;.status_code">E   AssertionError: {"detail":"Not authenticated"}
    assert 401 == 200
     +  where 401 = &lt;Response [401]&gt;.status_code</failure></testcase><testcase classname="tests.test_iter17.TestAdminEventsLifecycle" name="test_05_public_events_hides_archived" time="0.006"><failure message="AssertionError: archived event still visible on public /events list&#10;assert '5379ed6b-b760-42aa-bcc0-7e7aa3e1f963' not in ['834ab4ad-38a5-4188-bc42-89667a52b9a8', '4f5d19e3-9eb8-4940-ba6b-814e782e0302', '7c7a7cdb-c8b6-4f0f-be3b-b52bc36add37...57f0-d17b-4e7a-bb7c-a46982a5adac', '5d2fe0bf-6afc-46d2-85a7-2230f7d42913', '7d2970aa-0448-47d6-960b-0559f68d717b', ...]">E   AssertionError: archived event still visible on public /events list
    assert '5379ed6b-b760-42aa-bcc0-7e7aa3e1f963' not in ['834ab4ad-38a5-4188-bc42-89667a52b9a8', '4f5d19e3-9eb8-4940-ba6b-814e782e0302', '7c7a7cdb-c8b6-4f0f-be3b-b52bc36add37...57f0-d17b-4e7a-bb7c-a46982a5adac', '5d2fe0bf-6afc-46d2-85a7-2230f7d42913', '7d2970aa-0448-47d6-960b-0559f68d717b', ...]</failure></testcase><testcase classname="tests.test_iter17.TestAdminEventsLifecycle" name="test_06_unarchive" time="0.002"><failure message="AssertionError: {&quot;detail&quot;:&quot;Not authenticated&quot;}&#10;assert 401 == 200&#10; +  where 401 = &lt;Response [401]&gt;.status_code">E   AssertionError: {"detail":"Not authenticated"}
    assert 401 == 200
     +  where 401 = &lt;Response [401]&gt;.status_code</failure></testcase><testcase classname="tests.test_iter17.TestAdminEventsLifecycle" name="test_07_hard_delete" time="0.003"><failure message="AssertionError: {&quot;detail&quot;:&quot;Not authenticated&quot;}&#10;assert 401 == 200&#10; +  where 401 = &lt;Response [401]&gt;.status_code">E   AssertionError: {"detail":"Not authenticated"}
    assert 401 == 200
     +  where 401 = &lt;Response [401]&gt;.status_code</failure></testcase><testcase classname="tests.test_iter17.TestAdminRestore" name="test_restore_endpoint_exists" time="0.002"><failure message="AssertionError: {&quot;detail&quot;:&quot;Not authenticated&quot;}&#10;assert 401 in (200, 400, 409)&#10; +  where 401 = &lt;Response [401]&gt;.status_code">E   AssertionError: {"detail":"Not authenticated"}
    assert 401 in (200, 400, 409)
     +  where 401 = &lt;Response [401]&gt;.status_code</failure></testcase><testcase classname="tests.test_iter18_recipes_admin_spot.TestRecipes" name="test_list_returns_array" time="0.489" /><testcase classname="tests.test_iter18_recipes_admin_spot.TestRecipes" name="test_create_get_update_delete_flow" time="0.747" /><testcase classname="tests.test_iter18_recipes_admin_spot.TestRecipes" name="test_create_requires_title" time="0.044" /><testcase classname="tests.test_iter18_recipes_admin_spot.TestAdminPromote" name="test_list_admins" time="0.044"><failure message="assert 401 == 200&#10; +  where 401 = &lt;Response [401]&gt;.status_code">E   assert 401 == 200
     +  where 401 = &lt;Response [401]&gt;.status_code</failure></testcase><testcase classname="tests.test_iter18_recipes_admin_spot.TestAdminPromote" name="test_search_users" time="0.046"><failure message="assert 401 == 200&#10; +  where 401 = &lt;Response [401]&gt;.status_code">E   assert 401 == 200
     +  where 401 = &lt;Response [401]&gt;.status_code</failure></testcase><testcase classname="tests.test_iter18_recipes_admin_spot.TestAdminPromote" name="test_promote_demote_flow_and_safety_rails" time="0.047"><failure message="assert 401 == 200&#10; +  where 401 = &lt;Response [401]&gt;.status_code">E   assert 401 == 200
     +  where 401 = &lt;Response [401]&gt;.status_code</failure></testcase><testcase classname="tests.test_iter18_recipes_admin_spot.TestSpotBackgrounds" name="test_spot_puzzle_has_background_url[garden]" time="0.046"><failure message="AssertionError: /api/static/spot_bg/australian_gardens.jpg&#10;assert False&#10; +  where False = &lt;built-in method endswith of str object at 0xf9feb87680f0&gt;('/spot_bg/garden.jpg')&#10; +    where &lt;built-in method endswith of str object at 0xf9feb87680f0&gt; = '/api/static/spot_bg/australian_gardens.jpg'.endswith">E   AssertionError: /api/static/spot_bg/australian_gardens.jpg
    assert False
     +  where False = &lt;built-in method endswith of str object at 0xf9feb87680f0&gt;('/spot_bg/garden.jpg')
     +    where &lt;built-in method endswith of str object at 0xf9feb87680f0&gt; = '/api/static/spot_bg/australian_gardens.jpg'.endswith</failure></testcase><testcase classname="tests.test_iter18_recipes_admin_spot.TestSpotBackgrounds" name="test_spot_puzzle_has_background_url[coffee_shop]" time="0.048"><failure message="AssertionError: /api/static/spot_bg/cafes.jpg&#10;assert False&#10; +  where False = &lt;built-in method endswith of str object at 0xf9feb8760d50&gt;('/spot_bg/coffee_shop.jpg')&#10; +    where &lt;built-in method endswith of str object at 0xf9feb8760d50&gt; = '/api/static/spot_bg/cafes.jpg'.endswith">E   AssertionError: /api/static/spot_bg/cafes.jpg
    assert False
     +  where False = &lt;built-in method endswith of str object at 0xf9feb8760d50&gt;('/spot_bg/coffee_shop.jpg')
     +    where &lt;built-in method endswith of str object at 0xf9feb8760d50&gt; = '/api/static/spot_bg/cafes.jpg'.endswith</failure></testcase><testcase classname="tests.test_iter18_recipes_admin_spot.TestSpotBackgrounds" name="test_spot_puzzle_has_background_url[beach]" time="0.046"><failure message="AssertionError: /api/static/spot_bg/beaches.jpg&#10;assert False&#10; +  where False = &lt;built-in method endswith of str object at 0xf9feb8731700&gt;('/spot_bg/beach.jpg')&#10; +    where &lt;built-in method endswith of str object at 0xf9feb8731700&gt; = '/api/static/spot_bg/beaches.jpg'.endswith">E   AssertionError: /api/static/spot_bg/beaches.jpg
    assert False
     +  where False = &lt;built-in method endswith of str object at 0xf9feb8731700&gt;('/spot_bg/beach.jpg')
     +    where &lt;built-in method endswith of str object at 0xf9feb8731700&gt; = '/api/static/spot_bg/beaches.jpg'.endswith</failure></testcase><testcase classname="tests.test_iter18_recipes_admin_spot.TestSpotBackgrounds" name="test_spot_puzzle_has_background_url[pets]" time="0.044"><failure message="AssertionError: /api/static/spot_bg/wildlife.jpg&#10;assert False&#10; +  where False = &lt;built-in method endswith of str object at 0xf9fed014c2d0&gt;('/spot_bg/pets.jpg')&#10; +    where &lt;built-in method endswith of str object at 0xf9fed014c2d0&gt; = '/api/static/spot_bg/wildlife.jpg'.endswith">E   AssertionError: /api/static/spot_bg/wildlife.jpg
    assert False
     +  where False = &lt;built-in method endswith of str object at 0xf9fed014c2d0&gt;('/spot_bg/pets.jpg')
     +    where &lt;built-in method endswith of str object at 0xf9fed014c2d0&gt; = '/api/static/spot_bg/wildlife.jpg'.endswith</failure></testcase><testcase classname="tests.test_iter18_recipes_admin_spot.TestSpotBackgrounds" name="test_spot_puzzle_has_background_url[birds]" time="0.047"><failure message="AssertionError: /api/static/spot_bg/wildlife.jpg&#10;assert False&#10; +  where False = &lt;built-in method endswith of str object at 0xf9feb87696b0&gt;('/spot_bg/birds.jpg')&#10; +    where &lt;built-in method endswith of str object at 0xf9feb87696b0&gt; = '/api/static/spot_bg/wildlife.jpg'.endswith">E   AssertionError: /api/static/spot_bg/wildlife.jpg
    assert False
     +  where False = &lt;built-in method endswith of str object at 0xf9feb87696b0&gt;('/spot_bg/birds.jpg')
     +    where &lt;built-in method endswith of str object at 0xf9feb87696b0&gt; = '/api/static/spot_bg/wildlife.jpg'.endswith</failure></testcase><testcase classname="tests.test_iter18_recipes_admin_spot.TestSpotBackgrounds" name="test_spot_puzzle_has_background_url[around_house]" time="0.046"><failure message="AssertionError: /api/static/spot_bg/kitchens.jpg&#10;assert False&#10; +  where False = &lt;built-in method endswith of str object at 0xf9feb8769a70&gt;('/spot_bg/around_house.jpg')&#10; +    where &lt;built-in method endswith of str object at 0xf9feb8769a70&gt; = '/api/static/spot_bg/kitchens.jpg'.endswith">E   AssertionError: /api/static/spot_bg/kitchens.jpg
    assert False
     +  where False = &lt;built-in method endswith of str object at 0xf9feb8769a70&gt;('/spot_bg/around_house.jpg')
     +    where &lt;built-in method endswith of str object at 0xf9feb8769a70&gt; = '/api/static/spot_bg/kitchens.jpg'.endswith</failure></testcase><testcase classname="tests.test_iter18_recipes_admin_spot.TestSpotBackgrounds" name="test_spot_bg_file_served[garden]" time="0.046"><failure message="AssertionError: https://george-mcgs-cms.preview.emergentagent.com/api/static/spot_bg/garden.jpg → 404&#10;assert 404 == 200&#10; +  where 404 = &lt;Response [404]&gt;.status_code">E   AssertionError: https://george-mcgs-cms.preview.emergentagent.com/api/static/spot_bg/garden.jpg → 404
    assert 404 == 200
     +  where 404 = &lt;Response [404]&gt;.status_code</failure></testcase><testcase classname="tests.test_iter18_recipes_admin_spot.TestSpotBackgrounds" name="test_spot_bg_file_served[coffee_shop]" time="0.043"><failure message="AssertionError: https://george-mcgs-cms.preview.emergentagent.com/api/static/spot_bg/coffee_shop.jpg → 404&#10;assert 404 == 200&#10; +  where 404 = &lt;Response [404]&gt;.status_code">E   AssertionError: https://george-mcgs-cms.preview.emergentagent.com/api/static/spot_bg/coffee_shop.jpg → 404
    assert 404 == 200
     +  where 404 = &lt;Response [404]&gt;.status_code</failure></testcase><testcase classname="tests.test_iter18_recipes_admin_spot.TestSpotBackgrounds" name="test_spot_bg_file_served[beach]" time="0.046"><failure message="AssertionError: https://george-mcgs-cms.preview.emergentagent.com/api/static/spot_bg/beach.jpg → 404&#10;assert 404 == 200&#10; +  where 404 = &lt;Response [404]&gt;.status_code">E   AssertionError: https://george-mcgs-cms.preview.emergentagent.com/api/static/spot_bg/beach.jpg → 404
    assert 404 == 200
     +  where 404 = &lt;Response [404]&gt;.status_code</failure></testcase><testcase classname="tests.test_iter18_recipes_admin_spot.TestSpotBackgrounds" name="test_spot_bg_file_served[pets]" time="0.045"><failure message="AssertionError: https://george-mcgs-cms.preview.emergentagent.com/api/static/spot_bg/pets.jpg → 404&#10;assert 404 == 200&#10; +  where 404 = &lt;Response [404]&gt;.status_code">E   AssertionError: https://george-mcgs-cms.preview.emergentagent.com/api/static/spot_bg/pets.jpg → 404
    assert 404 == 200
     +  where 404 = &lt;Response [404]&gt;.status_code</failure></testcase><testcase classname="tests.test_iter18_recipes_admin_spot.TestSpotBackgrounds" name="test_spot_bg_file_served[birds]" time="0.043"><failure message="AssertionError: https://george-mcgs-cms.preview.emergentagent.com/api/static/spot_bg/birds.jpg → 404&#10;assert 404 == 200&#10; +  where 404 = &lt;Response [404]&gt;.status_code">E   AssertionError: https://george-mcgs-cms.preview.emergentagent.com/api/static/spot_bg/birds.jpg → 404
    assert 404 == 200
     +  where 404 = &lt;Response [404]&gt;.status_code</failure></testcase><testcase classname="tests.test_iter18_recipes_admin_spot.TestSpotBackgrounds" name="test_spot_bg_file_served[around_house]" time="0.043"><failure message="AssertionError: https://george-mcgs-cms.preview.emergentagent.com/api/static/spot_bg/around_house.jpg → 404&#10;assert 404 == 200&#10; +  where 404 = &lt;Response [404]&gt;.status_code">E   AssertionError: https://george-mcgs-cms.preview.emergentagent.com/api/static/spot_bg/around_house.jpg → 404
    assert 404 == 200
     +  where 404 = &lt;Response [404]&gt;.status_code</failure></testcase><testcase classname="tests.test_iter18_recipes_admin_spot.TestAddFriendAlreadyFriends" name="test_add_friend_when_already_friends_returns_400" time="0.053" /><testcase classname="tests.test_iter28_recurring_events_health_ratelimits.TestHealth" name="test_health_ok" time="0.096" /><testcase classname="tests.test_iter28_recurring_events_health_ratelimits.TestHealth" name="test_indexes_log_line_present" time="0.008" /><testcase classname="tests.test_iter28_recurring_events_health_ratelimits.TestRecurringEvents" name="test_weekly_3_extras_makes_4_events" time="0.099" /><testcase classname="tests.test_iter28_recurring_events_health_ratelimits.TestRecurringEvents" name="test_monthly_jan31_clamps_to_feb28_and_mar31" time="0.097" /><testcase classname="tests.test_iter28_recurring_events_health_ratelimits.TestRecurringEvents" name="test_fortnightly_2_extras_makes_3_events_14d_apart" time="0.096" /><testcase classname="tests.test_iter28_recurring_events_health_ratelimits.TestRecurringEvents" name="test_no_recurrence_creates_single_event" time="0.045" /><testcase classname="tests.test_iter28_recurring_events_health_ratelimits.TestRecurringEvents" name="test_recurrence_count_cap_at_25" time="0.056" /><testcase classname="tests.test_iter28_recurring_events_health_ratelimits.TestRecurringEvents" name="test_list_events_includes_recurrence_field" time="0.054" /><testcase classname="tests.test_iter28_recurring_events_health_ratelimits.TestExistingEventFlowsStillWork" name="test_rsvp_on_oneoff_event" time="0.155" /><testcase classname="tests.test_iter28_recurring_events_health_ratelimits.TestExistingEventFlowsStillWork" name="test_rsvp_and_patch_on_recurring_child" time="0.295" /><testcase classname="tests.test_iter28_recurring_events_health_ratelimits.TestRateLimits" name="test_notice_rate_limit_6_per_hour" time="3.033" /><testcase classname="tests.test_iter28_recurring_events_health_ratelimits.TestRateLimits" name="test_flutter_rate_limit_20_per_hour" time="3.662" /><testcase classname="tests.test_iter28_recurring_events_health_ratelimits.TestRateLimits" name="test_report_rate_limit_10_per_hour" time="3.086" /><testcase classname="tests.test_iter28_recurring_events_health_ratelimits.TestRateLimits" name="test_event_rate_limit_8_per_hour_per_host" time="2.891" /><testcase classname="tests.test_iter29_founders_waitlist_sentry.TestSentryAndIndexes" name="test_sentry_disabled_log_present" time="2.707" /><testcase classname="tests.test_iter29_founders_waitlist_sentry.TestSentryAndIndexes" name="test_indexes_verified_17_of_17" time="0.001" /><testcase classname="tests.test_iter29_founders_waitlist_sentry.TestSentryAndIndexes" name="test_mongo_has_new_indexes" time="0.005" /><testcase classname="tests.test_iter29_founders_waitlist_sentry.TestHealth" name="test_health" time="0.094" /><testcase classname="tests.test_iter29_founders_waitlist_sentry.TestFoundersFlow" name="test_initial_founders_status" time="0.046"><failure message="AssertionError: expected 0 founders initially, got {'cap': 500, 'taken': 4, 'remaining': 496, 'open': True}&#10;assert 4 == 0">E   AssertionError: expected 0 founders initially, got {'cap': 500, 'taken': 4, 'remaining': 496, 'open': True}
    assert 4 == 0</failure></testcase><testcase classname="tests.test_iter29_founders_waitlist_sentry.TestFoundersFlow" name="test_signup_assigns_founder[1]" time="0.309"><failure message="AssertionError: user not marked founder: {'id': 'f676f29f-9255-4068-8a31-e4edfdb63dbd', 'first_name': 'Tester1', 'username': 'founder_test_e22f41ec_1', 'email': 'founder_test_e22f41ec_1@example.com', 'suburb': 'Carlton', 'interests': [], 'avatar': '', 'bio': '', 'favourite_games': [], 'birthday': '', 'points': 5, 'badges': ['Friendly Member'], 'friends': [], 'blocked': [], 'is_demo': False, 'is_admin': False, 'privacy': 'everyone', 'privacy_settings': {'profile_visibility': 'everyone', 'friend_requests': 'everyone', 'show_in_find_friends': True}, 'onboarding_completed': False, 'restricted': False, 'restricted_at': None, 'restricted_reason': '', 'last_seen_at': '2026-07-15T10:15:33.377706+00:00', 'status': None, 'status_updated_at': None, 'invited_by': None, 'is_founder': False, 'founder_number': None, 'is_business': False, 'business_name': None, 'business_plan': None, 'business_plan_started_at': None, 'business_plan_renews_at': None, 'business_events_this_period': 0, 'business_free_listing_used': False, 'created_at': '2026-07-15T10:15:33.377720+00:00', 'location_visibility': 'suburb'}&#10;assert False is True&#10; +  where False = &lt;built-in method get of dict object at 0xf9feb85c0500&gt;('is_founder')&#10; +    where &lt;built-in method get of dict object at 0xf9feb85c0500&gt; = {'avatar': '', 'badges': ['Friendly Member'], 'bio': '', 'birthday': '', ...}.get">E   AssertionError: user not marked founder: {'id': 'f676f29f-9255-4068-8a31-e4edfdb63dbd', 'first_name': 'Tester1', 'username': 'founder_test_e22f41ec_1', 'email': 'founder_test_e22f41ec_1@example.com', 'suburb': 'Carlton', 'interests': [], 'avatar': '', 'bio': '', 'favourite_games': [], 'birthday': '', 'points': 5, 'badges': ['Friendly Member'], 'friends': [], 'blocked': [], 'is_demo': False, 'is_admin': False, 'privacy': 'everyone', 'privacy_settings': {'profile_visibility': 'everyone', 'friend_requests': 'everyone', 'show_in_find_friends': True}, 'onboarding_completed': False, 'restricted': False, 'restricted_at': None, 'restricted_reason': '', 'last_seen_at': '2026-07-15T10:15:33.377706+00:00', 'status': None, 'status_updated_at': None, 'invited_by': None, 'is_founder': False, 'founder_number': None, 'is_business': False, 'business_name': None, 'business_plan': None, 'business_plan_started_at': None, 'business_plan_renews_at': None, 'business_events_this_period': 0, 'business_free_listing_used': False, 'created_at': '2026-07-15T10:15:33.377720+00:00', 'location_visibility': 'suburb'}
    assert False is True
     +  where False = &lt;built-in method get of dict object at 0xf9feb85c0500&gt;('is_founder')
     +    where &lt;built-in method get of dict object at 0xf9feb85c0500&gt; = {'avatar': '', 'badges': ['Friendly Member'], 'bio': '', 'birthday': '', ...}.get</failure></testcase><testcase classname="tests.test_iter29_founders_waitlist_sentry.TestFoundersFlow" name="test_signup_assigns_founder[2]" time="0.293"><failure message="AssertionError: user not marked founder: {'id': '25afaf38-8622-423a-8d26-4dad5b658534', 'first_name': 'Tester2', 'username': 'founder_test_e22f41ec_2', 'email': 'founder_test_e22f41ec_2@example.com', 'suburb': 'Carlton', 'interests': [], 'avatar': '', 'bio': '', 'favourite_games': [], 'birthday': '', 'points': 5, 'badges': ['Friendly Member'], 'friends': [], 'blocked': [], 'is_demo': False, 'is_admin': False, 'privacy': 'everyone', 'privacy_settings': {'profile_visibility': 'everyone', 'friend_requests': 'everyone', 'show_in_find_friends': True}, 'onboarding_completed': False, 'restricted': False, 'restricted_at': None, 'restricted_reason': '', 'last_seen_at': '2026-07-15T10:15:33.683693+00:00', 'status': None, 'status_updated_at': None, 'invited_by': None, 'is_founder': False, 'founder_number': None, 'is_business': False, 'business_name': None, 'business_plan': None, 'business_plan_started_at': None, 'business_plan_renews_at': None, 'business_events_this_period': 0, 'business_free_listing_used': False, 'created_at': '2026-07-15T10:15:33.683707+00:00', 'location_visibility': 'suburb'}&#10;assert False is True&#10; +  where False = &lt;built-in method get of dict object at 0xf9feb85a4200&gt;('is_founder')&#10; +    where &lt;built-in method get of dict object at 0xf9feb85a4200&gt; = {'avatar': '', 'badges': ['Friendly Member'], 'bio': '', 'birthday': '', ...}.get">E   AssertionError: user not marked founder: {'id': '25afaf38-8622-423a-8d26-4dad5b658534', 'first_name': 'Tester2', 'username': 'founder_test_e22f41ec_2', 'email': 'founder_test_e22f41ec_2@example.com', 'suburb': 'Carlton', 'interests': [], 'avatar': '', 'bio': '', 'favourite_games': [], 'birthday': '', 'points': 5, 'badges': ['Friendly Member'], 'friends': [], 'blocked': [], 'is_demo': False, 'is_admin': False, 'privacy': 'everyone', 'privacy_settings': {'profile_visibility': 'everyone', 'friend_requests': 'everyone', 'show_in_find_friends': True}, 'onboarding_completed': False, 'restricted': False, 'restricted_at': None, 'restricted_reason': '', 'last_seen_at': '2026-07-15T10:15:33.683693+00:00', 'status': None, 'status_updated_at': None, 'invited_by': None, 'is_founder': False, 'founder_number': None, 'is_business': False, 'business_name': None, 'business_plan': None, 'business_plan_started_at': None, 'business_plan_renews_at': None, 'business_events_this_period': 0, 'business_free_listing_used': False, 'created_at': '2026-07-15T10:15:33.683707+00:00', 'location_visibility': 'suburb'}
    assert False is True
     +  where False = &lt;built-in method get of dict object at 0xf9feb85a4200&gt;('is_founder')
     +    where &lt;built-in method get of dict object at 0xf9feb85a4200&gt; = {'avatar': '', 'badges': ['Friendly Member'], 'bio': '', 'birthday': '', ...}.get</failure></testcase><testcase classname="tests.test_iter29_founders_waitlist_sentry.TestFoundersFlow" name="test_founders_status_after_signups" time="0.046"><failure message="AssertionError: expected 2 founders after 2 signups, got {'cap': 500, 'taken': 4, 'remaining': 496, 'open': True}&#10;assert 4 == 2">E   AssertionError: expected 2 founders after 2 signups, got {'cap': 500, 'taken': 4, 'remaining': 496, 'open': True}
    assert 4 == 2</failure></testcase><testcase classname="tests.test_iter29_founders_waitlist_sentry.TestFoundersFlow" name="test_demo_users_not_founders" time="0.005" /><testcase classname="tests.test_iter29_founders_waitlist_sentry.TestFoundersFlow" name="test_auth_me_returns_founder_fields" time="0.000"><failure message="AttributeError: module 'pytest' has no attribute 'shared_founder_tokens'">E   AttributeError: module 'pytest' has no attribute 'shared_founder_tokens'</failure></testcase><testcase classname="tests.test_iter29_founders_waitlist_sentry.TestFoundersFlow" name="test_login_still_works_for_new_account" time="0.274" /><testcase classname="tests.test_iter29_founders_waitlist_sentry.TestWaitlist" name="test_join_waitlist_first" time="0.053" /><testcase classname="tests.test_iter29_founders_waitlist_sentry.TestWaitlist" name="test_join_waitlist_idempotent" time="0.045" /><testcase classname="tests.test_iter29_founders_waitlist_sentry.TestWaitlist" name="test_invalid_email_returns_422" time="0.043" /><testcase classname="tests.test_iter29_founders_waitlist_sentry.TestWaitlist" name="test_stats_sources_aggregation" time="0.132" /><testcase classname="tests.test_iter29_founders_waitlist_sentry.TestWaitlist" name="test_rate_limit_5_per_10min" time="0.266" /><testcase classname="tests.test_iter29_founders_waitlist_sentry.TestAdminWaitlist" name="test_admin_list_as_maggie" time="0.046"><failure message="AssertionError: {&quot;detail&quot;:&quot;Not authenticated&quot;}&#10;assert 401 == 200&#10; +  where 401 = &lt;Response [401]&gt;.status_code">E   AssertionError: {"detail":"Not authenticated"}
    assert 401 == 200
     +  where 401 = &lt;Response [401]&gt;.status_code</failure></testcase><testcase classname="tests.test_iter29_founders_waitlist_sentry.TestAdminWaitlist" name="test_admin_list_forbidden_for_non_admin" time="0.000"><failure message="AttributeError: module 'pytest' has no attribute 'shared_founder_ids'">E   AttributeError: module 'pytest' has no attribute 'shared_founder_ids'</failure></testcase><testcase classname="tests.test_iter29_founders_waitlist_sentry.TestAdminWaitlist" name="test_mark_invited_success" time="0.000"><failure message="AttributeError: module 'pytest' has no attribute 'shared_entry_id'">E   AttributeError: module 'pytest' has no attribute 'shared_entry_id'</failure></testcase><testcase classname="tests.test_iter29_founders_waitlist_sentry.TestAdminWaitlist" name="test_mark_invited_404_for_unknown" time="0.043"><failure message="AssertionError: {&quot;detail&quot;:&quot;Not authenticated&quot;}&#10;assert 401 == 404&#10; +  where 401 = &lt;Response [401]&gt;.status_code">E   AssertionError: {"detail":"Not authenticated"}
    assert 401 == 404
     +  where 401 = &lt;Response [401]&gt;.status_code</failure></testcase><testcase classname="tests.test_iter29_founders_waitlist_sentry.TestAdminWaitlist" name="test_mark_invited_403_for_non_admin" time="0.000"><failure message="AttributeError: module 'pytest' has no attribute 'shared_entry_id'">E   AttributeError: module 'pytest' has no attribute 'shared_entry_id'</failure></testcase><testcase classname="tests.test_iter29_founders_waitlist_sentry.TestSignupRateLimitRegression" name="test_signup_429_after_burst" time="1.489" /><testcase classname="tests.test_iter31_founders_benefits.TestFoundersWall" name="test_founders_wall_shape_and_sort" time="0.140" /><testcase classname="tests.test_iter31_founders_benefits.TestFoundersWall" name="test_founders_status" time="0.048" /><testcase classname="tests.test_iter31_founders_benefits.TestFoundersLoungeArtifacts" name="test_founders_group_exists" time="0.045"><failure message="AssertionError: expected exactly one Founders Lounge group&#10;assert 0 == 1&#10; +  where 0 = len([])">E   AssertionError: expected exactly one Founders Lounge group
    assert 0 == 1
     +  where 0 = len([])</failure></testcase><testcase classname="tests.test_iter31_founders_benefits.TestFoundersLoungeArtifacts" name="test_founders_table_exists" time="0.046" /><testcase classname="tests.test_iter31_founders_benefits.TestFounderOnlyJoinGuards" name="test_table_join_blocks_non_founder" time="0.094" /><testcase classname="tests.test_iter31_founders_benefits.TestFounderOnlyJoinGuards" name="test_table_join_allows_founder" time="0.050" /><testcase classname="tests.test_iter31_founders_benefits.TestFounderOnlyJoinGuards" name="test_group_join_blocks_non_founder" time="0.000"><failure message="KeyError: 'fl_group_id'">E   KeyError: 'fl_group_id'</failure></testcase><testcase classname="tests.test_iter31_founders_benefits.TestFounderOnlyJoinGuards" name="test_group_join_allows_founder" time="0.000"><failure message="KeyError: 'fl_group_id'">E   KeyError: 'fl_group_id'</failure></testcase><testcase classname="tests.test_iter31_founders_benefits.TestFounderAutoEnrolmentAtSignup" name="test_signup_response_is_founder" time="0.293"><failure message="AssertionError: assert False is True&#10; +  where False = &lt;built-in method get of dict object at 0xf9feb85a6880&gt;('is_founder')&#10; +    where &lt;built-in method get of dict object at 0xf9feb85a6880&gt; = {'avatar': '', 'badges': ['Friendly Member'], 'bio': '', 'birthday': '', ...}.get">E   AssertionError: assert False is True
     +  where False = &lt;built-in method get of dict object at 0xf9feb85a6880&gt;('is_founder')
     +    where &lt;built-in method get of dict object at 0xf9feb85a6880&gt; = {'avatar': '', 'badges': ['Friendly Member'], 'bio': '', 'birthday': '', ...}.get</failure></testcase><testcase classname="tests.test_iter31_founders_benefits.TestFounderAutoEnrolmentAtSignup" name="test_user_persists_with_founder_fields" time="0.047"><failure message="assert 401 == 200&#10; +  where 401 = &lt;Response [401]&gt;.status_code">E   assert 401 == 200
     +  where 401 = &lt;Response [401]&gt;.status_code</failure></testcase><testcase classname="tests.test_iter31_founders_benefits.TestFounderAutoEnrolmentAtSignup" name="test_added_to_founders_group" time="0.046"><failure message="KeyError: 'fl_group_id'">E   KeyError: 'fl_group_id'</failure></testcase><testcase classname="tests.test_iter31_founders_benefits.TestFounderAutoEnrolmentAtSignup" name="test_added_to_founders_table" time="0.048"><failure message="AssertionError: new founder not seated at Founders Lounge table&#10;assert 'ed559ad7-dd64-4b42-86d8-9d46d48bc490' in ((['ac9c70fd-2f0b-4088-bfea-0c20539c690e', '5e21539e-bc06-4db7-9186-5395052f4560', '523149c2-dd9f-457d-ba5a-f939bb83bfd4', '03a0ccfc-47b3-43e1-9b69-925f357af87e', '3c5cc1b4-e9b4-4b09-9b47-fa64092da83e']))&#10; +  where ['ac9c70fd-2f0b-4088-bfea-0c20539c690e', '5e21539e-bc06-4db7-9186-5395052f4560', '523149c2-dd9f-457d-ba5a-f939bb83bfd4', '03a0ccfc-47b3-43e1-9b69-925f357af87e', '3c5cc1b4-e9b4-4b09-9b47-fa64092da83e'] = &lt;built-in method get of dict object at 0xf9fed01af5c0&gt;('seated')&#10; +    where &lt;built-in method get of dict object at 0xf9fed01af5c0&gt; = {'created_at': '2026-06-18T09:03:40.169558+00:00', 'description': 'An exclusive Coffee Lounge table just for Founding Members. Pull up a chair.', 'emoji': '#x1F98B', 'founder_only': True, ...}.get">E   AssertionError: new founder not seated at Founders Lounge table
    assert 'ed559ad7-dd64-4b42-86d8-9d46d48bc490' in ((['ac9c70fd-2f0b-4088-bfea-0c20539c690e', '5e21539e-bc06-4db7-9186-5395052f4560', '523149c2-dd9f-457d-ba5a-f939bb83bfd4', '03a0ccfc-47b3-43e1-9b69-925f357af87e', '3c5cc1b4-e9b4-4b09-9b47-fa64092da83e']))
     +  where ['ac9c70fd-2f0b-4088-bfea-0c20539c690e', '5e21539e-bc06-4db7-9186-5395052f4560', '523149c2-dd9f-457d-ba5a-f939bb83bfd4', '03a0ccfc-47b3-43e1-9b69-925f357af87e', '3c5cc1b4-e9b4-4b09-9b47-fa64092da83e'] = &lt;built-in method get of dict object at 0xf9fed01af5c0&gt;('seated')
     +    where &lt;built-in method get of dict object at 0xf9fed01af5c0&gt; = {'created_at': '2026-06-18T09:03:40.169558+00:00', 'description': 'An exclusive Coffee Lounge table just for Founding Members. Pull up a chair.', 'emoji': '#x1F98B', 'founder_only': True, ...}.get</failure></testcase><testcase classname="tests.test_iter31_founders_benefits.TestFounderAutoEnrolmentAtSignup" name="test_notifications_welcome_and_founder" time="0.357"><failure message="AssertionError: founder notif missing: ['Welcome to FriendPlace!']&#10;assert False&#10; +  where False = any(&lt;generator object TestFounderAutoEnrolmentAtSignup.test_notifications_welcome_and_founder.&lt;locals&gt;.&lt;genexpr&gt; at 0xf9feb8776c20&gt;)">E   AssertionError: founder notif missing: ['Welcome to FriendPlace!']
    assert False
     +  where False = any(&lt;generator object TestFounderAutoEnrolmentAtSignup.test_notifications_welcome_and_founder.&lt;locals&gt;.&lt;genexpr&gt; at 0xf9feb8776c20&gt;)</failure></testcase><testcase classname="tests.test_iter31_founders_benefits.TestFounderAutoEnrolmentAtSignup" name="test_founders_status_incremented" time="0.045"><failure message="AssertionError: assert 4 &gt;= (4 + 1)&#10; +  where 4 = &lt;built-in method get of dict object at 0xf9fed01ac440&gt;('pre_taken', 0)&#10; +    where &lt;built-in method get of dict object at 0xf9fed01ac440&gt; = {'fl_table_id': 'ef9178d9-5077-447a-9c3a-3b14e489f88b', 'initial_items': [{'avatar': '', 'created_at': '2026-06-17T12:...': 'David', 'founder_number': 4, ...}], 'initial_total': 4, 'new_user_id': 'ed559ad7-dd64-4b42-86d8-9d46d48bc490', ...}.get">E   AssertionError: assert 4 &gt;= (4 + 1)
     +  where 4 = &lt;built-in method get of dict object at 0xf9fed01ac440&gt;('pre_taken', 0)
     +    where &lt;built-in method get of dict object at 0xf9fed01ac440&gt; = {'fl_table_id': 'ef9178d9-5077-447a-9c3a-3b14e489f88b', 'initial_items': [{'avatar': '', 'created_at': '2026-06-17T12:...': 'David', 'founder_number': 4, ...}], 'initial_total': 4, 'new_user_id': 'ed559ad7-dd64-4b42-86d8-9d46d48bc490', ...}.get</failure></testcase><testcase classname="tests.test_iter32_founder_mark.TestGroupPostsFounderEnrichment" name="test_group_posts_carry_founder_flags" time="0.449"><error message="failed on setup with &quot;AssertionError: new signup should be founder: {'id': 'd552c440-64ea-4b1e-918a-ebe29fedc660', 'first_name': 'Iter32Founder', 'username': 'TEST_iter32_71d2621d', 'email': 'test_iter32_71d2621d@example.com', 'suburb': '', 'interests': [], 'avatar': '', 'bio': '', 'favourite_games': [], 'birthday': '', 'points': 5, 'badges': ['Friendly Member'], 'friends': [], 'blocked': [], 'is_demo': False, 'is_admin': False, 'privacy': 'everyone', 'privacy_settings': {'profile_visibility': 'everyone', 'friend_requests': 'everyone', 'show_in_find_friends': True}, 'onboarding_completed': False, 'restricted': False, 'restricted_at': None, 'restricted_reason': '', 'last_seen_at': '2026-07-15T10:15:37.864876+00:00', 'status': None, 'status_updated_at': None, 'invited_by': None, 'is_founder': False, 'founder_number': None, 'is_business': False, 'business_name': None, 'business_plan': None, 'business_plan_started_at': None, 'business_plan_renews_at': None, 'business_events_this_period': 0, 'business_free_listing_used': False, 'created_at': '2026-07-15T10:15:37.864890+00:00', 'location_visibility': 'suburb'}&#10;assert False is True&#10; +  where False = &lt;built-in method get of dict object at 0xf9feb85cf580&gt;('is_founder')&#10; +    where &lt;built-in method get of dict object at 0xf9feb85cf580&gt; = {'avatar': '', 'badges': ['Friendly Member'], 'bio': '', 'birthday': '', ...}.get&quot;">E   AssertionError: new signup should be founder: {'id': 'd552c440-64ea-4b1e-918a-ebe29fedc660', 'first_name': 'Iter32Founder', 'username': 'TEST_iter32_71d2621d', 'email': 'test_iter32_71d2621d@example.com', 'suburb': '', 'interests': [], 'avatar': '', 'bio': '', 'favourite_games': [], 'birthday': '', 'points': 5, 'badges': ['Friendly Member'], 'friends': [], 'blocked': [], 'is_demo': False, 'is_admin': False, 'privacy': 'everyone', 'privacy_settings': {'profile_visibility': 'everyone', 'friend_requests': 'everyone', 'show_in_find_friends': True}, 'onboarding_completed': False, 'restricted': False, 'restricted_at': None, 'restricted_reason': '', 'last_seen_at': '2026-07-15T10:15:37.864876+00:00', 'status': None, 'status_updated_at': None, 'invited_by': None, 'is_founder': False, 'founder_number': None, 'is_business': False, 'business_name': None, 'business_plan': None, 'business_plan_started_at': None, 'business_plan_renews_at': None, 'business_events_this_period': 0, 'business_free_listing_used': False, 'created_at': '2026-07-15T10:15:37.864890+00:00', 'location_visibility': 'suburb'}
    assert False is True
     +  where False = &lt;built-in method get of dict object at 0xf9feb85cf580&gt;('is_founder')
     +    where &lt;built-in method get of dict object at 0xf9feb85cf580&gt; = {'avatar': '', 'badges': ['Friendly Member'], 'bio': '', 'birthday': '', ...}.get</error></testcase><testcase classname="tests.test_iter32_founder_mark.TestNoticesFounderEnrichment" name="test_notices_carry_founder_flags" time="0.000"><error message="failed on setup with &quot;AssertionError: new signup should be founder: {'id': 'd552c440-64ea-4b1e-918a-ebe29fedc660', 'first_name': 'Iter32Founder', 'username': 'TEST_iter32_71d2621d', 'email': 'test_iter32_71d2621d@example.com', 'suburb': '', 'interests': [], 'avatar': '', 'bio': '', 'favourite_games': [], 'birthday': '', 'points': 5, 'badges': ['Friendly Member'], 'friends': [], 'blocked': [], 'is_demo': False, 'is_admin': False, 'privacy': 'everyone', 'privacy_settings': {'profile_visibility': 'everyone', 'friend_requests': 'everyone', 'show_in_find_friends': True}, 'onboarding_completed': False, 'restricted': False, 'restricted_at': None, 'restricted_reason': '', 'last_seen_at': '2026-07-15T10:15:37.864876+00:00', 'status': None, 'status_updated_at': None, 'invited_by': None, 'is_founder': False, 'founder_number': None, 'is_business': False, 'business_name': None, 'business_plan': None, 'business_plan_started_at': None, 'business_plan_renews_at': None, 'business_events_this_period': 0, 'business_free_listing_used': False, 'created_at': '2026-07-15T10:15:37.864890+00:00', 'location_visibility': 'suburb'}&#10;assert False is True&#10; +  where False = &lt;built-in method get of dict object at 0xf9feb85cf580&gt;('is_founder')&#10; +    where &lt;built-in method get of dict object at 0xf9feb85cf580&gt; = {'avatar': '', 'badges': ['Friendly Member'], 'bio': '', 'birthday': '', ...}.get&quot;">E   AssertionError: new signup should be founder: {'id': 'd552c440-64ea-4b1e-918a-ebe29fedc660', 'first_name': 'Iter32Founder', 'username': 'TEST_iter32_71d2621d', 'email': 'test_iter32_71d2621d@example.com', 'suburb': '', 'interests': [], 'avatar': '', 'bio': '', 'favourite_games': [], 'birthday': '', 'points': 5, 'badges': ['Friendly Member'], 'friends': [], 'blocked': [], 'is_demo': False, 'is_admin': False, 'privacy': 'everyone', 'privacy_settings': {'profile_visibility': 'everyone', 'friend_requests': 'everyone', 'show_in_find_friends': True}, 'onboarding_completed': False, 'restricted': False, 'restricted_at': None, 'restricted_reason': '', 'last_seen_at': '2026-07-15T10:15:37.864876+00:00', 'status': None, 'status_updated_at': None, 'invited_by': None, 'is_founder': False, 'founder_number': None, 'is_business': False, 'business_name': None, 'business_plan': None, 'business_plan_started_at': None, 'business_plan_renews_at': None, 'business_events_this_period': 0, 'business_free_listing_used': False, 'created_at': '2026-07-15T10:15:37.864890+00:00', 'location_visibility': 'suburb'}
    assert False is True
     +  where False = &lt;built-in method get of dict object at 0xf9feb85cf580&gt;('is_founder')
     +    where &lt;built-in method get of dict object at 0xf9feb85cf580&gt; = {'avatar': '', 'badges': ['Friendly Member'], 'bio': '', 'birthday': '', ...}.get</error></testcase><testcase classname="tests.test_iter32_founder_mark.TestTableMessagesFounderEnrichment" name="test_table_messages_carry_founder_flags" time="0.000"><error message="failed on setup with &quot;AssertionError: new signup should be founder: {'id': 'd552c440-64ea-4b1e-918a-ebe29fedc660', 'first_name': 'Iter32Founder', 'username': 'TEST_iter32_71d2621d', 'email': 'test_iter32_71d2621d@example.com', 'suburb': '', 'interests': [], 'avatar': '', 'bio': '', 'favourite_games': [], 'birthday': '', 'points': 5, 'badges': ['Friendly Member'], 'friends': [], 'blocked': [], 'is_demo': False, 'is_admin': False, 'privacy': 'everyone', 'privacy_settings': {'profile_visibility': 'everyone', 'friend_requests': 'everyone', 'show_in_find_friends': True}, 'onboarding_completed': False, 'restricted': False, 'restricted_at': None, 'restricted_reason': '', 'last_seen_at': '2026-07-15T10:15:37.864876+00:00', 'status': None, 'status_updated_at': None, 'invited_by': None, 'is_founder': False, 'founder_number': None, 'is_business': False, 'business_name': None, 'business_plan': None, 'business_plan_started_at': None, 'business_plan_renews_at': None, 'business_events_this_period': 0, 'business_free_listing_used': False, 'created_at': '2026-07-15T10:15:37.864890+00:00', 'location_visibility': 'suburb'}&#10;assert False is True&#10; +  where False = &lt;built-in method get of dict object at 0xf9feb85cf580&gt;('is_founder')&#10; +    where &lt;built-in method get of dict object at 0xf9feb85cf580&gt; = {'avatar': '', 'badges': ['Friendly Member'], 'bio': '', 'birthday': '', ...}.get&quot;">E   AssertionError: new signup should be founder: {'id': 'd552c440-64ea-4b1e-918a-ebe29fedc660', 'first_name': 'Iter32Founder', 'username': 'TEST_iter32_71d2621d', 'email': 'test_iter32_71d2621d@example.com', 'suburb': '', 'interests': [], 'avatar': '', 'bio': '', 'favourite_games': [], 'birthday': '', 'points': 5, 'badges': ['Friendly Member'], 'friends': [], 'blocked': [], 'is_demo': False, 'is_admin': False, 'privacy': 'everyone', 'privacy_settings': {'profile_visibility': 'everyone', 'friend_requests': 'everyone', 'show_in_find_friends': True}, 'onboarding_completed': False, 'restricted': False, 'restricted_at': None, 'restricted_reason': '', 'last_seen_at': '2026-07-15T10:15:37.864876+00:00', 'status': None, 'status_updated_at': None, 'invited_by': None, 'is_founder': False, 'founder_number': None, 'is_business': False, 'business_name': None, 'business_plan': None, 'business_plan_started_at': None, 'business_plan_renews_at': None, 'business_events_this_period': 0, 'business_free_listing_used': False, 'created_at': '2026-07-15T10:15:37.864890+00:00', 'location_visibility': 'suburb'}
    assert False is True
     +  where False = &lt;built-in method get of dict object at 0xf9feb85cf580&gt;('is_founder')
     +    where &lt;built-in method get of dict object at 0xf9feb85cf580&gt; = {'avatar': '', 'badges': ['Friendly Member'], 'bio': '', 'birthday': '', ...}.get</error></testcase><testcase classname="tests.test_iter32_founder_mark.TestDMMessagesFounderEnrichment" name="test_dm_messages_carry_founder_flags" time="0.000"><error message="failed on setup with &quot;AssertionError: new signup should be founder: {'id': 'd552c440-64ea-4b1e-918a-ebe29fedc660', 'first_name': 'Iter32Founder', 'username': 'TEST_iter32_71d2621d', 'email': 'test_iter32_71d2621d@example.com', 'suburb': '', 'interests': [], 'avatar': '', 'bio': '', 'favourite_games': [], 'birthday': '', 'points': 5, 'badges': ['Friendly Member'], 'friends': [], 'blocked': [], 'is_demo': False, 'is_admin': False, 'privacy': 'everyone', 'privacy_settings': {'profile_visibility': 'everyone', 'friend_requests': 'everyone', 'show_in_find_friends': True}, 'onboarding_completed': False, 'restricted': False, 'restricted_at': None, 'restricted_reason': '', 'last_seen_at': '2026-07-15T10:15:37.864876+00:00', 'status': None, 'status_updated_at': None, 'invited_by': None, 'is_founder': False, 'founder_number': None, 'is_business': False, 'business_name': None, 'business_plan': None, 'business_plan_started_at': None, 'business_plan_renews_at': None, 'business_events_this_period': 0, 'business_free_listing_used': False, 'created_at': '2026-07-15T10:15:37.864890+00:00', 'location_visibility': 'suburb'}&#10;assert False is True&#10; +  where False = &lt;built-in method get of dict object at 0xf9feb85cf580&gt;('is_founder')&#10; +    where &lt;built-in method get of dict object at 0xf9feb85cf580&gt; = {'avatar': '', 'badges': ['Friendly Member'], 'bio': '', 'birthday': '', ...}.get&quot;">E   AssertionError: new signup should be founder: {'id': 'd552c440-64ea-4b1e-918a-ebe29fedc660', 'first_name': 'Iter32Founder', 'username': 'TEST_iter32_71d2621d', 'email': 'test_iter32_71d2621d@example.com', 'suburb': '', 'interests': [], 'avatar': '', 'bio': '', 'favourite_games': [], 'birthday': '', 'points': 5, 'badges': ['Friendly Member'], 'friends': [], 'blocked': [], 'is_demo': False, 'is_admin': False, 'privacy': 'everyone', 'privacy_settings': {'profile_visibility': 'everyone', 'friend_requests': 'everyone', 'show_in_find_friends': True}, 'onboarding_completed': False, 'restricted': False, 'restricted_at': None, 'restricted_reason': '', 'last_seen_at': '2026-07-15T10:15:37.864876+00:00', 'status': None, 'status_updated_at': None, 'invited_by': None, 'is_founder': False, 'founder_number': None, 'is_business': False, 'business_name': None, 'business_plan': None, 'business_plan_started_at': None, 'business_plan_renews_at': None, 'business_events_this_period': 0, 'business_free_listing_used': False, 'created_at': '2026-07-15T10:15:37.864890+00:00', 'location_visibility': 'suburb'}
    assert False is True
     +  where False = &lt;built-in method get of dict object at 0xf9feb85cf580&gt;('is_founder')
     +    where &lt;built-in method get of dict object at 0xf9feb85cf580&gt; = {'avatar': '', 'badges': ['Friendly Member'], 'bio': '', 'birthday': '', ...}.get</error></testcase><testcase classname="tests.test_iter32_founder_mark.TestTablesFounderProjection" name="test_founders_lounge_table_host_display" time="0.000"><error message="failed on setup with &quot;AssertionError: new signup should be founder: {'id': 'd552c440-64ea-4b1e-918a-ebe29fedc660', 'first_name': 'Iter32Founder', 'username': 'TEST_iter32_71d2621d', 'email': 'test_iter32_71d2621d@example.com', 'suburb': '', 'interests': [], 'avatar': '', 'bio': '', 'favourite_games': [], 'birthday': '', 'points': 5, 'badges': ['Friendly Member'], 'friends': [], 'blocked': [], 'is_demo': False, 'is_admin': False, 'privacy': 'everyone', 'privacy_settings': {'profile_visibility': 'everyone', 'friend_requests': 'everyone', 'show_in_find_friends': True}, 'onboarding_completed': False, 'restricted': False, 'restricted_at': None, 'restricted_reason': '', 'last_seen_at': '2026-07-15T10:15:37.864876+00:00', 'status': None, 'status_updated_at': None, 'invited_by': None, 'is_founder': False, 'founder_number': None, 'is_business': False, 'business_name': None, 'business_plan': None, 'business_plan_started_at': None, 'business_plan_renews_at': None, 'business_events_this_period': 0, 'business_free_listing_used': False, 'created_at': '2026-07-15T10:15:37.864890+00:00', 'location_visibility': 'suburb'}&#10;assert False is True&#10; +  where False = &lt;built-in method get of dict object at 0xf9feb85cf580&gt;('is_founder')&#10; +    where &lt;built-in method get of dict object at 0xf9feb85cf580&gt; = {'avatar': '', 'badges': ['Friendly Member'], 'bio': '', 'birthday': '', ...}.get&quot;">E   AssertionError: new signup should be founder: {'id': 'd552c440-64ea-4b1e-918a-ebe29fedc660', 'first_name': 'Iter32Founder', 'username': 'TEST_iter32_71d2621d', 'email': 'test_iter32_71d2621d@example.com', 'suburb': '', 'interests': [], 'avatar': '', 'bio': '', 'favourite_games': [], 'birthday': '', 'points': 5, 'badges': ['Friendly Member'], 'friends': [], 'blocked': [], 'is_demo': False, 'is_admin': False, 'privacy': 'everyone', 'privacy_settings': {'profile_visibility': 'everyone', 'friend_requests': 'everyone', 'show_in_find_friends': True}, 'onboarding_completed': False, 'restricted': False, 'restricted_at': None, 'restricted_reason': '', 'last_seen_at': '2026-07-15T10:15:37.864876+00:00', 'status': None, 'status_updated_at': None, 'invited_by': None, 'is_founder': False, 'founder_number': None, 'is_business': False, 'business_name': None, 'business_plan': None, 'business_plan_started_at': None, 'business_plan_renews_at': None, 'business_events_this_period': 0, 'business_free_listing_used': False, 'created_at': '2026-07-15T10:15:37.864890+00:00', 'location_visibility': 'suburb'}
    assert False is True
     +  where False = &lt;built-in method get of dict object at 0xf9feb85cf580&gt;('is_founder')
     +    where &lt;built-in method get of dict object at 0xf9feb85cf580&gt; = {'avatar': '', 'badges': ['Friendly Member'], 'bio': '', 'birthday': '', ...}.get</error></testcase><testcase classname="tests.test_iter32_founder_mark.TestTablesFounderProjection" name="test_non_founder_host_no_founder_fields" time="0.101" /><testcase classname="tests.test_iter33_ws_founder_broadcast.TestTableWSFounderBroadcast" name="test_table_ws_broadcast_carries_founder_flags" time="0.339"><error message="failed on setup with &quot;AssertionError: assert False is True&#10; +  where False = &lt;built-in method get of dict object at 0xf9feb8655480&gt;('is_founder')&#10; +    where &lt;built-in method get of dict object at 0xf9feb8655480&gt; = {'avatar': '', 'badges': ['Friendly Member'], 'bio': '', 'birthday': '', ...}.get&quot;">E   AssertionError: assert False is True
     +  where False = &lt;built-in method get of dict object at 0xf9feb8655480&gt;('is_founder')
     +    where &lt;built-in method get of dict object at 0xf9feb8655480&gt; = {'avatar': '', 'badges': ['Friendly Member'], 'bio': '', 'birthday': '', ...}.get</error></testcase><testcase classname="tests.test_iter33_ws_founder_broadcast.TestDMWSFounderBroadcast" name="test_dm_ws_broadcast_carries_founder_flags" time="0.000"><error message="failed on setup with &quot;AssertionError: assert False is True&#10; +  where False = &lt;built-in method get of dict object at 0xf9feb8655480&gt;('is_founder')&#10; +    where &lt;built-in method get of dict object at 0xf9feb8655480&gt; = {'avatar': '', 'badges': ['Friendly Member'], 'bio': '', 'birthday': '', ...}.get&quot;">E   AssertionError: assert False is True
     +  where False = &lt;built-in method get of dict object at 0xf9feb8655480&gt;('is_founder')
     +    where &lt;built-in method get of dict object at 0xf9feb8655480&gt; = {'avatar': '', 'badges': ['Friendly Member'], 'bio': '', 'birthday': '', ...}.get</error></testcase><testcase classname="tests.test_iter34_self_delete_and_legal.TestSignupSideEffects" name="test_user_exists_in_get" time="0.108"><error message="failed on setup with &quot;AssertionError: signup failed: 429 {&quot;detail&quot;:&quot;Too many requests — please slow down. Try again in 594s.&quot;}&#10;assert 429 == 200&#10; +  where 429 = &lt;Response [429]&gt;.status_code&quot;">E   AssertionError: signup failed: 429 {"detail":"Too many requests — please slow down. Try again in 594s."}
    assert 429 == 200
     +  where 429 = &lt;Response [429]&gt;.status_code</error></testcase><testcase classname="tests.test_iter34_self_delete_and_legal.TestSignupSideEffects" name="test_user_in_founders_lounge_group" time="0.000"><error message="failed on setup with &quot;AssertionError: signup failed: 429 {&quot;detail&quot;:&quot;Too many requests — please slow down. Try again in 594s.&quot;}&#10;assert 429 == 200&#10; +  where 429 = &lt;Response [429]&gt;.status_code&quot;">E   AssertionError: signup failed: 429 {"detail":"Too many requests — please slow down. Try again in 594s."}
    assert 429 == 200
     +  where 429 = &lt;Response [429]&gt;.status_code</error></testcase><testcase classname="tests.test_iter34_self_delete_and_legal.TestSignupSideEffects" name="test_user_has_welcome_notification" time="0.000"><error message="failed on setup with &quot;AssertionError: signup failed: 429 {&quot;detail&quot;:&quot;Too many requests — please slow down. Try again in 594s.&quot;}&#10;assert 429 == 200&#10; +  where 429 = &lt;Response [429]&gt;.status_code&quot;">E   AssertionError: signup failed: 429 {"detail":"Too many requests — please slow down. Try again in 594s."}
    assert 429 == 200
     +  where 429 = &lt;Response [429]&gt;.status_code</error></testcase><testcase classname="tests.test_iter34_self_delete_and_legal.TestContentCreationThenSelfDelete" name="test_full_flow" time="0.000"><error message="failed on setup with &quot;AssertionError: signup failed: 429 {&quot;detail&quot;:&quot;Too many requests — please slow down. Try again in 594s.&quot;}&#10;assert 429 == 200&#10; +  where 429 = &lt;Response [429]&gt;.status_code&quot;">E   AssertionError: signup failed: 429 {"detail":"Too many requests — please slow down. Try again in 594s."}
    assert 429 == 200
     +  where 429 = &lt;Response [429]&gt;.status_code</error></testcase><testcase classname="tests.test_iter34_self_delete_and_legal.TestStaleTokenReuse" name="test_stale_token_returns_401" time="0.000"><failure message="AssertionError: previous test class did not stash deleted_token&#10;assert None">E   AssertionError: previous test class did not stash deleted_token
    assert None</failure></testcase><testcase classname="tests.test_iter34_self_delete_and_legal.TestAdminSelfDeleteBlocked" name="test_admin_self_delete_400" time="0.104" /><testcase classname="tests.test_iter34_self_delete_and_legal.TestPublicLegalPagesReachable" name="test_spa_route_serves_html[/legal/privacy]" time="0.107" /><testcase classname="tests.test_iter34_self_delete_and_legal.TestPublicLegalPagesReachable" name="test_spa_route_serves_html[/legal/terms]" time="0.215" /><testcase classname="tests.test_iter35_business_event_detection.TestPreflightPositive" name="test_positive_detection[payload0-expected_substrings0]" time="0.097" /><testcase classname="tests.test_iter35_business_event_detection.TestPreflightPositive" name="test_positive_detection[payload1-expected_substrings1]" time="0.117" /><testcase classname="tests.test_iter35_business_event_detection.TestPreflightPositive" name="test_positive_detection[payload2-None]" time="0.106" /><testcase classname="tests.test_iter35_business_event_detection.TestPreflightPositive" name="test_positive_detection[payload3-None]" time="0.102" /><testcase classname="tests.test_iter35_business_event_detection.TestPreflightPositive" name="test_yoga_studio_multiple_reasons" time="0.097" /><testcase classname="tests.test_iter35_business_event_detection.TestPreflightPositive" name="test_sunday_roast_phone_and_pricing" time="0.096" /><testcase classname="tests.test_iter35_business_event_detection.TestPreflightNegative" name="test_negative_detection[payload0]" time="0.098" /><testcase classname="tests.test_iter35_business_event_detection.TestPreflightNegative" name="test_negative_detection[payload1]" time="0.098" /><testcase classname="tests.test_iter35_business_event_detection.TestPreflightNegative" name="test_negative_detection[payload2]" time="0.101" /><testcase classname="tests.test_iter35_business_event_detection.TestClaimBusiness" name="test_claim_business_and_preflight_already_business" time="0.109"><failure message="AssertionError: signup failed: 429 {&quot;detail&quot;:&quot;Too many requests — please slow down. Try again in 593s.&quot;}&#10;assert 429 == 200&#10; +  where 429 = &lt;Response [429]&gt;.status_code">E   AssertionError: signup failed: 429 {"detail":"Too many requests — please slow down. Try again in 593s."}
    assert 429 == 200
     +  where 429 = &lt;Response [429]&gt;.status_code</failure></testcase><testcase classname="tests.test_iter35_business_event_detection.TestClaimBusiness" name="test_claim_business_too_short_returns_422" time="0.096"><failure message="AssertionError: signup failed: 429 {&quot;detail&quot;:&quot;Too many requests — please slow down. Try again in 595s.&quot;}&#10;assert 429 == 200&#10; +  where 429 = &lt;Response [429]&gt;.status_code">E   AssertionError: signup failed: 429 {"detail":"Too many requests — please slow down. Try again in 595s."}
    assert 429 == 200
     +  where 429 = &lt;Response [429]&gt;.status_code</failure></testcase><testcase classname="tests.test_iter35_business_event_detection.TestClaimBusiness" name="test_claim_business_requires_auth" time="0.099" /><testcase classname="tests.test_iter35_business_event_detection.TestSponsorAutoAttach" name="test_first_and_second_sponsored_events" time="0.097"><failure message="AssertionError: signup failed: 429 {&quot;detail&quot;:&quot;Too many requests — please slow down. Try again in 592s.&quot;}&#10;assert 429 == 200&#10; +  where 429 = &lt;Response [429]&gt;.status_code">E   AssertionError: signup failed: 429 {"detail":"Too many requests — please slow down. Try again in 592s."}
    assert 429 == 200
     +  where 429 = &lt;Response [429]&gt;.status_code</failure></testcase><testcase classname="tests.test_iter35_business_event_detection.TestNonBusinessNoSponsor" name="test_no_sponsor_for_normal_user" time="0.102"><failure message="AssertionError: signup failed: 429 {&quot;detail&quot;:&quot;Too many requests — please slow down. Try again in 592s.&quot;}&#10;assert 429 == 200&#10; +  where 429 = &lt;Response [429]&gt;.status_code">E   AssertionError: signup failed: 429 {"detail":"Too many requests — please slow down. Try again in 592s."}
    assert 429 == 200
     +  where 429 = &lt;Response [429]&gt;.status_code</failure></testcase><testcase classname="tests.test_iter36_business_subscription.TestClaimPlanNormalisation" name="test_monthly_plan_normalises_to_trial" time="0.092"><failure message="AssertionError: signup failed: 429 {&quot;detail&quot;:&quot;Too many requests — please slow down. Try again in 592s.&quot;}&#10;assert 429 == 200&#10; +  where 429 = &lt;Response [429]&gt;.status_code">E   AssertionError: signup failed: 429 {"detail":"Too many requests — please slow down. Try again in 592s."}
    assert 429 == 200
     +  where 429 = &lt;Response [429]&gt;.status_code</failure></testcase><testcase classname="tests.test_iter36_business_subscription.TestClaimPlanNormalisation" name="test_weekly_plan_also_normalises_to_trial" time="0.097"><failure message="AssertionError: signup failed: 429 {&quot;detail&quot;:&quot;Too many requests — please slow down. Try again in 592s.&quot;}&#10;assert 429 == 200&#10; +  where 429 = &lt;Response [429]&gt;.status_code">E   AssertionError: signup failed: 429 {"detail":"Too many requests — please slow down. Try again in 592s."}
    assert 429 == 200
     +  where 429 = &lt;Response [429]&gt;.status_code</failure></testcase><testcase classname="tests.test_iter36_business_subscription.TestClaimIdempotent" name="test_reclaim_does_not_reset_counter" time="0.095"><failure message="AssertionError: signup failed: 429 {&quot;detail&quot;:&quot;Too many requests — please slow down. Try again in 592s.&quot;}&#10;assert 429 == 200&#10; +  where 429 = &lt;Response [429]&gt;.status_code">E   AssertionError: signup failed: 429 {"detail":"Too many requests — please slow down. Try again in 592s."}
    assert 429 == 200
     +  where 429 = &lt;Response [429]&gt;.status_code</failure></testcase><testcase classname="tests.test_iter36_business_subscription.TestStatusEndpoint" name="test_status_shape_matches_claim_response" time="0.096"><failure message="AssertionError: signup failed: 429 {&quot;detail&quot;:&quot;Too many requests — please slow down. Try again in 592s.&quot;}&#10;assert 429 == 200&#10; +  where 429 = &lt;Response [429]&gt;.status_code">E   AssertionError: signup failed: 429 {"detail":"Too many requests — please slow down. Try again in 592s."}
    assert 429 == 200
[...]
     +  where 401 = &lt;Response [401]&gt;.status_code</failure></testcase><testcase classname="tests.test_youbelong_api" name="test_block_user" time="0.091" /><testcase classname="tests.test_youbelong_api" name="test_report_user" time="0.044"><failure message="assert 404 == 200&#10; +  where 404 = &lt;Response [404]&gt;.status_code">E   assert 404 == 200
     +  where 404 = &lt;Response [404]&gt;.status_code</failure></testcase><testcase classname="tests.test_youbelong_api" name="test_list_tables" time="0.050" /><testcase classname="tests.test_youbelong_api" name="test_get_table_with_seated_users" time="0.091" /><testcase classname="tests.test_youbelong_api" name="test_create_table" time="0.086" /><testcase classname="tests.test_youbelong_api" name="test_table_messages" time="0.129" /><testcase classname="tests.test_youbelong_api" name="test_list_groups" time="0.048" /><testcase classname="tests.test_youbelong_api" name="test_join_group" time="0.089" /><testcase classname="tests.test_youbelong_api" name="test_group_posts_and_like" time="0.248" /><testcase classname="tests.test_youbelong_api" name="test_list_events" time="0.076" /><testcase classname="tests.test_youbelong_api" name="test_rsvp_event" time="0.118"><failure message="KeyError: 'points'">E   KeyError: 'points'</failure></testcase><testcase classname="tests.test_youbelong_api" name="test_notices" time="0.331" /><testcase classname="tests.test_youbelong_api" name="test_seeded_flutters_for_maggie" time="0.554"><failure message="AssertionError: No seeded Flutter from Dorothy. Got: [{'id': 'bb9eac85-fb1d-4cb4-a490-a51a4b5c85ba', 'from_id': '6a965700-998c-4f54-9838-83a33ed155ea', 'to_id': '7452ce79-7027-4a94-9669-0ee3a521a5ec', 'from_name': 'Frank', 'from_avatar': '#x1F528', 'message': 'replied with a flutter #x1F98B — would you like to start a chat?', 'read': False, 'created_at': '2026-07-15T10:16:27.977950+00:00'}, {'id': 'b87b8181-dfa9-425d-a4c7-c6e24bc3c6d9', 'from_id': '6a965700-998c-4f54-9838-83a33ed155ea', 'to_id': '7452ce79-7027-4a94-9669-0ee3a521a5ec', 'from_name': 'Frank', 'from_avatar': '#x1F528', 'message': 'TEST_phaseA', 'read': False, 'created_at': '2026-07-15T10:16:17.653326+00:00'}, {'id': '5eab84b1-175a-44f9-a3ec-31d184ff2482', 'from_id': '6a965700-998c-4f54-9838-83a33ed155ea', 'to_id': '7452ce79-7027-4a94-9669-0ee3a521a5ec', 'from_name': 'Frank', 'from_avatar': '#x1F528', 'message': 'replied with a flutter #x1F98B — would you like to start a chat?', 'read': False, 'created_at': '2026-07-15T10:15:51.101763+00:00'}, {'id': 'e1befd2d-97f3-4efe-b93a-415e49e3ef03', 'from_id': '97945bfb-6ca1-4432-a3e5-eb75cdd6e0e7', 'to_id': '7452ce79-7027-4a94-9669-0ee3a521a5ec', 'from_name': 'Bill', 'from_avatar': '#x1F9D3', 'message': 'TEST_iter28 flutter 19', 'read': False, 'created_at': '2026-07-15T10:15:24.451625+00:00'}, {'id': 'd9ae99f5-c147-4e9e-a4aa-af75425b6046', 'from_id': '97945bfb-6ca1-4432-a3e5-eb75cdd6e0e7', 'to_id': '7452ce79-7027-4a94-9669-0ee3a521a5ec', 'from_name': 'Bill', 'from_avatar': '#x1F9D3', 'message': 'TEST_iter28 flutter 18', 'read': False, 'created_at': '2026-07-15T10:15:24.405059+00:00'}, {'id': '77e2a929-85fb-45a4-951e-33f2968a6ad5', 'from_id': '97945bfb-6ca1-4432-a3e5-eb75cdd6e0e7', 'to_id': '7452ce79-7027-4a94-9669-0ee3a521a5ec', 'from_name': 'Bill', 'from_avatar': '#x1F9D3', 'message': 'TEST_iter28 flutter 17', 'read': False, 'created_at': '2026-07-15T10:15:24.357958+00:00'}, {'id': 'c1dad832-ddaf-4cd4-9987-35abb0129ae9', 'from_id': '97945bfb-6ca1-4432-a3e5-eb75cdd6e0e7', 'to_id': '7452ce79-7027-4a94-9669-0ee3a521a5ec', 'from_name': 'Bill', 'from_avatar': '#x1F9D3', 'message': 'TEST_iter28 flutter 16', 'read': False, 'created_at': '2026-07-15T10:15:24.311634+00:00'}, {'id': 'af35e638-5097-431b-8534-d65a1cc0e3ac', 'from_id': '97945bfb-6ca1-4432-a3e5-eb75cdd6e0e7', 'to_id': '7452ce79-7027-4a94-9669-0ee3a521a5ec', 'from_name': 'Bill', 'from_avatar': '#x1F9D3', 'message': 'TEST_iter28 flutter 15', 'read': False, 'created_at': '2026-07-15T10:15:24.264824+00:00'}, {'id': 'f0638493-3d48-4962-9d80-ddb0de2005dc', 'from_id': '97945bfb-6ca1-4432-a3e5-eb75cdd6e0e7', 'to_id': '7452ce79-7027-4a94-9669-0ee3a521a5ec', 'from_name': 'Bill', 'from_avatar': '#x1F9D3', 'message': 'TEST_iter28 flutter 14', 'read': False, 'created_at': '2026-07-15T10:15:24.217937+00:00'}, {'id': '3eac0934-2355-4a5a-a4a7-2b9458f3a2df', 'from_id': '97945bfb-6ca1-4432-a3e5-eb75cdd6e0e7', 'to_id': '7452ce79-7027-4a94-9669-0ee3a521a5ec', 'from_name': 'Bill', 'from_avatar': '#x1F9D3', 'message': 'TEST_iter28 flutter 13', 'read': False, 'created_at': '2026-07-15T10:15:24.171780+00:00'}, {'id': '50a52f8d-90a4-484a-827c-6eedc0bef2eb', 'from_id': '97945bfb-6ca1-4432-a3e5-eb75cdd6e0e7', 'to_id': '7452ce79-7027-4a94-9669-0ee3a521a5ec', 'from_name': 'Bill', 'from_avatar': '#x1F9D3', 'message': 'TEST_iter28 flutter 12', 'read': False, 'created_at': '2026-07-15T10:15:24.100147+00:00'}, {'id': 'de965b2a-a871-4303-b1a8-59814ae47605', 'from_id': '97945bfb-6ca1-4432-a3e5-eb75cdd6e0e7', 'to_id': '7452ce79-7027-4a94-9669-0ee3a521a5ec', 'from_name': 'Bill', 'from_avatar': '#x1F9D3', 'message': 'TEST_iter28 flutter 11', 'read': False, 'created_at': '2026-07-15T10:15:24.054330+00:00'}, {'id': 'dc5b2a4f-a021-4d64-9d45-1c2f8e01e930', 'from_id': '97945bfb-6ca1-4432-a3e5-eb75cdd6e0e7', 'to_id': '7452ce79-7027-4a94-9669-0ee3a521a5ec', 'from_name': 'Bill', 'from_avatar': '#x1F9D3', 'message': 'TEST_iter28 flutter 10', 'read': False, 'created_at': '2026-07-15T10:15:24.005802+00:00'}, {'id': 'b95241ac-e653-4d13-a87d-917f870e7983', 'from_id': '97945bfb-6ca1-4432-a3e5-eb75cdd6e0e7', 'to_id': '7452ce79-7027-4a94-9669-0ee3a521a5ec', 'from_name': 'Bill', 'from_avatar': '#x1F9D3', 'message': 'TEST_iter28 flutter 9', 'read': False, 'created_at': '2026-07-15T10:15:23.957541+00:00'}, {'id': '40c693f2-51a4-4f00-925a-6b377f411445', 'from_id': '97945bfb-6ca1-4432-a3e5-eb75cdd6e0e7', 'to_id': '7452ce79-7027-4a94-9669-0ee3a521a5ec', 'from_name': 'Bill', 'from_avatar': '#x1F9D3', 'message': 'TEST_iter28 flutter 8', 'read': False, 'created_at': '2026-07-15T10:15:23.910486+00:00'}, {'id': '4d96b4b4-7739-4e5a-bfa7-8c84ad00a946', 'from_id': '97945bfb-6ca1-4432-a3e5-eb75cdd6e0e7', 'to_id': '7452ce79-7027-4a94-9669-0ee3a521a5ec', 'from_name': 'Bill', 'from_avatar': '#x1F9D3', 'message': 'TEST_iter28 flutter 7', 'read': False, 'created_at': '2026-07-15T10:15:23.840349+00:00'}, {'id': 'ca233624-00ab-4806-b4ed-0b4b2666f78e', 'from_id': '97945bfb-6ca1-4432-a3e5-eb75cdd6e0e7', 'to_id': '7452ce79-7027-4a94-9669-0ee3a521a5ec', 'from_name': 'Bill', 'from_avatar': '#x1F9D3', 'message': 'TEST_iter28 flutter 6', 'read': False, 'created_at': '2026-07-15T10:15:23.791270+00:00'}, {'id': 'f8e29ca8-2e75-48a3-85fa-bd9c730d7773', 'from_id': '97945bfb-6ca1-4432-a3e5-eb75cdd6e0e7', 'to_id': '7452ce79-7027-4a94-9669-0ee3a521a5ec', 'from_name': 'Bill', 'from_avatar': '#x1F9D3', 'message': 'TEST_iter28 flutter 5', 'read': False, 'created_at': '2026-07-15T10:15:23.746659+00:00'}, {'id': '61577edd-8872-44e4-98a1-6f69eec47ca5', 'from_id': '97945bfb-6ca1-4432-a3e5-eb75cdd6e0e7', 'to_id': '7452ce79-7027-4a94-9669-0ee3a521a5ec', 'from_name': 'Bill', 'from_avatar': '#x1F9D3', 'message': 'TEST_iter28 flutter 4', 'read': False, 'created_at': '2026-07-15T10:15:23.702763+00:00'}, {'id': 'b9cd7799-78ea-43a3-ae4b-6cb5514cb67e', 'from_id': '97945bfb-6ca1-4432-a3e5-eb75cdd6e0e7', 'to_id': '7452ce79-7027-4a94-9669-0ee3a521a5ec', 'from_name': 'Bill', 'from_avatar': '#x1F9D3', 'message': 'TEST_iter28 flutter 3', 'read': False, 'created_at': '2026-07-15T10:15:23.656293+00:00'}, {'id': 'a11e6dc9-5814-4e2d-ab93-cb89cdb2f3c1', 'from_id': '97945bfb-6ca1-4432-a3e5-eb75cdd6e0e7', 'to_id': '7452ce79-7027-4a94-9669-0ee3a521a5ec', 'from_name': 'Bill', 'from_avatar': '#x1F9D3', 'message': 'TEST_iter28 flutter 2', 'read': False, 'created_at': '2026-07-15T10:15:23.609778+00:00'}, {'id': '65a78028-1768-458c-a47c-ee87790ebcb5', 'from_id': '97945bfb-6ca1-4432-a3e5-eb75cdd6e0e7', 'to_id': '7452ce79-7027-4a94-9669-0ee3a521a5ec', 'from_name': 'Bill', 'from_avatar': '#x1F9D3', 'message': 'TEST_iter28 flutter 1', 'read': False, 'created_at': '2026-07-15T10:15:23.563892+00:00'}, {'id': 'cc8582f0-f55c-4e3a-ae79-c2dcfff95b70', 'from_id': '97945bfb-6ca1-4432-a3e5-eb75cdd6e0e7', 'to_id': '7452ce79-7027-4a94-9669-0ee3a521a5ec', 'from_name': 'Bill', 'from_avatar': '#x1F9D3', 'message': 'TEST_iter28 flutter 0', 'read': False, 'created_at': '2026-07-15T10:15:23.516072+00:00'}, {'id': '64fb57df-bb0d-4532-b8a3-612f99ef8132', 'from_id': '15aa90d7-ca95-46dd-8888-06ceeaf56a2c', 'to_id': '7452ce79-7027-4a94-9669-0ee3a521a5ec', 'from_name': 'RefTest', 'from_avatar': '#x1F98B', 'message': '#x1F389 Just joined through your invite — say hi!', 'read': False, 'created_at': '2026-07-15T10:15:09.897084+00:00'}, {'id': 'efc24e35-44ae-4654-8366-ecfb7e2d3a34', 'from_id': '1be069ff-e733-4d68-b975-c7fd5037dc63', 'to_id': '7452ce79-7027-4a94-9669-0ee3a521a5ec', 'from_name': 'RefTest', 'from_avatar': '#x1F98B', 'message': '#x1F389 Just joined through your invite — say hi!', 'read': False, 'created_at': '2026-07-15T10:15:09.560638+00:00'}, {'id': '7dc85702-1834-4b75-afa1-078e51c48d63', 'from_id': 'ffc2e87b-6dd1-4489-9489-f8fcc0881867', 'to_id': '7452ce79-7027-4a94-9669-0ee3a521a5ec', 'from_name': 'RefTest', 'from_avatar': '#x1F98B', 'message': '#x1F389 Just joined through your invite — say hi!', 'read': False, 'created_at': '2026-07-15T10:15:09.211909+00:00'}, {'id': '8df65e13-6868-4053-bf10-4d4bafd3663c', 'from_id': '46757b68-7c75-4e81-86db-37152a125453', 'to_id': '7452ce79-7027-4a94-9669-0ee3a521a5ec', 'from_name': 'Test', 'from_avatar': '#x1F338', 'message': '#x1F389 Just joined through your invite — say hi!', 'read': False, 'created_at': '2026-06-17T12:08:34.075694+00:00'}]&#10;assert 'Dorothy' in {'Bill', 'Frank', 'RefTest', 'Test'}">E   AssertionError: No seeded Flutter from Dorothy. Got: [{'id': 'bb9eac85-fb1d-4cb4-a490-a51a4b5c85ba', 'from_id': '6a965700-998c-4f54-9838-83a33ed155ea', 'to_id': '7452ce79-7027-4a94-9669-0ee3a521a5ec', 'from_name': 'Frank', 'from_avatar': '#x1F528', 'message': 'replied with a flutter #x1F98B — would you like to start a chat?', 'read': False, 'created_at': '2026-07-15T10:16:27.977950+00:00'}, {'id': 'b87b8181-dfa9-425d-a4c7-c6e24bc3c6d9', 'from_id': '6a965700-998c-4f54-9838-83a33ed155ea', 'to_id': '7452ce79-7027-4a94-9669-0ee3a521a5ec', 'from_name': 'Frank', 'from_avatar': '#x1F528', 'message': 'TEST_phaseA', 'read': False, 'created_at': '2026-07-15T10:16:17.653326+00:00'}, {'id': '5eab84b1-175a-44f9-a3ec-31d184ff2482', 'from_id': '6a965700-998c-4f54-9838-83a33ed155ea', 'to_id': '7452ce79-7027-4a94-9669-0ee3a521a5ec', 'from_name': 'Frank', 'from_avatar': '#x1F528', 'message': 'replied with a flutter #x1F98B — would you like to start a chat?', 'read': False, 'created_at': '2026-07-15T10:15:51.101763+00:00'}, {'id': 'e1befd2d-97f3-4efe-b93a-415e49e3ef03', 'from_id': '97945bfb-6ca1-4432-a3e5-eb75cdd6e0e7', 'to_id': '7452ce79-7027-4a94-9669-0ee3a521a5ec', 'from_name': 'Bill', 'from_avatar': '#x1F9D3', 'message': 'TEST_iter28 flutter 19', 'read': False, 'created_at': '2026-07-15T10:15:24.451625+00:00'}, {'id': 'd9ae99f5-c147-4e9e-a4aa-af75425b6046', 'from_id': '97945bfb-6ca1-4432-a3e5-eb75cdd6e0e7', 'to_id': '7452ce79-7027-4a94-9669-0ee3a521a5ec', 'from_name': 'Bill', 'from_avatar': '#x1F9D3', 'message': 'TEST_iter28 flutter 18', 'read': False, 'created_at': '2026-07-15T10:15:24.405059+00:00'}, {'id': '77e2a929-85fb-45a4-951e-33f2968a6ad5', 'from_id': '97945bfb-6ca1-4432-a3e5-eb75cdd6e0e7', 'to_id': '7452ce79-7027-4a94-9669-0ee3a521a5ec', 'from_name': 'Bill', 'from_avatar': '#x1F9D3', 'message': 'TEST_iter28 flutter 17', 'read': False, 'created_at': '2026-07-15T10:15:24.357958+00:00'}, {'id': 'c1dad832-ddaf-4cd4-9987-35abb0129ae9', 'from_id': '97945bfb-6ca1-4432-a3e5-eb75cdd6e0e7', 'to_id': '7452ce79-7027-4a94-9669-0ee3a521a5ec', 'from_name': 'Bill', 'from_avatar': '#x1F9D3', 'message': 'TEST_iter28 flutter 16', 'read': False, 'created_at': '2026-07-15T10:15:24.311634+00:00'}, {'id': 'af35e638-5097-431b-8534-d65a1cc0e3ac', 'from_id': '97945bfb-6ca1-4432-a3e5-eb75cdd6e0e7', 'to_id': '7452ce79-7027-4a94-9669-0ee3a521a5ec', 'from_name': 'Bill', 'from_avatar': '#x1F9D3', 'message': 'TEST_iter28 flutter 15', 'read': False, 'created_at': '2026-07-15T10:15:24.264824+00:00'}, {'id': 'f0638493-3d48-4962-9d80-ddb0de2005dc', 'from_id': '97945bfb-6ca1-4432-a3e5-eb75cdd6e0e7', 'to_id': '7452ce79-7027-4a94-9669-0ee3a521a5ec', 'from_name': 'Bill', 'from_avatar': '#x1F9D3', 'message': 'TEST_iter28 flutter 14', 'read': False, 'created_at': '2026-07-15T10:15:24.217937+00:00'}, {'id': '3eac0934-2355-4a5a-a4a7-2b9458f3a2df', 'from_id': '97945bfb-6ca1-4432-a3e5-eb75cdd6e0e7', 'to_id': '7452ce79-7027-4a94-9669-0ee3a521a5ec', 'from_name': 'Bill', 'from_avatar': '#x1F9D3', 'message': 'TEST_iter28 flutter 13', 'read': False, 'created_at': '2026-07-15T10:15:24.171780+00:00'}, {'id': '50a52f8d-90a4-484a-827c-6eedc0bef2eb', 'from_id': '97945bfb-6ca1-4432-a3e5-eb75cdd6e0e7', 'to_id': '7452ce79-7027-4a94-9669-0ee3a521a5ec', 'from_name': 'Bill', 'from_avatar': '#x1F9D3', 'message': 'TEST_iter28 flutter 12', 'read': False, 'created_at': '2026-07-15T10:15:24.100147+00:00'}, {'id': 'de965b2a-a871-4303-b1a8-59814ae47605', 'from_id': '97945bfb-6ca1-4432-a3e5-eb75cdd6e0e7', 'to_id': '7452ce79-7027-4a94-9669-0ee3a521a5ec', 'from_name': 'Bill', 'from_avatar': '#x1F9D3', 'message': 'TEST_iter28 flutter 11', 'read': False, 'created_at': '2026-07-15T10:15:24.054330+00:00'}, {'id': 'dc5b2a4f-a021-4d64-9d45-1c2f8e01e930', 'from_id': '97945bfb-6ca1-4432-a3e5-eb75cdd6e0e7', 'to_id': '7452ce79-7027-4a94-9669-0ee3a521a5ec', 'from_name': 'Bill', 'from_avatar': '#x1F9D3', 'message': 'TEST_iter28 flutter 10', 'read': False, 'created_at': '2026-07-15T10:15:24.005802+00:00'}, {'id': 'b95241ac-e653-4d13-a87d-917f870e7983', 'from_id': '97945bfb-6ca1-4432-a3e5-eb75cdd6e0e7', 'to_id': '7452ce79-7027-4a94-9669-0ee3a521a5ec', 'from_name': 'Bill', 'from_avatar': '#x1F9D3', 'message': 'TEST_iter28 flutter 9', 'read': False, 'created_at': '2026-07-15T10:15:23.957541+00:00'}, {'id': '40c693f2-51a4-4f00-925a-6b377f411445', 'from_id': '97945bfb-6ca1-4432-a3e5-eb75cdd6e0e7', 'to_id': '7452ce79-7027-4a94-9669-0ee3a521a5ec', 'from_name': 'Bill', 'from_avatar': '#x1F9D3', 'message': 'TEST_iter28 flutter 8', 'read': False, 'created_at': '2026-07-15T10:15:23.910486+00:00'}, {'id': '4d96b4b4-7739-4e5a-bfa7-8c84ad00a946', 'from_id': '97945bfb-6ca1-4432-a3e5-eb75cdd6e0e7', 'to_id': '7452ce79-7027-4a94-9669-0ee3a521a5ec', 'from_name': 'Bill', 'from_avatar': '#x1F9D3', 'message': 'TEST_iter28 flutter 7', 'read': False, 'created_at': '2026-07-15T10:15:23.840349+00:00'}, {'id': 'ca233624-00ab-4806-b4ed-0b4b2666f78e', 'from_id': '97945bfb-6ca1-4432-a3e5-eb75cdd6e0e7', 'to_id': '7452ce79-7027-4a94-9669-0ee3a521a5ec', 'from_name': 'Bill', 'from_avatar': '#x1F9D3', 'message': 'TEST_iter28 flutter 6', 'read': False, 'created_at': '2026-07-15T10:15:23.791270+00:00'}, {'id': 'f8e29ca8-2e75-48a3-85fa-bd9c730d7773', 'from_id': '97945bfb-6ca1-4432-a3e5-eb75cdd6e0e7', 'to_id': '7452ce79-7027-4a94-9669-0ee3a521a5ec', 'from_name': 'Bill', 'from_avatar': '#x1F9D3', 'message': 'TEST_iter28 flutter 5', 'read': False, 'created_at': '2026-07-15T10:15:23.746659+00:00'}, {'id': '61577edd-8872-44e4-98a1-6f69eec47ca5', 'from_id': '97945bfb-6ca1-4432-a3e5-eb75cdd6e0e7', 'to_id': '7452ce79-7027-4a94-9669-0ee3a521a5ec', 'from_name': 'Bill', 'from_avatar': '#x1F9D3', 'message': 'TEST_iter28 flutter 4', 'read': False, 'created_at': '2026-07-15T10:15:23.702763+00:00'}, {'id': 'b9cd7799-78ea-43a3-ae4b-6cb5514cb67e', 'from_id': '97945bfb-6ca1-4432-a3e5-eb75cdd6e0e7', 'to_id': '7452ce79-7027-4a94-9669-0ee3a521a5ec', 'from_name': 'Bill', 'from_avatar': '#x1F9D3', 'message': 'TEST_iter28 flutter 3', 'read': False, 'created_at': '2026-07-15T10:15:23.656293+00:00'}, {'id': 'a11e6dc9-5814-4e2d-ab93-cb89cdb2f3c1', 'from_id': '97945bfb-6ca1-4432-a3e5-eb75cdd6e0e7', 'to_id': '7452ce79-7027-4a94-9669-0ee3a521a5ec', 'from_name': 'Bill', 'from_avatar': '#x1F9D3', 'message': 'TEST_iter28 flutter 2', 'read': False, 'created_at': '2026-07-15T10:15:23.609778+00:00'}, {'id': '65a78028-1768-458c-a47c-ee87790ebcb5', 'from_id': '97945bfb-6ca1-4432-a3e5-eb75cdd6e0e7', 'to_id': '7452ce79-7027-4a94-9669-0ee3a521a5ec', 'from_name': 'Bill', 'from_avatar': '#x1F9D3', 'message': 'TEST_iter28 flutter 1', 'read': False, 'created_at': '2026-07-15T10:15:23.563892+00:00'}, {'id': 'cc8582f0-f55c-4e3a-ae79-c2dcfff95b70', 'from_id': '97945bfb-6ca1-4432-a3e5-eb75cdd6e0e7', 'to_id': '7452ce79-7027-4a94-9669-0ee3a521a5ec', 'from_name': 'Bill', 'from_avatar': '#x1F9D3', 'message': 'TEST_iter28 flutter 0', 'read': False, 'created_at': '2026-07-15T10:15:23.516072+00:00'}, {'id': '64fb57df-bb0d-4532-b8a3-612f99ef8132', 'from_id': '15aa90d7-ca95-46dd-8888-06ceeaf56a2c', 'to_id': '7452ce79-7027-4a94-9669-0ee3a521a5ec', 'from_name': 'RefTest', 'from_avatar': '#x1F98B', 'message': '#x1F389 Just joined through your invite — say hi!', 'read': False, 'created_at': '2026-07-15T10:15:09.897084+00:00'}, {'id': 'efc24e35-44ae-4654-8366-ecfb7e2d3a34', 'from_id': '1be069ff-e733-4d68-b975-c7fd5037dc63', 'to_id': '7452ce79-7027-4a94-9669-0ee3a521a5ec', 'from_name': 'RefTest', 'from_avatar': '#x1F98B', 'message': '#x1F389 Just joined through your invite — say hi!', 'read': False, 'created_at': '2026-07-15T10:15:09.560638+00:00'}, {'id': '7dc85702-1834-4b75-afa1-078e51c48d63', 'from_id': 'ffc2e87b-6dd1-4489-9489-f8fcc0881867', 'to_id': '7452ce79-7027-4a94-9669-0ee3a521a5ec', 'from_name': 'RefTest', 'from_avatar': '#x1F98B', 'message': '#x1F389 Just joined through your invite — say hi!', 'read': False, 'created_at': '2026-07-15T10:15:09.211909+00:00'}, {'id': '8df65e13-6868-4053-bf10-4d4bafd3663c', 'from_id': '46757b68-7c75-4e81-86db-37152a125453', 'to_id': '7452ce79-7027-4a94-9669-0ee3a521a5ec', 'from_name': 'Test', 'from_avatar': '#x1F338', 'message': '#x1F389 Just joined through your invite — say hi!', 'read': False, 'created_at': '2026-06-17T12:08:34.075694+00:00'}]
    assert 'Dorothy' in {'Bill', 'Frank', 'RefTest', 'Test'}</failure></testcase><testcase classname="tests.test_youbelong_api" name="test_send_flutter" time="0.591"><failure message="assert 403 == 200&#10; +  where 403 = &lt;Response [403]&gt;.status_code">E   assert 403 == 200
     +  where 403 = &lt;Response [403]&gt;.status_code</failure></testcase><testcase classname="tests.test_youbelong_api" name="test_dm_start_and_messages" time="0.605"><failure message="assert 401 == 200&#10; +  where 401 = &lt;Response [401]&gt;.status_code">E   assert 401 == 200
     +  where 401 = &lt;Response [401]&gt;.status_code</failure></testcase><testcase classname="tests.test_youbelong_api" name="test_dm_conversations" time="0.100"><failure message="assert 401 == 200&#10; +  where 401 = &lt;Response [401]&gt;.status_code">E   assert 401 == 200
     +  where 401 = &lt;Response [401]&gt;.status_code</failure></testcase><testcase classname="tests.test_youbelong_api" name="test_friend_request" time="0.094"><failure message="assert 400 == 200&#10; +  where 400 = &lt;Response [400]&gt;.status_code">E   assert 400 == 200
     +  where 400 = &lt;Response [400]&gt;.status_code</failure></testcase><testcase classname="tests.test_youbelong_api" name="test_ws_table_chat" time="0.096"><failure message="RuntimeError: There is no current event loop in thread 'MainThread'.">E   RuntimeError: There is no current event loop in thread 'MainThread'.</failure></testcase><testcase classname="tests.test_youbelong_api" name="test_ws_dm_chat" time="0.093"><failure message="KeyError: 'id'">E   KeyError: 'id'</failure></testcase></testsuite></testsuites>