<?xml version="1.0" encoding="utf-8"?><testsuites name="pytest tests"><testsuite name="pytest" errors="0" failures="0" skipped="0" tests="40" time="8.156" timestamp="2026-07-30T02:18:27.792360+00:00" hostname="agent-env-6f7dd4bc-bd26-46b3-bfec-45be9dbd910a"><testcase classname="backend.tests.test_flyer_v2_deliverables" name="test_png_deliverable_served_and_dimensions[a4-founding]" time="0.271" /><testcase classname="backend.tests.test_flyer_v2_deliverables" name="test_png_deliverable_served_and_dimensions[a4-download]" time="0.151" /><testcase classname="backend.tests.test_flyer_v2_deliverables" name="test_png_deliverable_served_and_dimensions[a4-hires-founding]" time="0.163" /><testcase classname="backend.tests.test_flyer_v2_deliverables" name="test_png_deliverable_served_and_dimensions[a4-hires-download]" time="0.172" /><testcase classname="backend.tests.test_flyer_v2_deliverables" name="test_png_deliverable_served_and_dimensions[a3-hires-founding]" time="0.179" /><testcase classname="backend.tests.test_flyer_v2_deliverables" name="test_png_deliverable_served_and_dimensions[a3-hires-download]" time="0.187" /><testcase classname="backend.tests.test_flyer_v2_deliverables" name="test_png_deliverable_served_and_dimensions[social-founding]" time="0.126" /><testcase classname="backend.tests.test_flyer_v2_deliverables" name="test_png_deliverable_served_and_dimensions[social-download]" time="0.132" /><testcase classname="backend.tests.test_flyer_v2_deliverables" name="test_png_deliverable_served_and_dimensions[thumb-founding]" time="0.145" /><testcase classname="backend.tests.test_flyer_v2_deliverables" name="test_png_deliverable_served_and_dimensions[thumb-download]" time="0.133" /><testcase classname="backend.tests.test_flyer_v2_deliverables" name="test_pdf_deliverable_served[a4-founding]" time="0.148" /><testcase classname="backend.tests.test_flyer_v2_deliverables" name="test_pdf_deliverable_served[a4-download]" time="0.151" /><testcase classname="backend.tests.test_flyer_v2_deliverables" name="test_pdf_deliverable_served[a3-founding]" time="0.158" /><testcase classname="backend.tests.test_flyer_v2_deliverables" name="test_pdf_deliverable_served[a3-download]" time="0.165" /><testcase classname="backend.tests.test_flyer_v2_deliverables" name="test_mission_line_present_in_a4_bottom[founding]" time="0.194" /><testcase classname="backend.tests.test_flyer_v2_deliverables" name="test_mission_line_present_in_a4_bottom[download]" time="0.189" /><testcase classname="backend.tests.test_flyer_v2_deliverables" name="test_bottom_band_has_ink_all_variants[founding-a4.png-60-0.002]" time="0.179" /><testcase classname="backend.tests.test_flyer_v2_deliverables" name="test_bottom_band_has_ink_all_variants[founding-a4-hires.png-200-0.002]" time="0.267" /><testcase classname="backend.tests.test_flyer_v2_deliverables" name="test_bottom_band_has_ink_all_variants[founding-a3-hires.png-280-0.002]" time="0.408" /><testcase classname="backend.tests.test_flyer_v2_deliverables" name="test_bottom_band_has_ink_all_variants[founding-social.png-60-0.005]" time="0.162" /><testcase classname="backend.tests.test_flyer_v2_deliverables" name="test_bottom_band_has_ink_all_variants[download-a4.png-60-0.002]" time="0.207" /><testcase classname="backend.tests.test_flyer_v2_deliverables" name="test_bottom_band_has_ink_all_variants[download-a4-hires.png-200-0.002]" time="0.265" /><testcase classname="backend.tests.test_flyer_v2_deliverables" name="test_bottom_band_has_ink_all_variants[download-a3-hires.png-280-0.002]" time="0.420" /><testcase classname="backend.tests.test_flyer_v2_deliverables" name="test_bottom_band_has_ink_all_variants[download-social.png-60-0.005]" time="0.162" /><testcase classname="backend.tests.test_flyer_v2_deliverables" name="test_founding_a4_headline_present" time="0.190" /><testcase classname="backend.tests.test_flyer_v2_deliverables" name="test_founding_a4_gold_ribbon_present" time="0.176" /><testcase classname="backend.tests.test_flyer_v2_deliverables" name="test_founding_a4_navy_pill_present" time="0.225" /><testcase classname="backend.tests.test_flyer_v2_deliverables" name="test_no_butterfly_inside_gold_ribbon[founding-a4.png-470-770-710-780]" time="0.167" /><testcase classname="backend.tests.test_flyer_v2_deliverables" name="test_no_butterfly_inside_gold_ribbon[founding-social.png-390-690-460-540]" time="0.139" /><testcase classname="backend.tests.test_flyer_v2_deliverables" name="test_website_routes_regression[/meet]" time="0.114" /><testcase classname="backend.tests.test_flyer_v2_deliverables" name="test_website_routes_regression[/register-interest]" time="0.124" /><testcase classname="backend.tests.test_flyer_v2_deliverables" name="test_website_routes_regression[/admin]" time="0.115" /><testcase classname="backend.tests.test_flyer_v2_deliverables" name="test_last_ink_y_meets_target[founding-a4.png-1700]" time="0.176" /><testcase classname="backend.tests.test_flyer_v2_deliverables" name="test_last_ink_y_meets_target[download-a4.png-1700]" time="0.174" /><testcase classname="backend.tests.test_flyer_v2_deliverables" name="test_last_ink_y_meets_target[download-a4-hires.png-3400]" time="0.253" /><testcase classname="backend.tests.test_flyer_v2_deliverables" name="test_last_ink_y_meets_target[download-a3-hires.png-4800]" time="0.396" /><testcase classname="backend.tests.test_flyer_v2_deliverables" name="test_last_ink_y_meets_target[download-social.png-1030]" time="0.572" /><testcase classname="backend.tests.test_flyer_v2_deliverables" name="test_founding_a4_ribbon_is_compact" time="0.172" /><testcase classname="backend.tests.test_flyer_v2_deliverables" name="test_founding_a4_teal_checkmarks_present" time="0.167" /><testcase classname="backend.tests.test_flyer_v2_deliverables" name="test_founding_a4_intro_navy_text_present" time="0.165" /></testsuite></testsuites>