<?xml version="1.0" encoding="utf-8"?><testsuites name="pytest tests"><testsuite name="pytest" errors="0" failures="0" skipped="0" tests="17" time="4.915" timestamp="2026-07-17T03:52:59.757350+00:00" hostname="agent-env-d75e56bd-d5fc-45f3-93ee-d88994102c49"><testcase classname="backend.tests.test_cms_module.TestCmsAuth" name="test_setup_required_after_wipe" time="0.694" /><testcase classname="backend.tests.test_cms_module.TestCmsAuth" name="test_setup_creates_admin_and_locks" time="0.255" /><testcase classname="backend.tests.test_cms_module.TestCmsAuth" name="test_login_wrong_password_401" time="0.225" /><testcase classname="backend.tests.test_cms_module.TestCmsAuth" name="test_login_success_and_me" time="0.229" /><testcase classname="backend.tests.test_cms_module.TestCmsAuth" name="test_me_requires_token" time="0.002" /><testcase classname="backend.tests.test_cms_module.TestCmsAuth" name="test_forgot_always_ok" time="0.235" /><testcase classname="backend.tests.test_cms_module.TestCmsAuth" name="test_reset_with_valid_token" time="1.341" /><testcase classname="backend.tests.test_cms_module.TestCmsAuth" name="test_reset_bad_token" time="0.002" /><testcase classname="backend.tests.test_cms_module.TestCmsContent" name="test_get_content_requires_auth" time="0.002" /><testcase classname="backend.tests.test_cms_module.TestCmsContent" name="test_get_content_authed" time="0.917" /><testcase classname="backend.tests.test_cms_module.TestCmsContent" name="test_patch_faqs_and_public_reflects" time="0.006" /><testcase classname="backend.tests.test_cms_module.TestCmsContent" name="test_public_endpoints_no_auth" time="0.011" /><testcase classname="backend.tests.test_cms_module.TestCmsMedia" name="test_upload_requires_auth" time="0.002" /><testcase classname="backend.tests.test_cms_module.TestCmsMedia" name="test_upload_rejects_non_image" time="0.003" /><testcase classname="backend.tests.test_cms_module.TestCmsMedia" name="test_upload_list_patch_delete" time="0.021" /><testcase classname="backend.tests.test_cms_module.TestCliScript" name="test_list_cli_after_setup" time="0.688" /><testcase classname="backend.tests.test_cms_module.TestCliScript" name="test_wipe_without_yes_errors" time="0.188" /></testsuite></testsuites>