<?xml version="1.0" encoding="utf-8"?><testsuites name="pytest tests"><testsuite name="pytest" errors="0" failures="0" skipped="0" tests="5" time="0.775" timestamp="2026-06-14T12:17:42.822843+00:00" hostname="agent-env-d75e56bd-d5fc-45f3-93ee-d88994102c49"><testcase classname="backend.tests.test_youbelong_api" name="test_list_tables" time="0.122" /><testcase classname="backend.tests.test_youbelong_api" name="test_get_table_with_seated_users" time="0.086" /><testcase classname="backend.tests.test_youbelong_api" name="test_create_table" time="0.171" /><testcase classname="backend.tests.test_youbelong_api" name="test_table_messages" time="0.086" /><testcase classname="backend.tests.test_youbelong_api" name="test_ws_table_chat" time="0.249" /></testsuite></testsuites>