<?xml version="1.0" encoding="utf-8"?><testsuites name="pytest tests"><testsuite name="pytest" errors="0" failures="0" skipped="0" tests="19" time="4.844" timestamp="2026-06-15T11:35:13.126344+00:00" hostname="agent-env-d75e56bd-d5fc-45f3-93ee-d88994102c49"><testcase classname="backend.tests.test_onboarding_wizard.TestSuggestedGroups" name="test_starter_groups_present_and_shape" time="0.297" /><testcase classname="backend.tests.test_onboarding_wizard.TestSuggestedGroups" name="test_interest_match_ranks_pet_lovers_high_for_frankie" time="0.047" /><testcase classname="backend.tests.test_onboarding_wizard.TestSuggestedGroups" name="test_idempotency_no_dup_starter_groups" time="0.095" /><testcase classname="backend.tests.test_onboarding_wizard.TestSuggestedGroups" name="test_invalid_user_id_returns_404" time="0.041" /><testcase classname="backend.tests.test_onboarding_wizard.TestOnboardingComplete" name="test_complete_basic_awards_welcome_aboard_and_10_points" time="0.597" /><testcase classname="backend.tests.test_onboarding_wizard.TestOnboardingComplete" name="test_joined_all_awards_community_joiner_and_15_points" time="0.452" /><testcase classname="backend.tests.test_onboarding_wizard.TestOnboardingComplete" name="test_idempotent_no_dup_membership_or_badge" time="0.505" /><testcase classname="backend.tests.test_onboarding_wizard.TestOnboardingComplete" name="test_empty_payload_still_marks_complete" time="0.372" /><testcase classname="backend.tests.test_onboarding_wizard.TestOnboardingComplete" name="test_location_visibility_private_wipes_suburb" time="0.355" /><testcase classname="backend.tests.test_onboarding_wizard.TestOnboardingComplete" name="test_complete_invalid_user_returns_404" time="0.043" /><testcase classname="backend.tests.test_onboarding_wizard.TestRegressionSmoke" name="test_legacy_onboarding_complete_still_works" time="0.370" /><testcase classname="backend.tests.test_onboarding_wizard.TestRegressionSmoke" name="test_demo_login" time="0.041" /><testcase classname="backend.tests.test_onboarding_wizard.TestRegressionSmoke" name="test_login_real_account" time="0.266" /><testcase classname="backend.tests.test_onboarding_wizard.TestRegressionSmoke" name="test_auth_me_with_token" time="0.042" /><testcase classname="backend.tests.test_onboarding_wizard.TestRegressionSmoke" name="test_google_auth_endpoint_reachable" time="0.155" /><testcase classname="backend.tests.test_onboarding_wizard.TestRegressionSmoke" name="test_signup_unique_username_validation" time="0.344" /><testcase classname="backend.tests.test_onboarding_wizard.TestRegressionSmoke" name="test_admin_summary" time="0.134" /><testcase classname="backend.tests.test_onboarding_wizard.TestRegressionSmoke" name="test_groups_listing" time="0.046" /><testcase classname="backend.tests.test_onboarding_wizard.TestRegressionSmoke" name="test_legacy_group_join" time="0.401" /></testsuite></testsuites>