<?xml version="1.0" encoding="utf-8"?><testsuites name="pytest tests"><testsuite name="pytest" errors="0" failures="0" skipped="0" tests="5" time="12.847" timestamp="2026-07-21T02:51:51.464307+00:00" hostname="agent-env-d75e56bd-d5fc-45f3-93ee-d88994102c49"><testcase classname="backend.tests.test_iter78_voice_selection.TestVoiceSelection" name="test_george_persona" time="2.076" /><testcase classname="backend.tests.test_iter78_voice_selection.TestVoiceSelection" name="test_georgia_persona" time="2.083" /><testcase classname="backend.tests.test_iter78_voice_selection.TestVoiceSelection" name="test_george_and_georgia_differ" time="4.266" /><testcase classname="backend.tests.test_iter78_voice_selection.TestVoiceSelection" name="test_invalid_voice_falls_back_gracefully" time="1.129" /><testcase classname="backend.tests.test_iter78_voice_selection.TestVoiceSelection" name="test_default_voice_matches_george" time="3.220" /></testsuite></testsuites>