<?xml version="1.0" encoding="utf-8"?><testsuites name="pytest tests"><testsuite name="pytest" errors="0" failures="0" skipped="0" tests="35" time="4.888" timestamp="2026-07-31T05:33:27.375411+00:00" hostname="agent-env-6f7dd4bc-bd26-46b3-bfec-45be9dbd910a"><testcase classname="backend.tests.test_iter127_founding_members_crm.TestCrmList" name="test_list_returns_shape" time="0.674" /><testcase classname="backend.tests.test_iter127_founding_members_crm.TestCrmList" name="test_seeded_rows_visible_and_legacy_new_backfilled" time="0.042" /><testcase classname="backend.tests.test_iter127_founding_members_crm.TestCrmList" name="test_status_filter_registered_includes_legacy_new" time="0.039" /><testcase classname="backend.tests.test_iter127_founding_members_crm.TestCrmList" name="test_status_filter_invited" time="0.080" /><testcase classname="backend.tests.test_iter127_founding_members_crm.TestCrmList" name="test_free_text_search_on_first_name" time="0.081" /><testcase classname="backend.tests.test_iter127_founding_members_crm.TestCrmList" name="test_free_text_search_on_state_country" time="0.080" /><testcase classname="backend.tests.test_iter127_founding_members_crm.TestCrmList" name="test_free_text_search_on_tag" time="0.042" /><testcase classname="backend.tests.test_iter127_founding_members_crm.TestCrmList" name="test_requires_auth" time="0.126" /><testcase classname="backend.tests.test_iter127_founding_members_crm.TestCrmStats" name="test_stats_envelope" time="0.046" /><testcase classname="backend.tests.test_iter127_founding_members_crm.TestCrmStats" name="test_awaiting_contact_includes_legacy_new" time="0.084" /><testcase classname="backend.tests.test_iter127_founding_members_crm.TestCrmStats" name="test_invited_count_reflects_seed" time="0.041" /><testcase classname="backend.tests.test_iter127_founding_members_crm.TestCrmPatch" name="test_patch_status_persists_and_appends_history" time="0.079" /><testcase classname="backend.tests.test_iter127_founding_members_crm.TestCrmPatch" name="test_patch_notes_and_tags" time="0.043" /><testcase classname="backend.tests.test_iter127_founding_members_crm.TestCrmPatch" name="test_patch_invalid_status" time="0.040" /><testcase classname="backend.tests.test_iter127_founding_members_crm.TestCrmPatch" name="test_patch_unknown_id_returns_404" time="0.041" /><testcase classname="backend.tests.test_iter127_founding_members_crm.TestCrmPatch" name="test_patch_empty_body_400" time="0.040" /><testcase classname="backend.tests.test_iter127_founding_members_crm.TestCrmPatch" name="test_patch_requires_auth" time="0.048" /><testcase classname="backend.tests.test_iter127_founding_members_crm.TestCuratedShowcaseRegression" name="test_showcase_list" time="0.040" /><testcase classname="backend.tests.test_iter127_founding_members_crm.TestCuratedShowcaseRegression" name="test_showcase_create" time="0.041" /><testcase classname="backend.tests.test_iter127_founding_members_crm.TestCuratedShowcaseRegression" name="test_showcase_patch" time="0.044" /><testcase classname="backend.tests.test_iter127_founding_members_crm.TestCuratedShowcaseRegression" name="test_showcase_reorder" time="0.122" /><testcase classname="backend.tests.test_iter127_founding_members_crm.TestCuratedShowcaseRegression" name="test_showcase_delete" time="0.041" /><testcase classname="backend.tests.test_iter127_founding_members_crm.TestPublicRegisterInterestFlow" name="test_register_sets_default_registered_and_bumps_stats" time="1.110" /><testcase classname="backend.tests.test_iter127_founding_members_crm.TestPreviewTokenSecurity" name="test_mint_returns_64_hex" time="0.082" /><testcase classname="backend.tests.test_iter127_founding_members_crm.TestPreviewTokenSecurity" name="test_iframe_missing_token_401" time="0.044" /><testcase classname="backend.tests.test_iter127_founding_members_crm.TestPreviewTokenSecurity" name="test_iframe_with_preview_token_200" time="0.109" /><testcase classname="backend.tests.test_iter127_founding_members_crm.TestPreviewTokenSecurity" name="test_iframe_with_bad_token_401" time="0.083" /><testcase classname="backend.tests.test_iter127_founding_members_crm.TestPreviewTokenSecurity" name="test_iframe_with_admin_jwt_still_works_backwards_compat" time="0.051" /><testcase classname="backend.tests.test_iter127_founding_members_crm.TestGeorgeLiveTools" name="test_count_all" time="1.367" /><testcase classname="backend.tests.test_iter127_founding_members_crm.TestGeorgeLiveTools" name="test_count_by_status_registered_includes_legacy_new" time="0.001" /><testcase classname="backend.tests.test_iter127_founding_members_crm.TestGeorgeLiveTools" name="test_count_by_status_invited" time="0.001" /><testcase classname="backend.tests.test_iter127_founding_members_crm.TestGeorgeLiveTools" name="test_count_since_days" time="0.001" /><testcase classname="backend.tests.test_iter127_founding_members_crm.TestGeorgeLiveTools" name="test_count_by_state_country" time="0.001" /><testcase classname="backend.tests.test_iter127_founding_members_crm.TestGeorgeLiveTools" name="test_list_latest_limit_1" time="0.001" /><testcase classname="backend.tests.test_iter127_founding_members_crm.TestGeorgeLiveTools" name="test_founding_members_summary" time="0.007" /></testsuite></testsuites>