<?xml version="1.0" encoding="utf-8"?><testsuites name="pytest tests"><testsuite name="pytest" errors="0" failures="0" skipped="0" tests="4" time="1.948" timestamp="2026-07-15T08:11:22.107037+00:00" hostname="agent-env-d75e56bd-d5fc-45f3-93ee-d88994102c49"><testcase classname="backend.tests.test_iter59_ratelimit_xff.TestRateLimitXFF" name="test_1_five_probes_from_same_ip_all_succeed" time="1.346" /><testcase classname="backend.tests.test_iter59_ratelimit_xff.TestRateLimitXFF" name="test_2_sixth_probe_same_ip_returns_429" time="0.047" /><testcase classname="backend.tests.test_iter59_ratelimit_xff.TestRateLimitXFF" name="test_3_different_ip_still_succeeds" time="0.199" /><testcase classname="backend.tests.test_iter59_ratelimit_xff.TestRateLimitXFF" name="test_4_xff_first_hop_is_used_when_chain_present" time="0.215" /></testsuite></testsuites>