<?xml version="1.0" encoding="utf-8"?><testsuites name="pytest tests"><testsuite name="pytest" errors="0" failures="0" skipped="0" tests="4" time="1.079" timestamp="2026-06-25T12:03:32.427686+00:00" hostname="agent-env-d75e56bd-d5fc-45f3-93ee-d88994102c49"><testcase classname="backend.tests.test_iter44_flutter_back.TestDemoBlocksClean" name="test_all_demo_accounts_have_empty_blocked" time="0.557" /><testcase classname="backend.tests.test_iter44_flutter_back.TestFlutterRoundTrip" name="test_frank_to_joyce_then_joyce_back" time="0.144" /><testcase classname="backend.tests.test_iter44_flutter_back.TestFrankMargaretWorks" name="test_frank_can_now_flutter_margaret_and_back" time="0.092" /><testcase classname="backend.tests.test_iter44_flutter_back.TestExplicitBlockStillBlocks" name="test_explicit_block_returns_403_then_cleanup" time="0.130" /></testsuite></testsuites>