<?xml version="1.0" encoding="utf-8"?><testsuites name="pytest tests"><testsuite name="pytest" errors="0" failures="0" skipped="0" tests="5" time="9.899" timestamp="2026-07-28T11:23:50.491879+00:00" hostname="agent-env-0fca8d4b-261e-4c0e-9d89-e59017a442d3"><testcase classname="backend.tests.test_iter108_batch3_voice_and_continuity.TestGeorgeVoicePolicy" name="test_george_maps_to_ash_on_tts1hd_at_1_05x" time="2.162" /><testcase classname="backend.tests.test_iter108_batch3_voice_and_continuity.TestGeorgeVoicePolicy" name="test_georgia_maps_to_nova" time="2.463" /><testcase classname="backend.tests.test_iter108_batch3_voice_and_continuity.TestGeorgeVoicePolicy" name="test_bogus_voice_falls_back_to_ash" time="2.982" /><testcase classname="backend.tests.test_iter108_batch3_voice_and_continuity.TestGeorgeVoicePolicy" name="test_missing_auth_rejected" time="0.042" /><testcase classname="backend.tests.test_iter108_batch3_voice_and_continuity.TestStaleDataGuard" name="test_state_question_forces_tool_call" time="2.181" /></testsuite></testsuites>