<?xml version="1.0" encoding="utf-8"?><testsuites name="pytest tests"><testsuite name="pytest" errors="0" failures="0" skipped="0" tests="43" time="3.585" timestamp="2026-06-14T11:49:46.543492+00:00" hostname="agent-env-d75e56bd-d5fc-45f3-93ee-d88994102c49"><testcase classname="tests.test_spot_assets.TestPuzzleAssetURLs" name="test_scene_a_elements_have_asset_url[cafes-coffee-easy]" time="0.215" /><testcase classname="tests.test_spot_assets.TestPuzzleAssetURLs" name="test_scene_a_elements_have_asset_url[australian_gardens-garden-moderate]" time="0.051" /><testcase classname="tests.test_spot_assets.TestPuzzleAssetURLs" name="test_scene_a_elements_have_asset_url[wildlife-wildlife-hard]" time="0.046" /><testcase classname="tests.test_spot_assets.TestPuzzleAssetURLs" name="test_scene_a_elements_have_asset_url[kitchens-kitchens-easy]" time="0.049" /><testcase classname="tests.test_spot_assets.TestPuzzleAssetURLs" name="test_scene_a_elements_have_asset_url[country_towns-country_towns-easy]" time="0.046" /><testcase classname="tests.test_spot_assets.TestPuzzleAssetURLs" name="test_scene_a_elements_have_asset_url[classic_cars-classic_cars-easy]" time="0.045" /><testcase classname="tests.test_spot_assets.TestPuzzleAssetURLs" name="test_scene_a_elements_have_asset_url[parks_trails-parks_trails-easy]" time="0.046" /><testcase classname="tests.test_spot_assets.TestPuzzleAssetURLs" name="test_scene_a_elements_have_asset_url[beaches-beach-easy]" time="0.051" /><testcase classname="tests.test_spot_assets.TestPuzzleAssetURLs" name="test_scene_b_elements_have_asset_url[cafes-coffee]" time="0.047" /><testcase classname="tests.test_spot_assets.TestPuzzleAssetURLs" name="test_scene_b_elements_have_asset_url[australian_gardens-garden]" time="0.045" /><testcase classname="tests.test_spot_assets.TestPuzzleAssetURLs" name="test_scene_b_elements_have_asset_url[wildlife-wildlife]" time="0.047" /><testcase classname="tests.test_spot_assets.TestPuzzleAssetURLs" name="test_scene_b_elements_have_asset_url[kitchens-kitchens]" time="0.171" /><testcase classname="tests.test_spot_assets.TestPuzzleAssetURLs" name="test_scene_b_elements_have_asset_url[country_towns-country_towns]" time="0.046" /><testcase classname="tests.test_spot_assets.TestPuzzleAssetURLs" name="test_scene_b_elements_have_asset_url[classic_cars-classic_cars]" time="0.044" /><testcase classname="tests.test_spot_assets.TestPuzzleAssetURLs" name="test_scene_b_elements_have_asset_url[parks_trails-parks_trails]" time="0.046" /><testcase classname="tests.test_spot_assets.TestPuzzleAssetURLs" name="test_scene_b_elements_have_asset_url[beaches-beach]" time="0.053" /><testcase classname="tests.test_spot_assets.TestSwapEmojiAssetURL" name="test_wildlife_flamingo_swap_resolves_in_scene_b" time="0.045" /><testcase classname="tests.test_spot_assets.TestSwapEmojiAssetURL" name="test_beach_lobster_swap_resolves_in_scene_b" time="0.045" /><testcase classname="tests.test_spot_assets.TestStaticAssetFiles" name="test_asset_png_200[beach-crab]" time="0.078" /><testcase classname="tests.test_spot_assets.TestStaticAssetFiles" name="test_asset_png_200[garden-bee]" time="0.062" /><testcase classname="tests.test_spot_assets.TestStaticAssetFiles" name="test_asset_png_200[coffee-muffin]" time="0.065" /><testcase classname="tests.test_spot_assets.TestStaticAssetFiles" name="test_asset_png_200[wildlife-flamingo]" time="0.048" /><testcase classname="tests.test_spot_assets.TestStaticAssetFiles" name="test_asset_png_200[kitchens-tv]" time="0.056" /><testcase classname="tests.test_spot_assets.TestStaticAssetFiles" name="test_asset_png_200[country_towns-mailbox]" time="0.056" /><testcase classname="tests.test_spot_assets.TestStaticAssetFiles" name="test_asset_png_200[classic_cars-car_body]" time="0.063" /><testcase classname="tests.test_spot_assets.TestStaticAssetFiles" name="test_asset_png_200[parks_trails-mushroom]" time="0.058" /><testcase classname="tests.test_spot_assets.TestLibraryAssetURLs" name="test_all_12_library_puzzles_carry_asset_urls" time="0.603" /><testcase classname="tests.test_spot_library.TestLibraryList" name="test_library_list_returns_12_launch_puzzles" time="0.098" /><testcase classname="tests.test_spot_library.TestLibraryList" name="test_library_card_shape" time="0.041" /><testcase classname="tests.test_spot_library.TestLibraryPuzzle" name="test_get_p003_playable" time="0.044" /><testcase classname="tests.test_spot_library.TestLibraryPuzzle" name="test_get_p003_deterministic_same_day" time="0.104" /><testcase classname="tests.test_spot_library.TestLibraryPuzzle" name="test_get_p999_404" time="0.042" /><testcase classname="tests.test_spot_library.TestDaily" name="test_daily_is_curated" time="0.042" /><testcase classname="tests.test_spot_library.TestLegacy" name="test_catalog_still_works" time="0.042" /><testcase classname="tests.test_spot_library.TestLegacy" name="test_legacy_puzzle_random_still_works" time="0.043" /><testcase classname="tests.test_spot_library.TestProgress" name="test_save_and_get_progress_for_lib_puzzle" time="0.187" /><testcase classname="tests.test_spot_library.TestProgress" name="test_complete_hard_lib_puzzle_grants_points" time="0.216" /><testcase classname="tests.test_spot_library.TestProgress" name="test_easy_lib_completion_no_points" time="0.130" /><testcase classname="tests.test_spot_library.TestStaticPhotos" name="test_static_photo_200[beach_sunset.jpg]" time="0.070" /><testcase classname="tests.test_spot_library.TestStaticPhotos" name="test_static_photo_200[garden_morning.jpg]" time="0.054" /><testcase classname="tests.test_spot_library.TestStaticPhotos" name="test_static_photo_200[cafe_window.jpg]" time="0.049" /><testcase classname="tests.test_spot_library.TestStaticPhotos" name="test_static_photo_200[kitchen_baking.jpg]" time="0.044" /><testcase classname="tests.test_spot_library.TestStaticPhotos" name="test_static_photo_200[trail_eucalypt.jpg]" time="0.055" /></testsuite></testsuites>