<?xml version="1.0" encoding="utf-8"?><testsuites name="pytest tests"><testsuite name="pytest" errors="0" failures="0" skipped="0" tests="43" time="9.248" timestamp="2026-07-31T11:24:52.387260+00:00" hostname="agent-env-6f7dd4bc-bd26-46b3-bfec-45be9dbd910a"><testcase classname="tests.test_moments.TestMomentCreate" name="test_create_with_caption_only" time="0.466" /><testcase classname="tests.test_moments.TestMomentCreate" name="test_reject_empty_caption_and_photos" time="0.042" /><testcase classname="tests.test_moments.TestMomentCreate" name="test_reject_caption_over_500_chars" time="0.042" /><testcase classname="tests.test_moments.TestMomentCreate" name="test_truncate_photos_to_six" time="0.044" /><testcase classname="tests.test_moments.TestMomentCreate" name="test_award_points_on_create" time="0.422" /><testcase classname="tests.test_moments.TestMomentCreate" name="test_reject_unknown_user" time="0.043" /><testcase classname="tests.test_moments.TestMomentList" name="test_everyone_scope_excludes_friends_only" time="0.849" /><testcase classname="tests.test_moments.TestMomentList" name="test_friends_scope_excludes_strangers" time="0.082" /><testcase classname="tests.test_moments.TestMomentDetail" name="test_404_when_missing" time="0.081" /><testcase classname="tests.test_moments.TestMomentDetail" name="test_403_for_stranger_on_friends_only" time="0.137" /><testcase classname="tests.test_moments.TestMomentLikeComment" name="test_like_toggle" time="0.128" /><testcase classname="tests.test_moments.TestMomentLikeComment" name="test_comment_and_notify" time="0.124" /><testcase classname="tests.test_moments.TestMomentLikeComment" name="test_delete_comment_by_author" time="0.427" /><testcase classname="tests.test_moments.TestMomentReport" name="test_valid_reason" time="0.089" /><testcase classname="tests.test_moments.TestMomentReport" name="test_dedup" time="0.044" /><testcase classname="tests.test_moments.TestMomentReport" name="test_invalid_reason" time="0.081" /><testcase classname="tests.test_moments.TestMomentPatchDelete" name="test_patch_caption" time="0.133" /><testcase classname="tests.test_moments.TestMomentPatchDelete" name="test_patch_rejects_non_author" time="0.123" /><testcase classname="tests.test_moments.TestMomentPatchDelete" name="test_patch_invalid_privacy" time="0.085" /><testcase classname="tests.test_moments.TestMomentPatchDelete" name="test_delete_by_author" time="0.127" /><testcase classname="tests.test_moments.TestCmsMomentsAdmin" name="test_list_requires_auth" time="0.082" /><testcase classname="tests.test_moments.TestCmsMomentsAdmin" name="test_list_summary" time="0.738" /><testcase classname="tests.test_moments.TestCmsMomentsAdmin" name="test_filter_reported" time="0.046" /><testcase classname="tests.test_moments.TestCmsMomentsAdmin" name="test_get_detail" time="0.043" /><testcase classname="tests.test_moments.TestCmsMomentsAdmin" name="test_feature_only_one_at_a_time" time="0.301" /><testcase classname="tests.test_moments.TestCmsMomentsAdmin" name="test_hide_and_restore" time="0.216" /><testcase classname="tests.test_moments.TestCmsMomentsAdmin" name="test_clear_reports" time="0.091" /><testcase classname="tests.test_moments.TestCmsMomentsAdmin" name="test_unknown_action" time="0.042" /><testcase classname="tests.test_moments.TestCmsMomentsAdmin" name="test_delete" time="0.170" /><testcase classname="tests.test_moments.TestMobileAdminMoments" name="test_requires_admin" time="0.042" /><testcase classname="tests.test_moments.TestMobileAdminMoments" name="test_list_ok_for_admin" time="0.170" /><testcase classname="tests.test_moments.TestMobileAdminMoments" name="test_action_gate" time="0.120" /><testcase classname="tests.test_moments.TestGeorgeNavigateMap" name="test_moments_in_whitelist_recipes_out" time="1.356" /><testcase classname="tests.test_moments.TestGeorgeNavigateMap" name="test_recipes_alias_redirects_to_moments" time="0.000" /><testcase classname="tests.test_moments.TestGeorgeNavigateMap" name="test_moments_passes_through" time="0.000" /><testcase classname="tests.test_moments.TestGeorgeChatOnMomentsScreen" name="test_start_session_on_moments_screen" time="0.066" /><testcase classname="tests.test_moments.TestRecipesRegression" name="test_recipes_list_still_responds" time="0.294" /><testcase classname="tests.test_moments.TestRecipesRegression" name="test_moments_featured_does_not_collide_with_id_route" time="0.042" /><testcase classname="tests.test_moments_comments_count_fix.TestListFeedCommentsCount" name="test_list_everyone_returns_correct_comments_count" time="0.980" /><testcase classname="tests.test_moments_comments_count_fix.TestListFeedCommentsCount" name="test_detail_returns_comments_count_and_array" time="0.080" /><testcase classname="tests.test_moments_comments_count_fix.TestListFeedCommentsCount" name="test_list_response_time_under_500ms_for_100" time="0.151" /><testcase classname="tests.test_moments_comments_count_fix.TestListFeedCommentsCount" name="test_list_does_not_crash_on_docs_without_comments_field" time="0.085" /><testcase classname="tests.test_moments_comments_count_fix.TestFeaturedCommentsCount" name="test_featured_returns_correct_comments_count" time="0.475" /></testsuite></testsuites>