<?xml version="1.0" encoding="utf-8"?><testsuites name="pytest tests"><testsuite name="pytest" errors="0" failures="0" skipped="0" tests="3" time="2.685" timestamp="2026-07-23T09:37:12.063277+00:00" hostname="agent-env-0fca8d4b-261e-4c0e-9d89-e59017a442d3"><testcase classname="backend.tests.test_iter93_stt_contract" name="test_transcribe_requires_bearer" time="0.209" /><testcase classname="backend.tests.test_iter93_stt_contract" name="test_transcribe_missing_file_field" time="0.511" /><testcase classname="backend.tests.test_iter93_stt_contract" name="test_transcribe_happy_path_contract" time="1.894" /></testsuite></testsuites>