<?xml version="1.0" encoding="utf-8"?><testsuites name="pytest tests"><testsuite name="pytest" errors="0" failures="0" skipped="0" tests="11" time="3.096" timestamp="2026-06-15T09:23:32.108797+00:00" hostname="agent-env-d75e56bd-d5fc-45f3-93ee-d88994102c49"><testcase classname="tests.test_invite_flyer.TestInviteAttribution" name="test_signup_with_valid_referrer_sets_invited_by" time="0.572" /><testcase classname="tests.test_invite_flyer.TestInviteAttribution" name="test_invite_stats_count_and_recent" time="0.321" /><testcase classname="tests.test_invite_flyer.TestInviteAttribution" name="test_inviter_received_invite_accepted_notification" time="0.340" /><testcase classname="tests.test_invite_flyer.TestInviteAttribution" name="test_signup_with_unknown_referrer_drops_silently" time="0.323" /><testcase classname="tests.test_invite_flyer.TestInviteAttribution" name="test_self_referral_dropped" time="0.361" /><testcase classname="tests.test_invite_flyer.TestInviteFlyer" name="test_flyer_returns_png_correct_dimensions" time="0.298" /><testcase classname="tests.test_invite_flyer.TestInviteFlyer" name="test_flyer_without_venue_ok" time="0.231" /><testcase classname="tests.test_invite_flyer.TestInviteFlyer" name="test_flyer_non_admin_forbidden" time="0.082" /><testcase classname="tests.test_invite_flyer.TestRegression" name="test_normal_signup_no_referrer" time="0.322" /><testcase classname="tests.test_invite_flyer.TestRegression" name="test_admin_summary_still_works" time="0.050" /><testcase classname="tests.test_invite_flyer" name="test_zz_cleanup" time="0.001" /></testsuite></testsuites>