<?xml version="1.0" encoding="utf-8"?><testsuites name="pytest tests"><testsuite name="pytest" errors="0" failures="0" skipped="0" tests="15" time="3.015" timestamp="2026-06-23T11:20:14.943208+00:00" hostname="agent-env-d75e56bd-d5fc-45f3-93ee-d88994102c49"><testcase classname="backend.tests.test_iter39_crossword_daily_difficulty.TestDailyDifficulty" name="test_daily_level_is_hard_or_expert" time="2.197" /><testcase classname="backend.tests.test_iter39_crossword_daily_difficulty.TestDailyDifficulty" name="test_daily_envelope_has_table_and_date" time="0.047" /><testcase classname="backend.tests.test_iter39_crossword_daily_difficulty.TestDailyDifficulty" name="test_daily_points_match_level" time="0.040" /><testcase classname="backend.tests.test_iter39_crossword_daily_difficulty.TestLibraryUnchanged" name="test_levels_endpoint_still_shows_all_four" time="0.039" /><testcase classname="backend.tests.test_iter39_crossword_daily_difficulty.TestLibraryUnchanged" name="test_active_endpoint_per_level[easy]" time="0.039" /><testcase classname="backend.tests.test_iter39_crossword_daily_difficulty.TestLibraryUnchanged" name="test_active_endpoint_per_level[medium]" time="0.046" /><testcase classname="backend.tests.test_iter39_crossword_daily_difficulty.TestLibraryUnchanged" name="test_active_endpoint_per_level[hard]" time="0.041" /><testcase classname="backend.tests.test_iter39_crossword_daily_difficulty.TestLibraryUnchanged" name="test_active_endpoint_per_level[expert]" time="0.040" /><testcase classname="backend.tests.test_iter39_crossword_daily_difficulty.TestSinglePuzzleStillWorks" name="test_get_puzzle_returns_sanitised[easy-001]" time="0.039" /><testcase classname="backend.tests.test_iter39_crossword_daily_difficulty.TestSinglePuzzleStillWorks" name="test_get_puzzle_returns_sanitised[medium-001]" time="0.038" /><testcase classname="backend.tests.test_iter39_crossword_daily_difficulty.TestSinglePuzzleStillWorks" name="test_get_puzzle_returns_sanitised[hard-001]" time="0.039" /><testcase classname="backend.tests.test_iter39_crossword_daily_difficulty.TestSinglePuzzleStillWorks" name="test_get_puzzle_returns_sanitised[expert-001]" time="0.039" /><testcase classname="backend.tests.test_iter39_crossword_daily_difficulty.TestCheckAndReveal" name="test_check_wrong_marks_status" time="0.076" /><testcase classname="backend.tests.test_iter39_crossword_daily_difficulty.TestCheckAndReveal" name="test_reveal_first_letter_cell" time="0.121" /><testcase classname="backend.tests.test_iter39_crossword_daily_difficulty.TestDailyTableCopy" name="test_table_description_mentions_tough" time="0.081" /></testsuite></testsuites>