<?xml version="1.0" encoding="utf-8"?><testsuites name="pytest tests"><testsuite name="pytest" errors="0" failures="0" skipped="0" tests="7" time="1.538" timestamp="2026-07-14T09:18:15.179027+00:00" hostname="agent-env-d75e56bd-d5fc-45f3-93ee-d88994102c49"><testcase classname="backend.tests.test_iter56_flyer_layout_and_profile.TestFlyerBasics" name="test_flyer_200_png_a4" time="0.873" /><testcase classname="backend.tests.test_iter56_flyer_layout_and_profile.TestFlyerBasics" name="test_known_admin_id_works" time="0.410" /><testcase classname="backend.tests.test_iter56_flyer_layout_and_profile.TestFlyerBasics" name="test_non_admin_forbidden" time="0.108" /><testcase classname="backend.tests.test_iter56_flyer_layout_and_profile.TestFlyerLayout" name="test_gap_between_ribbon_and_qr_frame" time="0.010" /><testcase classname="backend.tests.test_iter56_flyer_layout_and_profile.TestFlyerLayout" name="test_bottom_of_page_not_clipped" time="0.000" /><testcase classname="backend.tests.test_iter56_flyer_layout_and_profile.TestFlyerLayout" name="test_last_row_is_page_margin" time="0.000" /><testcase classname="backend.tests.test_iter56_flyer_layout_and_profile.TestProfileStats" name="test_maggie_profile_has_all_four_stats" time="0.057" /></testsuite></testsuites>