<?xml version="1.0" encoding="utf-8"?><testsuites name="pytest tests"><testsuite name="pytest" errors="0" failures="1" skipped="0" tests="8" time="20.668" timestamp="2026-07-23T01:31:28.033341+00:00" hostname="agent-env-0fca8d4b-261e-4c0e-9d89-e59017a442d3"><testcase classname="backend.tests.test_iter91_stt_and_naming.TestTranscribeContract" name="test_unauth_rejected" time="0.266" /><testcase classname="backend.tests.test_iter91_stt_and_naming.TestTranscribeContract" name="test_missing_file_field" time="0.556" /><testcase classname="backend.tests.test_iter91_stt_and_naming.TestTranscribeContract" name="test_authed_with_file_field" time="0.837" /><testcase classname="backend.tests.test_iter91_stt_and_naming.TestSpeakRegression" name="test_speak_returns_audio_mpeg" time="1.554" /><testcase classname="backend.tests.test_iter91_stt_and_naming.TestNamingBehaviour" name="test_start_returns_opening_line" time="0.117" /><testcase classname="backend.tests.test_iter91_stt_and_naming.TestNamingBehaviour" name="test_cake_stall_acknowledges_and_advances" time="9.701" /><testcase classname="backend.tests.test_iter91_stt_and_naming.TestNamingBehaviour" name="test_bingo_night_regression" time="1.244"><failure message="AssertionError: expected 'bingo' in title, got: '' | draft={}&#10;assert 'bingo' in ''">backend/tests/test_iter91_stt_and_naming.py:197: in test_bingo_night_regression
    assert "bingo" in title, f"expected 'bingo' in title, got: {title!r} | draft={draft}"
E   AssertionError: expected 'bingo' in title, got: '' | draft={}
E   assert 'bingo' in ''</failure></testcase><testcase classname="backend.tests.test_iter91_stt_and_naming.TestNamingBehaviour" name="test_no_title_no_fake_acknowledgement" time="6.297" /></testsuite></testsuites>