<?xml version="1.0" encoding="utf-8"?><testsuites name="pytest tests"><testsuite name="pytest" errors="0" failures="1" skipped="0" tests="17" time="3.323" timestamp="2026-08-01T04:46:06.457103+00:00" hostname="agent-env-6f7dd4bc-bd26-46b3-bfec-45be9dbd910a"><testcase classname="backend.tests.test_phase2c_segments_campaigns.TestSegmentsList" name="test_list_returns_starter_segments" time="0.623" /><testcase classname="backend.tests.test_phase2c_segments_campaigns.TestSegmentsList" name="test_filter_catalog" time="0.108" /><testcase classname="backend.tests.test_phase2c_segments_campaigns.TestSegmentPreview" name="test_preview_empty_predicate_returns_count" time="0.103"><failure message="AssertionError: {&quot;detail&quot;:&quot;unknown predicate op: &quot;}&#10;assert 400 == 200&#10; +  where 400 = &lt;Response [400]&gt;.status_code">backend/tests/test_phase2c_segments_campaigns.py:80: in test_preview_empty_predicate_returns_count
    assert r.status_code == 200, r.text
E   AssertionError: {"detail":"unknown predicate op: "}
E   assert 400 == 200
E    +  where 400 = &lt;Response [400]&gt;.status_code</failure></testcase><testcase classname="backend.tests.test_phase2c_segments_campaigns.TestSegmentPreview" name="test_preview_state_predicate" time="0.103" /><testcase classname="backend.tests.test_phase2c_segments_campaigns.TestSegmentPreview" name="test_preview_rejects_unknown_filter" time="0.097" /><testcase classname="backend.tests.test_phase2c_segments_campaigns.TestSegmentCRUD" name="test_create_then_get_verifies_persistence" time="0.257" /><testcase classname="backend.tests.test_phase2c_segments_campaigns.TestSegmentCRUD" name="test_update_predicate_and_recount" time="0.109" /><testcase classname="backend.tests.test_phase2c_segments_campaigns.TestSegmentCRUD" name="test_refresh_count" time="0.098" /><testcase classname="backend.tests.test_phase2c_segments_campaigns.TestSegmentCRUD" name="test_archive_hides_from_active_list" time="0.292" /><testcase classname="backend.tests.test_phase2c_segments_campaigns.TestSegmentSuggest" name="test_empty_text_returns_empty" time="0.124" /><testcase classname="backend.tests.test_phase2c_segments_campaigns.TestSegmentSuggest" name="test_relevant_text_returns_suggestions" time="0.101" /><testcase classname="backend.tests.test_phase2c_segments_campaigns.TestCampaignSegmentIntegration" name="test_prepare_active_segment" time="0.105" /><testcase classname="backend.tests.test_phase2c_segments_campaigns.TestCampaignSegmentIntegration" name="test_campaign_with_segment_id" time="0.199" /><testcase classname="backend.tests.test_phase2c_segments_campaigns.TestCampaignSegmentIntegration" name="test_campaign_with_custom_filter" time="0.202" /><testcase classname="backend.tests.test_phase2c_segments_campaigns.TestCampaignSegmentIntegration" name="test_backward_compat_no_segment_id" time="0.296" /><testcase classname="backend.tests.test_phase2c_segments_campaigns.TestCampaignSegmentIntegration" name="test_cleanup_test_campaigns" time="0.292" /><testcase classname="backend.tests.test_phase2c_segments_campaigns.TestAuthGuard" name="test_segments_requires_auth" time="0.100" /></testsuite></testsuites>