<?xml version="1.0" encoding="utf-8"?><testsuites name="pytest tests"><testsuite name="pytest" errors="0" failures="0" skipped="0" tests="19" time="0.503" timestamp="2026-07-22T12:30:28.007627+00:00" hostname="agent-env-d75e56bd-d5fc-45f3-93ee-d88994102c49"><testcase classname="backend.tests.test_iter87_testflight_round4.TestBuildPins" name="test_app_json_version_locked" time="0.000" /><testcase classname="backend.tests.test_iter87_testflight_round4.TestBug14OnboardingEnding" name="test_single_primary_head_to_fp_cafe_button" time="0.000" /><testcase classname="backend.tests.test_iter87_testflight_round4.TestBug14OnboardingEnding" name="test_no_change_something_button" time="0.001" /><testcase classname="backend.tests.test_iter87_testflight_round4.TestBug14OnboardingEnding" name="test_that_looks_right_button_retired" time="0.000" /><testcase classname="backend.tests.test_iter87_testflight_round4.TestBug14OnboardingEnding" name="test_finish_later_tertiary_present" time="0.000" /><testcase classname="backend.tests.test_iter87_testflight_round4.TestBug14OnboardingEnding" name="test_closing_turn_contains_fp_cafe_invitation" time="0.000" /><testcase classname="backend.tests.test_iter87_testflight_round4.TestBug14OnboardingEnding" name="test_butterfly_routes_to_lounge_on_done" time="0.000" /><testcase classname="backend.tests.test_iter87_testflight_round4.TestBug15GeorgeRemembersUsesCloudTTS" name="test_imports_george_speak_button" time="0.000" /><testcase classname="backend.tests.test_iter87_testflight_round4.TestBug15GeorgeRemembersUsesCloudTTS" name="test_does_not_import_legacy_speak_button" time="0.000" /><testcase classname="backend.tests.test_iter87_testflight_round4.TestBug15GeorgeRemembersUsesCloudTTS" name="test_renders_george_speak_button" time="0.000" /><testcase classname="backend.tests.test_iter87_testflight_round4.TestBug15GeorgeRemembersUsesCloudTTS" name="test_no_bare_speak_button_jsx" time="0.000" /><testcase classname="backend.tests.test_iter87_testflight_round4.TestBug16VoiceInputButton" name="test_ios_flush_wait_after_stop" time="0.000" /><testcase classname="backend.tests.test_iter87_testflight_round4.TestBug16VoiceInputButton" name="test_blob_size_guard_present" time="0.000" /><testcase classname="backend.tests.test_iter87_testflight_round4.TestBug16VoiceInputButton" name="test_empty_audio_friendly_copy" time="0.000" /><testcase classname="backend.tests.test_iter87_testflight_round4.TestBug16VoiceInputButton" name="test_401_403_friendly_reauth_copy" time="0.000" /><testcase classname="backend.tests.test_iter87_testflight_round4.TestBug16VoiceInputButton" name="test_never_leaks_raw_json_detail" time="0.000" /><testcase classname="backend.tests.test_iter87_testflight_round4.TestBug16VoiceInputButton" name="test_no_raw_backend_detail_string_surfaced" time="0.000" /><testcase classname="backend.tests.test_iter87_testflight_round4.TestVoiceTranscribeEndpoint" name="test_empty_post_returns_422" time="0.276" /><testcase classname="backend.tests.test_iter87_testflight_round4.TestVoiceTranscribeEndpoint" name="test_endpoint_not_404" time="0.146" /></testsuite></testsuites>