<?xml version="1.0" encoding="utf-8"?><testsuites name="pytest tests"><testsuite name="pytest" errors="0" failures="0" skipped="0" tests="6" time="3.445" timestamp="2026-07-23T06:35:50.568302+00:00" hostname="agent-env-0fca8d4b-261e-4c0e-9d89-e59017a442d3"><testcase classname="backend.tests.test_iter92_composer_and_stt.TestPreferencesPersistence" name="test_patch_nearby_true_persists" time="0.792" /><testcase classname="backend.tests.test_iter92_composer_and_stt.TestPreferencesPersistence" name="test_patch_nearby_false_persists" time="0.278" /><testcase classname="backend.tests.test_iter92_composer_and_stt.TestChatAlertFriendsFallback" name="test_zero_friends_returns_helpful_message" time="0.205" /><testcase classname="backend.tests.test_iter92_composer_and_stt.TestSTTContract" name="test_transcribe_requires_bearer" time="0.147" /><testcase classname="backend.tests.test_iter92_composer_and_stt.TestSTTContract" name="test_transcribe_missing_file_field" time="0.148" /><testcase classname="backend.tests.test_iter92_composer_and_stt.TestSTTContract" name="test_transcribe_happy_path" time="1.800" /></testsuite></testsuites>