<?xml version="1.0" encoding="utf-8"?><testsuites name="pytest tests"><testsuite name="pytest" errors="0" failures="5" skipped="0" tests="30" time="5.882" timestamp="2026-07-30T01:58:54.873447+00:00" hostname="agent-env-6f7dd4bc-bd26-46b3-bfec-45be9dbd910a"><testcase classname="backend.tests.test_flyer_v2_deliverables" name="test_png_deliverable_served_and_dimensions[a4-founding]" time="0.304" /><testcase classname="backend.tests.test_flyer_v2_deliverables" name="test_png_deliverable_served_and_dimensions[a4-download]" time="0.163" /><testcase classname="backend.tests.test_flyer_v2_deliverables" name="test_png_deliverable_served_and_dimensions[a4-hires-founding]" time="0.174" /><testcase classname="backend.tests.test_flyer_v2_deliverables" name="test_png_deliverable_served_and_dimensions[a4-hires-download]" time="0.161" /><testcase classname="backend.tests.test_flyer_v2_deliverables" name="test_png_deliverable_served_and_dimensions[a3-hires-founding]" time="0.183" /><testcase classname="backend.tests.test_flyer_v2_deliverables" name="test_png_deliverable_served_and_dimensions[a3-hires-download]" time="0.173" /><testcase classname="backend.tests.test_flyer_v2_deliverables" name="test_png_deliverable_served_and_dimensions[social-founding]" time="0.131" /><testcase classname="backend.tests.test_flyer_v2_deliverables" name="test_png_deliverable_served_and_dimensions[social-download]" time="0.127" /><testcase classname="backend.tests.test_flyer_v2_deliverables" name="test_png_deliverable_served_and_dimensions[thumb-founding]" time="0.147" /><testcase classname="backend.tests.test_flyer_v2_deliverables" name="test_png_deliverable_served_and_dimensions[thumb-download]" time="0.155" /><testcase classname="backend.tests.test_flyer_v2_deliverables" name="test_pdf_deliverable_served[a4-founding]" time="0.176" /><testcase classname="backend.tests.test_flyer_v2_deliverables" name="test_pdf_deliverable_served[a4-download]" time="0.151" /><testcase classname="backend.tests.test_flyer_v2_deliverables" name="test_pdf_deliverable_served[a3-founding]" time="0.203" /><testcase classname="backend.tests.test_flyer_v2_deliverables" name="test_pdf_deliverable_served[a3-download]" time="0.170" /><testcase classname="backend.tests.test_flyer_v2_deliverables" name="test_mission_line_present_in_a4_bottom[founding]" time="0.180" /><testcase classname="backend.tests.test_flyer_v2_deliverables" name="test_mission_line_present_in_a4_bottom[download]" time="0.189"><failure message="AssertionError: download-a4.png bottom 60px is essentially blank (non-white ratio=0.0000%); mission line likely clipped/missing&#10;assert 0.0 &gt; 0.002">backend/tests/test_flyer_v2_deliverables.py:130: in test_mission_line_present_in_a4_bottom
    assert ratio &gt; 0.002, (
E   AssertionError: download-a4.png bottom 60px is essentially blank (non-white ratio=0.0000%); mission line likely clipped/missing
E   assert 0.0 &gt; 0.002</failure></testcase><testcase classname="backend.tests.test_flyer_v2_deliverables" name="test_bottom_band_has_ink_all_variants[founding-a4.png-60-0.002]" time="0.191" /><testcase classname="backend.tests.test_flyer_v2_deliverables" name="test_bottom_band_has_ink_all_variants[founding-a4-hires.png-200-0.002]" time="0.263" /><testcase classname="backend.tests.test_flyer_v2_deliverables" name="test_bottom_band_has_ink_all_variants[founding-a3-hires.png-280-0.002]" time="0.402" /><testcase classname="backend.tests.test_flyer_v2_deliverables" name="test_bottom_band_has_ink_all_variants[founding-social.png-60-0.005]" time="0.153" /><testcase classname="backend.tests.test_flyer_v2_deliverables" name="test_bottom_band_has_ink_all_variants[download-a4.png-60-0.002]" time="0.177"><failure message="AssertionError: download-a4.png bottom 60px is nearly blank (non-white ratio=0.0000%); footer/mission line clipped or missing&#10;assert 0.0 &gt; 0.002">backend/tests/test_flyer_v2_deliverables.py:174: in test_bottom_band_has_ink_all_variants
    assert ratio &gt; min_ratio, (
E   AssertionError: download-a4.png bottom 60px is nearly blank (non-white ratio=0.0000%); footer/mission line clipped or missing
E   assert 0.0 &gt; 0.002</failure></testcase><testcase classname="backend.tests.test_flyer_v2_deliverables" name="test_bottom_band_has_ink_all_variants[download-a4-hires.png-200-0.002]" time="0.261"><failure message="AssertionError: download-a4-hires.png bottom 200px is nearly blank (non-white ratio=0.0000%); footer/mission line clipped or missing&#10;assert 0.0 &gt; 0.002">backend/tests/test_flyer_v2_deliverables.py:174: in test_bottom_band_has_ink_all_variants
    assert ratio &gt; min_ratio, (
E   AssertionError: download-a4-hires.png bottom 200px is nearly blank (non-white ratio=0.0000%); footer/mission line clipped or missing
E   assert 0.0 &gt; 0.002</failure></testcase><testcase classname="backend.tests.test_flyer_v2_deliverables" name="test_bottom_band_has_ink_all_variants[download-a3-hires.png-280-0.002]" time="0.401"><failure message="AssertionError: download-a3-hires.png bottom 280px is nearly blank (non-white ratio=0.0000%); footer/mission line clipped or missing&#10;assert 0.0 &gt; 0.002">backend/tests/test_flyer_v2_deliverables.py:174: in test_bottom_band_has_ink_all_variants
    assert ratio &gt; min_ratio, (
E   AssertionError: download-a3-hires.png bottom 280px is nearly blank (non-white ratio=0.0000%); footer/mission line clipped or missing
E   assert 0.0 &gt; 0.002</failure></testcase><testcase classname="backend.tests.test_flyer_v2_deliverables" name="test_bottom_band_has_ink_all_variants[download-social.png-60-0.005]" time="0.155"><failure message="AssertionError: download-social.png bottom 60px is nearly blank (non-white ratio=0.0000%); footer/mission line clipped or missing&#10;assert 0.0 &gt; 0.005">backend/tests/test_flyer_v2_deliverables.py:174: in test_bottom_band_has_ink_all_variants
    assert ratio &gt; min_ratio, (
E   AssertionError: download-social.png bottom 60px is nearly blank (non-white ratio=0.0000%); footer/mission line clipped or missing
E   assert 0.0 &gt; 0.005</failure></testcase><testcase classname="backend.tests.test_flyer_v2_deliverables" name="test_founding_a4_headline_present" time="0.172" /><testcase classname="backend.tests.test_flyer_v2_deliverables" name="test_founding_a4_gold_ribbon_present" time="0.177" /><testcase classname="backend.tests.test_flyer_v2_deliverables" name="test_founding_a4_navy_pill_present" time="0.227" /><testcase classname="backend.tests.test_flyer_v2_deliverables" name="test_website_routes_regression[/meet]" time="0.131" /><testcase classname="backend.tests.test_flyer_v2_deliverables" name="test_website_routes_regression[/register-interest]" time="0.115" /><testcase classname="backend.tests.test_flyer_v2_deliverables" name="test_website_routes_regression[/admin]" time="0.135" /></testsuite></testsuites>