<?xml version="1.0" encoding="utf-8"?><testsuites name="pytest tests"><testsuite name="pytest" errors="0" failures="0" skipped="0" tests="13" time="3.636" timestamp="2026-07-30T03:33:12.730752+00:00" hostname="agent-env-6f7dd4bc-bd26-46b3-bfec-45be9dbd910a"><testcase classname="tests.test_slice05_security" name="test_summary_requires_auth" time="0.208" /><testcase classname="tests.test_slice05_security" name="test_summary_with_auth" time="0.349" /><testcase classname="tests.test_slice05_security" name="test_tier1_alert_after_3_fails" time="0.355" /><testcase classname="tests.test_slice05_security" name="test_tier2_lockout_after_5_fails" time="0.099" /><testcase classname="tests.test_slice05_security" name="test_tier2_lockout_hit_on_next_attempt" time="0.048" /><testcase classname="tests.test_slice05_security" name="test_clear_lockout" time="0.051" /><testcase classname="tests.test_slice05_security" name="test_successful_login_creates_session_with_jti" time="0.274" /><testcase classname="tests.test_slice05_security" name="test_sessions_list_and_revoke_gates_auth" time="0.736" /><testcase classname="tests.test_slice05_security" name="test_events_filter_by_outcome" time="0.046" /><testcase classname="tests.test_slice05_security" name="test_backcompat_admin_log_endpoint" time="0.049" /><testcase classname="tests.test_slice05_security" name="test_backcompat_members_endpoint" time="0.052" /><testcase classname="tests.test_slice05_security" name="test_mass_attack_signal_raised" time="1.055" /><testcase classname="tests.test_slice05_security" name="test_admin_security_page_reachable" time="0.160" /></testsuite></testsuites>