<?xml version="1.0" encoding="utf-8"?><testsuites name="pytest tests"><testsuite name="pytest" errors="0" failures="0" skipped="0" tests="8" time="18.744" timestamp="2026-07-29T02:08:00.071868+00:00" hostname="agent-env-0fca8d4b-261e-4c0e-9d89-e59017a442d3"><testcase classname="tests.test_iter109_batch4.TestIsTestFilter" name="test_support_ticket_is_test_flag_filters_out" time="1.436" /><testcase classname="tests.test_iter109_batch4.TestIsTestFilter" name="test_signals_is_test_flag_filters_out" time="0.005" /><testcase classname="tests.test_iter109_batch4.TestLegacyRegexFallback" name="test_ticket_with_legacy_test_subject_but_no_flag" time="0.004" /><testcase classname="tests.test_iter109_batch4.TestVoiceHeaders" name="test_voice_speak_headers" time="2.848" /><testcase classname="tests.test_iter109_batch4.TestLiveCounts" name="test_open_support_tickets_returns_zero" time="3.964" /><testcase classname="tests.test_iter109_batch4.TestLiveCounts" name="test_active_signals_returns_zero" time="3.045" /><testcase classname="tests.test_iter109_batch4.TestStaleDataGuard" name="test_still_23_tickets_forces_fresh_count" time="3.955" /><testcase classname="tests.test_iter109_batch4.TestStaleDataGuard" name="test_what_about_now_forces_fresh_count" time="3.332" /></testsuite></testsuites>