<?xml version="1.0" encoding="utf-8"?><testsuites name="pytest tests"><testsuite name="pytest" errors="0" failures="0" skipped="0" tests="13" time="38.361" timestamp="2026-07-28T10:07:19.297971+00:00" hostname="agent-env-0fca8d4b-261e-4c0e-9d89-e59017a442d3"><testcase classname="backend.tests.test_iter107_george_voice_and_planner.TestPlannerStaleDataGuard" name="test_state_question_forces_fresh_count_tool[How many open support tickets do we have?-count_support_tickets]" time="5.145" /><testcase classname="backend.tests.test_iter107_george_voice_and_planner.TestPlannerStaleDataGuard" name="test_state_question_forces_fresh_count_tool[what about now?-count_support_tickets]" time="6.037" /><testcase classname="backend.tests.test_iter107_george_voice_and_planner.TestPlannerStaleDataGuard" name="test_state_question_forces_fresh_count_tool[still 23 tickets?-count_support_tickets]" time="3.230" /><testcase classname="backend.tests.test_iter107_george_voice_and_planner.TestPlannerStaleDataGuard" name="test_state_question_forces_fresh_count_tool[any change to the tickets?-count_support_tickets]" time="3.986" /><testcase classname="backend.tests.test_iter107_george_voice_and_planner.TestPlannerStaleDataGuard" name="test_state_question_forces_fresh_count_tool[recount please-count_support_tickets]" time="8.330" /><testcase classname="backend.tests.test_iter107_george_voice_and_planner.TestSynthesizerHonesty" name="test_state_question_reply_has_no_stall_phrases" time="3.243" /><testcase classname="backend.tests.test_iter107_george_voice_and_planner.TestVoiceEndpoint" name="test_speak_voice_mapping_and_headers[george-onyx]" time="0.842" /><testcase classname="backend.tests.test_iter107_george_voice_and_planner.TestVoiceEndpoint" name="test_speak_voice_mapping_and_headers[georgia-nova]" time="0.978" /><testcase classname="backend.tests.test_iter107_george_voice_and_planner.TestVoiceEndpoint" name="test_speak_voice_mapping_and_headers[onyx-onyx]" time="1.477" /><testcase classname="backend.tests.test_iter107_george_voice_and_planner.TestVoiceEndpoint" name="test_speak_voice_mapping_and_headers[bogus-onyx]" time="1.463" /><testcase classname="backend.tests.test_iter107_george_voice_and_planner.TestVoiceEndpoint" name="test_speak_voice_mapping_and_headers[-onyx]" time="1.792" /><testcase classname="backend.tests.test_iter107_george_voice_and_planner.TestVoiceTranscribeRegression" name="test_transcribe_accepts_upload" time="1.749" /><testcase classname="backend.tests.test_iter107_george_voice_and_planner.TestCountsRegression" name="test_counts_endpoint_ok" time="0.011" /></testsuite></testsuites>