<?xml version="1.0" encoding="utf-8"?><testsuites name="pytest tests"><testsuite name="pytest" errors="0" failures="0" skipped="0" tests="15" time="0.425" timestamp="2026-07-30T06:24:58.678787+00:00" hostname="agent-env-6f7dd4bc-bd26-46b3-bfec-45be9dbd910a"><testcase classname="backend.tests.test_mcgs_member_management" name="test_auth_required_list" time="0.004" /><testcase classname="backend.tests.test_mcgs_member_management" name="test_auth_required_profile" time="0.003" /><testcase classname="backend.tests.test_mcgs_member_management" name="test_list_default_page" time="0.257" /><testcase classname="backend.tests.test_mcgs_member_management" name="test_list_search_margaret" time="0.004" /><testcase classname="backend.tests.test_mcgs_member_management" name="test_list_status_filter_demo" time="0.004" /><testcase classname="backend.tests.test_mcgs_member_management" name="test_list_status_filter_admin" time="0.004" /><testcase classname="backend.tests.test_mcgs_member_management" name="test_list_pagination" time="0.007" /><testcase classname="backend.tests.test_mcgs_member_management" name="test_profile_shape" time="0.005" /><testcase classname="backend.tests.test_mcgs_member_management" name="test_profile_unknown_member" time="0.003" /><testcase classname="backend.tests.test_mcgs_member_management" name="test_add_note_lands_on_timeline" time="0.013" /><testcase classname="backend.tests.test_mcgs_member_management" name="test_add_note_empty_rejected" time="0.003" /><testcase classname="backend.tests.test_mcgs_member_management" name="test_warn_then_restore_maggie" time="0.018" /><testcase classname="backend.tests.test_mcgs_member_management" name="test_delete_rejects_id_mismatch" time="0.008" /><testcase classname="backend.tests.test_mcgs_member_management" name="test_delete_rejects_empty_confirm" time="0.003" /><testcase classname="backend.tests.test_mcgs_member_management" name="test_admin_log_dual_write_on_note" time="0.004" /></testsuite></testsuites>