<?xml version="1.0" encoding="utf-8"?><testsuites name="pytest tests"><testsuite name="pytest" errors="0" failures="0" skipped="0" tests="22" time="6.804" timestamp="2026-06-17T10:39:46.941214+00:00" hostname="agent-env-d75e56bd-d5fc-45f3-93ee-d88994102c49"><testcase classname="backend.tests.test_iter29_founders_waitlist_sentry.TestSentryAndIndexes" name="test_sentry_disabled_log_present" time="2.709" /><testcase classname="backend.tests.test_iter29_founders_waitlist_sentry.TestSentryAndIndexes" name="test_indexes_verified_17_of_17" time="0.001" /><testcase classname="backend.tests.test_iter29_founders_waitlist_sentry.TestSentryAndIndexes" name="test_mongo_has_new_indexes" time="0.015" /><testcase classname="backend.tests.test_iter29_founders_waitlist_sentry.TestHealth" name="test_health" time="0.126" /><testcase classname="backend.tests.test_iter29_founders_waitlist_sentry.TestFoundersFlow" name="test_initial_founders_status" time="0.042" /><testcase classname="backend.tests.test_iter29_founders_waitlist_sentry.TestFoundersFlow" name="test_signup_assigns_founder[1]" time="0.335" /><testcase classname="backend.tests.test_iter29_founders_waitlist_sentry.TestFoundersFlow" name="test_signup_assigns_founder[2]" time="0.297" /><testcase classname="backend.tests.test_iter29_founders_waitlist_sentry.TestFoundersFlow" name="test_founders_status_after_signups" time="0.041" /><testcase classname="backend.tests.test_iter29_founders_waitlist_sentry.TestFoundersFlow" name="test_demo_users_not_founders" time="0.005" /><testcase classname="backend.tests.test_iter29_founders_waitlist_sentry.TestFoundersFlow" name="test_auth_me_returns_founder_fields" time="0.077" /><testcase classname="backend.tests.test_iter29_founders_waitlist_sentry.TestFoundersFlow" name="test_login_still_works_for_new_account" time="0.269" /><testcase classname="backend.tests.test_iter29_founders_waitlist_sentry.TestWaitlist" name="test_join_waitlist_first" time="0.046" /><testcase classname="backend.tests.test_iter29_founders_waitlist_sentry.TestWaitlist" name="test_join_waitlist_idempotent" time="0.042" /><testcase classname="backend.tests.test_iter29_founders_waitlist_sentry.TestWaitlist" name="test_invalid_email_returns_422" time="0.043" /><testcase classname="backend.tests.test_iter29_founders_waitlist_sentry.TestWaitlist" name="test_stats_sources_aggregation" time="0.169" /><testcase classname="backend.tests.test_iter29_founders_waitlist_sentry.TestWaitlist" name="test_rate_limit_5_per_10min" time="0.210" /><testcase classname="backend.tests.test_iter29_founders_waitlist_sentry.TestAdminWaitlist" name="test_admin_list_as_maggie" time="0.043" /><testcase classname="backend.tests.test_iter29_founders_waitlist_sentry.TestAdminWaitlist" name="test_admin_list_forbidden_for_non_admin" time="0.040" /><testcase classname="backend.tests.test_iter29_founders_waitlist_sentry.TestAdminWaitlist" name="test_mark_invited_success" time="0.126" /><testcase classname="backend.tests.test_iter29_founders_waitlist_sentry.TestAdminWaitlist" name="test_mark_invited_404_for_unknown" time="0.042" /><testcase classname="backend.tests.test_iter29_founders_waitlist_sentry.TestAdminWaitlist" name="test_mark_invited_403_for_non_admin" time="0.044" /><testcase classname="backend.tests.test_iter29_founders_waitlist_sentry.TestSignupRateLimitRegression" name="test_signup_429_after_burst" time="1.842" /></testsuite></testsuites>