<?xml version="1.0" encoding="utf-8"?><testsuites name="pytest tests"><testsuite name="pytest" errors="0" failures="0" skipped="0" tests="9" time="3.386" timestamp="2026-07-30T01:47:57.032843+00:00" hostname="agent-env-6f7dd4bc-bd26-46b3-bfec-45be9dbd910a"><testcase classname="backend.tests.test_flyer_mockup_routing" name="test_flyer_mockup_png_served_as_image[founding.png-100000]" time="0.326" /><testcase classname="backend.tests.test_flyer_mockup_routing" name="test_flyer_mockup_png_served_as_image[download.png-100000]" time="0.186" /><testcase classname="backend.tests.test_flyer_mockup_routing" name="test_flyer_mockup_png_served_as_image[founding-thumb.png-10000]" time="0.176" /><testcase classname="backend.tests.test_flyer_mockup_routing" name="test_flyer_mockup_png_served_as_image[download-thumb.png-10000]" time="0.182" /><testcase classname="backend.tests.test_flyer_mockup_routing" name="test_flyer_mockup_unknown_file_not_expo_fallback" time="1.096" /><testcase classname="backend.tests.test_flyer_mockup_routing" name="test_website_html_routes_still_work[/meet]" time="0.379" /><testcase classname="backend.tests.test_flyer_mockup_routing" name="test_website_html_routes_still_work[/register-interest]" time="0.373" /><testcase classname="backend.tests.test_flyer_mockup_routing" name="test_website_html_routes_still_work[/admin]" time="0.453" /><testcase classname="backend.tests.test_flyer_mockup_routing" name="test_root_still_serves_expo_app" time="0.145" /></testsuite></testsuites>