<?xml version="1.0" encoding="utf-8"?><testsuites name="pytest tests"><testsuite name="pytest" errors="0" failures="3" skipped="0" tests="32" time="6.102" timestamp="2026-07-30T02:08:14.544253+00:00" hostname="agent-env-6f7dd4bc-bd26-46b3-bfec-45be9dbd910a"><testcase classname="backend.tests.test_flyer_v2_deliverables" name="test_png_deliverable_served_and_dimensions[a4-founding]" time="0.279" /><testcase classname="backend.tests.test_flyer_v2_deliverables" name="test_png_deliverable_served_and_dimensions[a4-download]" time="0.155" /><testcase classname="backend.tests.test_flyer_v2_deliverables" name="test_png_deliverable_served_and_dimensions[a4-hires-founding]" time="0.154" /><testcase classname="backend.tests.test_flyer_v2_deliverables" name="test_png_deliverable_served_and_dimensions[a4-hires-download]" time="0.164" /><testcase classname="backend.tests.test_flyer_v2_deliverables" name="test_png_deliverable_served_and_dimensions[a3-hires-founding]" time="0.186" /><testcase classname="backend.tests.test_flyer_v2_deliverables" name="test_png_deliverable_served_and_dimensions[a3-hires-download]" time="0.188" /><testcase classname="backend.tests.test_flyer_v2_deliverables" name="test_png_deliverable_served_and_dimensions[social-founding]" time="0.138" /><testcase classname="backend.tests.test_flyer_v2_deliverables" name="test_png_deliverable_served_and_dimensions[social-download]" time="0.162" /><testcase classname="backend.tests.test_flyer_v2_deliverables" name="test_png_deliverable_served_and_dimensions[thumb-founding]" time="0.135" /><testcase classname="backend.tests.test_flyer_v2_deliverables" name="test_png_deliverable_served_and_dimensions[thumb-download]" time="0.158" /><testcase classname="backend.tests.test_flyer_v2_deliverables" name="test_pdf_deliverable_served[a4-founding]" time="0.155" /><testcase classname="backend.tests.test_flyer_v2_deliverables" name="test_pdf_deliverable_served[a4-download]" time="0.148" /><testcase classname="backend.tests.test_flyer_v2_deliverables" name="test_pdf_deliverable_served[a3-founding]" time="0.175" /><testcase classname="backend.tests.test_flyer_v2_deliverables" name="test_pdf_deliverable_served[a3-download]" time="0.162" /><testcase classname="backend.tests.test_flyer_v2_deliverables" name="test_mission_line_present_in_a4_bottom[founding]" time="0.172" /><testcase classname="backend.tests.test_flyer_v2_deliverables" name="test_mission_line_present_in_a4_bottom[download]" time="0.187"><failure message="AssertionError: download-a4.png bottom 60px is essentially blank (non-white ratio=0.1035%); mission line likely clipped/missing&#10;assert 0.0010349462365591398 &gt; 0.002">E   AssertionError: download-a4.png bottom 60px is essentially blank (non-white ratio=0.1035%); mission line likely clipped/missing
    assert 0.0010349462365591398 &gt; 0.002</failure></testcase><testcase classname="backend.tests.test_flyer_v2_deliverables" name="test_bottom_band_has_ink_all_variants[founding-a4.png-60-0.002]" time="0.195" /><testcase classname="backend.tests.test_flyer_v2_deliverables" name="test_bottom_band_has_ink_all_variants[founding-a4-hires.png-200-0.002]" time="0.266" /><testcase classname="backend.tests.test_flyer_v2_deliverables" name="test_bottom_band_has_ink_all_variants[founding-a3-hires.png-280-0.002]" time="0.407" /><testcase classname="backend.tests.test_flyer_v2_deliverables" name="test_bottom_band_has_ink_all_variants[founding-social.png-60-0.005]" time="0.142" /><testcase classname="backend.tests.test_flyer_v2_deliverables" name="test_bottom_band_has_ink_all_variants[download-a4.png-60-0.002]" time="0.175"><failure message="AssertionError: download-a4.png bottom 60px is nearly blank (non-white ratio=0.1035%); footer/mission line clipped or missing&#10;assert 0.0010349462365591398 &gt; 0.002">E   AssertionError: download-a4.png bottom 60px is nearly blank (non-white ratio=0.1035%); footer/mission line clipped or missing
    assert 0.0010349462365591398 &gt; 0.002</failure></testcase><testcase classname="backend.tests.test_flyer_v2_deliverables" name="test_bottom_band_has_ink_all_variants[download-a4-hires.png-200-0.002]" time="0.270" /><testcase classname="backend.tests.test_flyer_v2_deliverables" name="test_bottom_band_has_ink_all_variants[download-a3-hires.png-280-0.002]" time="0.414" /><testcase classname="backend.tests.test_flyer_v2_deliverables" name="test_bottom_band_has_ink_all_variants[download-social.png-60-0.005]" time="0.156"><failure message="AssertionError: download-social.png bottom 60px is nearly blank (non-white ratio=0.0000%); footer/mission line clipped or missing&#10;assert 0.0 &gt; 0.005">E   AssertionError: download-social.png bottom 60px is nearly blank (non-white ratio=0.0000%); footer/mission line clipped or missing
    assert 0.0 &gt; 0.005</failure></testcase><testcase classname="backend.tests.test_flyer_v2_deliverables" name="test_founding_a4_headline_present" time="0.183" /><testcase classname="backend.tests.test_flyer_v2_deliverables" name="test_founding_a4_gold_ribbon_present" time="0.167" /><testcase classname="backend.tests.test_flyer_v2_deliverables" name="test_founding_a4_navy_pill_present" time="0.195" /><testcase classname="backend.tests.test_flyer_v2_deliverables" name="test_no_butterfly_inside_gold_ribbon[founding-a4.png-470-770-800-870]" time="0.172" /><testcase classname="backend.tests.test_flyer_v2_deliverables" name="test_no_butterfly_inside_gold_ribbon[founding-social.png-390-690-460-540]" time="0.148" /><testcase classname="backend.tests.test_flyer_v2_deliverables" name="test_website_routes_regression[/meet]" time="0.144" /><testcase classname="backend.tests.test_flyer_v2_deliverables" name="test_website_routes_regression[/register-interest]" time="0.122" /><testcase classname="backend.tests.test_flyer_v2_deliverables" name="test_website_routes_regression[/admin]" time="0.127" /></testsuite></testsuites>