<?xml version="1.0" encoding="utf-8"?><testsuites name="pytest tests"><testsuite name="pytest" errors="0" failures="0" skipped="0" tests="3" time="19.634" timestamp="2026-07-30T06:55:41.570143+00:00" hostname="agent-env-6f7dd4bc-bd26-46b3-bfec-45be9dbd910a"><testcase classname="backend.tests.test_george_surface_context" name="test_endpoint_accepts_surface_context" time="3.793" /><testcase classname="backend.tests.test_george_surface_context" name="test_george_uses_surface_context" time="10.205" /><testcase classname="backend.tests.test_george_surface_context" name="test_endpoint_backward_compat_no_surface_context" time="5.570" /></testsuite></testsuites>