<?xml version="1.0" encoding="utf-8"?><testsuites name="pytest tests"><testsuite name="pytest" errors="0" failures="0" skipped="0" tests="9" time="0.296" timestamp="2026-06-13T10:26:32.415663+00:00" hostname="agent-env-d75e56bd-d5fc-45f3-93ee-d88994102c49"><testcase classname="backend.tests.test_iter17.TestRepeatOffenders" name="test_repeat_offenders_returns_only_resolvable_users" time="0.036" /><testcase classname="backend.tests.test_iter17.TestAdminEventsLifecycle" name="test_01_appears_in_active_list" time="0.008" /><testcase classname="backend.tests.test_iter17.TestAdminEventsLifecycle" name="test_02_edit_via_patch" time="0.008" /><testcase classname="backend.tests.test_iter17.TestAdminEventsLifecycle" name="test_03_cancel_with_reason" time="0.007" /><testcase classname="backend.tests.test_iter17.TestAdminEventsLifecycle" name="test_04_archive" time="0.007" /><testcase classname="backend.tests.test_iter17.TestAdminEventsLifecycle" name="test_05_public_events_hides_archived" time="0.003" /><testcase classname="backend.tests.test_iter17.TestAdminEventsLifecycle" name="test_06_unarchive" time="0.006" /><testcase classname="backend.tests.test_iter17.TestAdminEventsLifecycle" name="test_07_hard_delete" time="0.034" /><testcase classname="backend.tests.test_iter17.TestAdminRestore" name="test_restore_endpoint_exists" time="0.007" /></testsuite></testsuites>