<?xml version="1.0" encoding="utf-8"?><testsuites name="pytest tests"><testsuite name="pytest" errors="0" failures="0" skipped="0" tests="11" time="1.242" timestamp="2026-06-21T10:57:34.095646+00:00" hostname="agent-env-d75e56bd-d5fc-45f3-93ee-d88994102c49"><testcase classname="backend.tests.test_iter37_crossword.TestLevels" name="test_returns_four_levels" time="0.358" /><testcase classname="backend.tests.test_iter37_crossword.TestDaily" name="test_daily_puzzle_envelope" time="0.043" /><testcase classname="backend.tests.test_iter37_crossword.TestActive" name="test_medium_active_has_three" time="0.040" /><testcase classname="backend.tests.test_iter37_crossword.TestSinglePuzzle" name="test_easy_001_garden" time="0.041" /><testcase classname="backend.tests.test_iter37_crossword.TestSinglePuzzle" name="test_expert_001_is_dense" time="0.041" /><testcase classname="backend.tests.test_iter37_crossword.TestCheckCorrect" name="test_correct_awards_points_once" time="0.125" /><testcase classname="backend.tests.test_iter37_crossword.TestCheckWrong" name="test_wrong_letters_marked" time="0.120" /><testcase classname="backend.tests.test_iter37_crossword.TestReveal" name="test_reveal_first_letter_cell" time="0.120" /><testcase classname="backend.tests.test_iter37_crossword.TestReveal" name="test_reveal_blocked_cell_400" time="0.082" /><testcase classname="backend.tests.test_iter37_crossword.TestProgress" name="test_save_then_get" time="0.084" /><testcase classname="backend.tests.test_iter37_crossword.TestDailyTable" name="test_today_crossword_table_listed" time="0.086" /></testsuite></testsuites>