<?xml version="1.0" encoding="utf-8"?><testsuites name="pytest tests"><testsuite name="pytest" errors="0" failures="0" skipped="0" tests="17" time="5.242" timestamp="2026-07-31T11:24:42.682128+00:00" hostname="agent-env-6f7dd4bc-bd26-46b3-bfec-45be9dbd910a"><testcase classname="tests.test_iter61_siwa_rotation.TestAppleSIWAEndpoint" name="test_apple_endpoint_exists_empty_token_400" time="0.198" /><testcase classname="tests.test_iter61_siwa_rotation.TestAppleSIWAEndpoint" name="test_apple_endpoint_malformed_token_401_not_500" time="0.046" /><testcase classname="tests.test_iter61_siwa_rotation.TestAppleSIWAEndpoint" name="test_apple_wrong_audience_rejected_401" time="0.352" /><testcase classname="tests.test_iter61_siwa_rotation.TestAppleSIWAEndpoint" name="test_apple_correct_aud_wrong_signature_still_rejected" time="0.182" /><testcase classname="tests.test_iter61_siwa_rotation.TestAppleSIWAEndpoint" name="test_apple_web_audience_also_accepted_by_whitelist" time="0.186" /><testcase classname="tests.test_iter61_siwa_rotation.TestAppleSIWAEndpoint" name="test_siwa_client_secret_helper_signs_es256_with_new_kid" time="2.498" /><testcase classname="tests.test_iter61_siwa_rotation.TestRegressionSweep" name="test_health_200" time="0.053" /><testcase classname="tests.test_iter61_siwa_rotation.TestRegressionSweep" name="test_root_200" time="0.042" /><testcase classname="tests.test_iter61_siwa_rotation.TestRegressionSweep" name="test_founders_status_public" time="0.042" /><testcase classname="tests.test_iter61_siwa_rotation.TestRegressionSweep" name="test_public_content_bulk" time="0.045" /><testcase classname="tests.test_iter61_siwa_rotation.TestRegressionSweep" name="test_public_founders_count" time="0.044" /><testcase classname="tests.test_iter61_siwa_rotation.TestRegressionSweep" name="test_login_realtest1_returns_jwt_and_user" time="0.291" /><testcase classname="tests.test_iter61_siwa_rotation.TestRegressionSweep" name="test_auth_me_with_bearer" time="0.043" /><testcase classname="tests.test_iter61_siwa_rotation.TestRegressionSweep" name="test_get_user_by_id_with_bearer" time="0.043" /><testcase classname="tests.test_iter61_siwa_rotation.TestRegressionSweep" name="test_logout_endpoint_not_provided" time="0.056" /><testcase classname="tests.test_iter61_siwa_rotation.TestPublicContactRateLimiter" name="test_public_contact_does_not_crash" time="0.276" /><testcase classname="tests.test_iter61_siwa_rotation.TestPublicContactRateLimiter" name="test_public_contact_xff_header_variants" time="0.735" /></testsuite></testsuites>