<?xml version="1.0" encoding="utf-8"?><testsuites name="pytest tests"><testsuite name="pytest" errors="0" failures="0" skipped="0" tests="25" time="1.494" timestamp="2026-07-22T13:54:57.334482+00:00" hostname="agent-env-0fca8d4b-261e-4c0e-9d89-e59017a442d3"><testcase classname="backend.tests.test_iter89_speakbutton_cloud_refactor.TestSpeakButtonCloudRefactor" name="test_no_expo_speech_import" time="0.001" /><testcase classname="backend.tests.test_iter89_speakbutton_cloud_refactor.TestSpeakButtonCloudRefactor" name="test_imports_george_api" time="0.000" /><testcase classname="backend.tests.test_iter89_speakbutton_cloud_refactor.TestSpeakButtonCloudRefactor" name="test_imports_tts_shared_registry" time="0.000" /><testcase classname="backend.tests.test_iter89_speakbutton_cloud_refactor.TestSpeakButtonCloudRefactor" name="test_public_prop_signature_preserved" time="0.000" /><testcase classname="backend.tests.test_iter89_speakbutton_cloud_refactor.TestSpeakButtonCloudRefactor" name="test_default_export_present" time="0.000" /><testcase classname="backend.tests.test_iter89_speakbutton_cloud_refactor.TestGeorgeSpeakButtonSharedRegistry" name="test_imports_tts_shared" time="0.000" /><testcase classname="backend.tests.test_iter89_speakbutton_cloud_refactor.TestGeorgeSpeakButtonSharedRegistry" name="test_uses_george_api_speak" time="0.000" /><testcase classname="backend.tests.test_iter89_speakbutton_cloud_refactor.TestTtsSharedModule" name="test_exports_expected_symbols" time="0.000" /><testcase classname="backend.tests.test_iter89_speakbutton_cloud_refactor.TestTtsSharedModule" name="test_single_module_level_registry" time="0.000" /><testcase classname="backend.tests.test_iter89_speakbutton_cloud_refactor.TestGeorgeApiDiskCache" name="test_speak_checks_disk_cache_on_native" time="0.000" /><testcase classname="backend.tests.test_iter89_speakbutton_cloud_refactor.TestVoiceInputButtonPlatformBranching" name="test_imports_platform" time="0.000" /><testcase classname="backend.tests.test_iter89_speakbutton_cloud_refactor.TestVoiceInputButtonPlatformBranching" name="test_native_uses_file_object_form_append" time="0.000" /><testcase classname="backend.tests.test_iter89_speakbutton_cloud_refactor.TestVoiceInputButtonPlatformBranching" name="test_platform_os_web_branch_present" time="0.000" /><testcase classname="backend.tests.test_iter89_speakbutton_cloud_refactor.TestVoiceInputButtonPlatformBranching" name="test_no_unconditional_blob_fetch_on_native" time="0.000" /><testcase classname="backend.tests.test_iter89_speakbutton_cloud_refactor.TestVoiceInputButtonPlatformBranching" name="test_field_name_is_audio" time="0.000" /><testcase classname="backend.tests.test_iter89_speakbutton_cloud_refactor.TestVoiceTranscribeEndpoint" name="test_endpoint_reachable" time="0.275" /><testcase classname="backend.tests.test_iter89_speakbutton_cloud_refactor.TestVoiceTranscribeEndpoint" name="test_empty_post_is_422" time="0.111" /><testcase classname="backend.tests.test_iter89_speakbutton_cloud_refactor.TestVoiceTranscribeEndpoint" name="test_empty_audio_field_returns_400" time="0.164" /><testcase classname="backend.tests.test_iter89_speakbutton_cloud_refactor.TestVoiceTranscribeEndpoint" name="test_wrong_field_name_returns_422" time="0.159" /><testcase classname="backend.tests.test_iter89_speakbutton_cloud_refactor.TestGeorgeTranscribeEndpoint" name="test_endpoint_reachable" time="0.152" /><testcase classname="backend.tests.test_iter89_speakbutton_cloud_refactor.TestGeorgeTranscribeEndpoint" name="test_requires_auth_or_field" time="0.112" /><testcase classname="backend.tests.test_iter89_speakbutton_cloud_refactor.TestGeorgeTranscribeEndpoint" name="test_wrong_field_name_still_uses_file" time="0.180" /><testcase classname="backend.tests.test_iter89_speakbutton_cloud_refactor.TestGeorgeSpeakEndpoint" name="test_endpoint_reachable" time="0.144" /><testcase classname="backend.tests.test_iter89_speakbutton_cloud_refactor.TestGeorgeSpeakEndpoint" name="test_requires_auth" time="0.104" /><testcase classname="backend.tests.test_iter89_speakbutton_cloud_refactor.TestBuildPinsUnchanged" name="test_version_and_build_number" time="0.000" /></testsuite></testsuites>