<?xml version="1.0" encoding="utf-8"?><testsuites name="pytest tests"><testsuite name="pytest" errors="0" failures="0" skipped="0" tests="28" time="4.644" timestamp="2026-06-29T11:50:27.259773+00:00" hostname="agent-env-d75e56bd-d5fc-45f3-93ee-d88994102c49"><testcase classname="backend.tests.test_iter45_appstore_readiness.TestBackendHealth" name="test_health_endpoint" time="0.247" /><testcase classname="backend.tests.test_iter45_appstore_readiness.TestAppleAuthNewField" name="test_malformed_token_with_authorization_code" time="0.045" /><testcase classname="backend.tests.test_iter45_appstore_readiness.TestAppleAuthNewField" name="test_authorization_code_field_is_optional" time="0.043" /><testcase classname="backend.tests.test_iter45_appstore_readiness.TestAppleAuthNewField" name="test_empty_identity_token_still_400" time="0.049" /><testcase classname="backend.tests.test_iter45_appstore_readiness.TestSiwaHelpersUnconfigured" name="test_siwa_configured_returns_false_in_dev_env" time="1.112" /><testcase classname="backend.tests.test_iter45_appstore_readiness.TestSiwaHelpersUnconfigured" name="test_apple_revoke_token_no_op_when_unconfigured" time="0.001" /><testcase classname="backend.tests.test_iter45_appstore_readiness.TestSiwaHelpersUnconfigured" name="test_apple_revoke_token_no_op_when_token_empty" time="0.000" /><testcase classname="backend.tests.test_iter45_appstore_readiness.TestBuildAppleClientSecret" name="test_jwt_shape_with_real_es256_key" time="0.021" /><testcase classname="backend.tests.test_iter45_appstore_readiness.TestSelfDeleteNonApple" name="test_signup_then_self_delete" time="0.756" /><testcase classname="backend.tests.test_iter45_appstore_readiness.TestAppJsonStructure" name="test_app_json_valid" time="0.000" /><testcase classname="backend.tests.test_iter45_appstore_readiness.TestAppJsonStructure" name="test_privacy_manifests_present" time="0.000" /><testcase classname="backend.tests.test_iter45_appstore_readiness.TestAppJsonStructure" name="test_removed_ios_permission_strings" time="0.000" /><testcase classname="backend.tests.test_iter45_appstore_readiness.TestAppJsonStructure" name="test_removed_android_permissions" time="0.000" /><testcase classname="backend.tests.test_iter45_appstore_readiness.TestAppJsonStructure" name="test_no_google_services_file" time="0.000" /><testcase classname="backend.tests.test_iter45_appstore_readiness.TestAppJsonStructure" name="test_usesAppleSignIn_still_true" time="0.000" /><testcase classname="backend.tests.test_iter45_appstore_readiness.TestAppJsonStructure" name="test_apple_authentication_plugin_present" time="0.001" /><testcase classname="backend.tests.test_iter43_apple_signin.TestAppleSignInNegative" name="test_empty_identity_token" time="0.095" /><testcase classname="backend.tests.test_iter43_apple_signin.TestAppleSignInNegative" name="test_missing_identity_token_field" time="0.042" /><testcase classname="backend.tests.test_iter43_apple_signin.TestAppleSignInNegative" name="test_malformed_token" time="0.083" /><testcase classname="backend.tests.test_iter43_apple_signin.TestAppleSignInNegative" name="test_wrong_signature_hs256_token" time="0.391" /><testcase classname="backend.tests.test_iter43_apple_signin.TestAppleSignInNegative" name="test_bogus_kid_rs256_token" time="0.449" /><testcase classname="backend.tests.test_iter43_apple_signin.TestAppleSignInNegative" name="test_jwt_missing_kid" time="0.046" /><testcase classname="backend.tests.test_iter43_apple_signin.TestAppleSignInNegative" name="test_envelope_shape_is_fastapi_detail" time="0.044" /><testcase classname="backend.tests.test_iter43_apple_signin.TestAppleSignInNegative" name="test_jwk_endpoint_reachable_from_backend" time="0.138" /><testcase classname="backend.tests.test_iter43_apple_signin.TestAuthRegression" name="test_demo_login_maggie" time="0.048" /><testcase classname="backend.tests.test_iter43_apple_signin.TestAuthRegression" name="test_signup_and_login" time="0.589" /><testcase classname="backend.tests.test_iter43_apple_signin.TestAuthRegression" name="test_google_endpoint_rejects_invalid_session" time="0.152" /><testcase classname="backend.tests.test_iter43_apple_signin.TestAuthRegression" name="test_login_invalid_credentials" time="0.083" /></testsuite></testsuites>