<?xml version="1.0" encoding="utf-8"?><testsuites name="pytest tests"><testsuite name="pytest" errors="0" failures="0" skipped="0" tests="7" time="4.825" timestamp="2026-07-14T10:06:54.547227+00:00" hostname="agent-env-d75e56bd-d5fc-45f3-93ee-d88994102c49"><testcase classname="backend.tests.test_iter57_flyer_static_ribbon.TestFlyerStaticRibbon" name="test_flyer_returns_a4_png" time="0.614" /><testcase classname="backend.tests.test_iter57_flyer_static_ribbon.TestFlyerStaticRibbon" name="test_ribbon_ocr_has_static_copy_and_no_live_count" time="0.934" /><testcase classname="backend.tests.test_iter57_flyer_static_ribbon.TestFlyerStaticRibbon" name="test_ribbon_gold_present_when_cohort_open" time="0.480" /><testcase classname="backend.tests.test_iter57_flyer_static_ribbon.TestFlyerRibbonHiddenWhenCohortFull" name="test_ribbon_hidden_when_cohort_full" time="1.092" /><testcase classname="backend.tests.test_iter57_flyer_static_ribbon.TestFlyerRibbonHiddenWhenCohortFull" name="test_qr_shifts_up_when_cohort_full" time="0.415" /><testcase classname="backend.tests.test_iter57_flyer_static_ribbon.TestFlyerRegression" name="test_no_auth_required" time="0.536" /><testcase classname="backend.tests.test_iter57_flyer_static_ribbon.TestFlyerRegression" name="test_filename_ends_with_png" time="0.394" /></testsuite></testsuites>