<?xml version="1.0" encoding="utf-8"?><testsuites name="pytest tests"><testsuite name="pytest" errors="0" failures="0" skipped="0" tests="6" time="2.864" timestamp="2026-07-25T12:20:55.749909+00:00" hostname="agent-env-0fca8d4b-261e-4c0e-9d89-e59017a442d3"><testcase classname="backend.tests.test_iter105_status_sign_off.TestSignOffAuth" name="test_unauthed_returns_401" time="0.248" /><testcase classname="backend.tests.test_iter105_status_sign_off.TestSignOffMutatesDb" name="test_heartbeat_then_signoff_backdates_last_seen" time="0.562" /><testcase classname="backend.tests.test_iter105_status_sign_off.TestForUsersReturnsOffline" name="test_for_users_offline_after_signoff" time="0.526" /><testcase classname="backend.tests.test_iter105_status_sign_off.TestSignOffIdempotent" name="test_double_signoff_still_offline" time="0.406" /><testcase classname="backend.tests.test_iter105_status_sign_off.TestHeartbeatRecovers" name="test_heartbeat_after_signoff_flips_online" time="0.493" /><testcase classname="backend.tests.test_iter105_status_sign_off.TestManualStatusPreSignOffCleared" name="test_manual_status_cleared_on_signoff" time="0.487" /></testsuite></testsuites>