<?xml version="1.0" encoding="utf-8"?><testsuites name="pytest tests"><testsuite name="pytest" errors="0" failures="0" skipped="0" tests="14" time="1.548" timestamp="2026-06-18T09:11:40.449017+00:00" hostname="agent-env-d75e56bd-d5fc-45f3-93ee-d88994102c49"><testcase classname="backend.tests.test_iter31_founders_benefits.TestFoundersWall" name="test_founders_wall_shape_and_sort" time="0.156" /><testcase classname="backend.tests.test_iter31_founders_benefits.TestFoundersWall" name="test_founders_status" time="0.049" /><testcase classname="backend.tests.test_iter31_founders_benefits.TestFoundersLoungeArtifacts" name="test_founders_group_exists" time="0.047" /><testcase classname="backend.tests.test_iter31_founders_benefits.TestFoundersLoungeArtifacts" name="test_founders_table_exists" time="0.048" /><testcase classname="backend.tests.test_iter31_founders_benefits.TestFounderOnlyJoinGuards" name="test_table_join_blocks_non_founder" time="0.121" /><testcase classname="backend.tests.test_iter31_founders_benefits.TestFounderOnlyJoinGuards" name="test_table_join_allows_founder" time="0.046" /><testcase classname="backend.tests.test_iter31_founders_benefits.TestFounderOnlyJoinGuards" name="test_group_join_blocks_non_founder" time="0.050" /><testcase classname="backend.tests.test_iter31_founders_benefits.TestFounderOnlyJoinGuards" name="test_group_join_allows_founder" time="0.045" /><testcase classname="backend.tests.test_iter31_founders_benefits.TestFounderAutoEnrolmentAtSignup" name="test_signup_response_is_founder" time="0.326" /><testcase classname="backend.tests.test_iter31_founders_benefits.TestFounderAutoEnrolmentAtSignup" name="test_user_persists_with_founder_fields" time="0.046" /><testcase classname="backend.tests.test_iter31_founders_benefits.TestFounderAutoEnrolmentAtSignup" name="test_added_to_founders_group" time="0.044" /><testcase classname="backend.tests.test_iter31_founders_benefits.TestFounderAutoEnrolmentAtSignup" name="test_added_to_founders_table" time="0.047" /><testcase classname="backend.tests.test_iter31_founders_benefits.TestFounderAutoEnrolmentAtSignup" name="test_notifications_welcome_and_founder" time="0.350" /><testcase classname="backend.tests.test_iter31_founders_benefits.TestFounderAutoEnrolmentAtSignup" name="test_founders_status_incremented" time="0.047" /></testsuite></testsuites>