<?xml version="1.0" encoding="utf-8"?><testsuites name="pytest tests"><testsuite name="pytest" errors="0" failures="0" skipped="1" tests="20" time="0.987" timestamp="2026-07-30T07:26:12.232786+00:00" hostname="agent-env-6f7dd4bc-bd26-46b3-bfec-45be9dbd910a"><testcase classname="backend.tests.test_launch_manager.TestPublicLaunchStatus" name="test_shape_and_unauthenticated" time="0.260" /><testcase classname="backend.tests.test_launch_manager.TestPublicLaunchStatus" name="test_store_links_hidden_until_live" time="0.007" /><testcase classname="backend.tests.test_launch_manager.TestPublicLaunchStatus" name="test_store_links_exposed_when_live" time="0.011" /><testcase classname="backend.tests.test_launch_manager.TestPublicLaunchStatus" name="test_is_live_when_launch_at_past" time="0.006" /><testcase classname="backend.tests.test_launch_manager.TestAdminGetLaunch" name="test_requires_auth" time="0.002" /><testcase classname="backend.tests.test_launch_manager.TestAdminGetLaunch" name="test_returns_settings_and_readiness" time="0.004" /><testcase classname="backend.tests.test_launch_manager.TestPatchValidation" name="test_rejects_invalid_appstore" time="0.003" /><testcase classname="backend.tests.test_launch_manager.TestPatchValidation" name="test_rejects_invalid_playstore" time="0.003" /><testcase classname="backend.tests.test_launch_manager.TestPatchValidation" name="test_accepts_valid_apple_and_play" time="0.004" /><testcase classname="backend.tests.test_launch_manager.TestPatchValidation" name="test_accepts_itunes_apple" time="0.008" /><testcase classname="backend.tests.test_launch_manager.TestPatchValidation" name="test_partial_patch_persists" time="0.011" /><testcase classname="backend.tests.test_launch_manager.TestAuditLog" name="test_patch_writes_admin_log" time="0.507"><skipped type="pytest.skip" message="audit-log endpoint not reachable: 404">/app/backend/tests/test_launch_manager.py:202: audit-log endpoint not reachable: 404</skipped></testcase><testcase classname="backend.tests.test_launch_manager.TestReadinessTones" name="test_wait_no_date" time="0.009" /><testcase classname="backend.tests.test_launch_manager.TestReadinessTones" name="test_wait_not_enabled" time="0.007" /><testcase classname="backend.tests.test_launch_manager.TestReadinessTones" name="test_warn_missing_both_stores_grammar" time="0.007" /><testcase classname="backend.tests.test_launch_manager.TestReadinessTones" name="test_warn_missing_only_appstore" time="0.007" /><testcase classname="backend.tests.test_launch_manager.TestReadinessTones" name="test_ready_with_outstanding_items" time="0.007" /><testcase classname="backend.tests.test_launch_manager.TestReadinessTones" name="test_ready_all_done" time="0.007" /><testcase classname="backend.tests.test_launch_manager.TestReadinessTones" name="test_live_via_launch_complete" time="0.012" /><testcase classname="backend.tests.test_launch_manager.TestReadinessTones" name="test_live_via_past_launch_at" time="0.011" /></testsuite></testsuites>