<?xml version="1.0" encoding="utf-8"?><testsuites name="pytest tests"><testsuite name="pytest" errors="0" failures="0" skipped="0" tests="8" time="0.789" timestamp="2026-07-22T06:34:28.717316+00:00" hostname="agent-env-d75e56bd-d5fc-45f3-93ee-d88994102c49"><testcase classname="backend.tests.test_iter85_testflight_round2.TestHealth" name="test_health_ok" time="0.137" /><testcase classname="backend.tests.test_iter85_testflight_round2.TestFoundersStatus" name="test_shape_and_open" time="0.048" /><testcase classname="backend.tests.test_iter85_testflight_round2.TestFPCafePinned" name="test_fp_cafe_is_row_zero" time="0.048" /><testcase classname="backend.tests.test_iter85_testflight_round2.TestVoiceTranscribeReachable" name="test_endpoint_not_404" time="0.046" /><testcase classname="backend.tests.test_iter85_testflight_round2.TestJigsawCurated" name="test_no_generated_placeholder_items" time="0.044" /><testcase classname="backend.tests.test_iter85_testflight_round2.TestSeedMemberLogin" name="test_member_can_login" time="0.289" /><testcase classname="backend.tests.test_iter85_testflight_round2.TestDemoLogin" name="test_frankie_demo_login" time="0.045" /><testcase classname="backend.tests.test_iter85_testflight_round2.TestOnboardingReachable" name="test_onboarding_start_endpoint" time="0.050" /></testsuite></testsuites>