<?xml version="1.0" encoding="utf-8"?><testsuites name="pytest tests"><testsuite name="pytest" errors="0" failures="0" skipped="0" tests="15" time="5.615" timestamp="2026-07-20T13:44:31.192607+00:00" hostname="agent-env-d75e56bd-d5fc-45f3-93ee-d88994102c49"><testcase classname="backend.tests.test_iter76_cms_account.TestChangePassword" name="test_requires_bearer" time="0.160" /><testcase classname="backend.tests.test_iter76_cms_account.TestChangePassword" name="test_wrong_current_returns_401" time="0.561" /><testcase classname="backend.tests.test_iter76_cms_account.TestChangePassword" name="test_same_as_current_returns_400" time="0.488" /><testcase classname="backend.tests.test_iter76_cms_account.TestChangePassword" name="test_short_password_returns_422" time="0.043" /><testcase classname="backend.tests.test_iter76_cms_account.TestChangePassword" name="test_happy_path_rotates_and_restores" time="2.469" /><testcase classname="backend.tests.test_iter76_cms_account.TestAdmins" name="test_list_requires_bearer" time="0.043" /><testcase classname="backend.tests.test_iter76_cms_account.TestAdmins" name="test_list_ok_no_password_hash" time="0.045" /><testcase classname="backend.tests.test_iter76_cms_account.TestAdmins" name="test_create_admin_and_invite_url" time="0.527" /><testcase classname="backend.tests.test_iter76_cms_account.TestAdmins" name="test_create_duplicate_email_400" time="0.043" /><testcase classname="backend.tests.test_iter76_cms_account.TestAdmins" name="test_invite_reset_activates_new_admin" time="0.533" /><testcase classname="backend.tests.test_iter76_cms_account.TestAdmins" name="test_delete_self_returns_400" time="0.092" /><testcase classname="backend.tests.test_iter76_cms_account.TestAdmins" name="test_delete_unknown_returns_404" time="0.045" /><testcase classname="backend.tests.test_iter76_cms_account.TestAdmins" name="test_delete_other_admin_ok" time="0.125" /><testcase classname="backend.tests.test_iter76_cms_account.TestAdmins" name="test_last_admin_guardrail" time="0.044" /><testcase classname="backend.tests.test_iter76_cms_account" name="test_zzz_cleanup" time="0.305" /></testsuite></testsuites>