<?xml version="1.0" encoding="utf-8"?><testsuites name="pytest tests"><testsuite name="pytest" errors="0" failures="0" skipped="0" tests="18" time="2.661" timestamp="2026-07-17T09:24:33.432582+00:00" hostname="agent-env-d75e56bd-d5fc-45f3-93ee-d88994102c49"><testcase classname="backend.tests.test_success_stories.TestAccessControl" name="test_list_requires_auth" time="0.254" /><testcase classname="backend.tests.test_success_stories.TestAccessControl" name="test_create_requires_auth" time="0.052" /><testcase classname="backend.tests.test_success_stories.TestAccessControl" name="test_patch_requires_auth" time="0.048" /><testcase classname="backend.tests.test_success_stories.TestAccessControl" name="test_delete_requires_auth" time="0.053" /><testcase classname="backend.tests.test_success_stories.TestAccessControl" name="test_reorder_requires_auth" time="0.050" /><testcase classname="backend.tests.test_success_stories.TestSuccessStoriesCRUD" name="test_create_empty_body_autofills_title" time="0.131" /><testcase classname="backend.tests.test_success_stories.TestSuccessStoriesCRUD" name="test_list_includes_drafts" time="0.085" /><testcase classname="backend.tests.test_success_stories.TestSuccessStoriesCRUD" name="test_get_single_story" time="0.043" /><testcase classname="backend.tests.test_success_stories.TestSuccessStoriesCRUD" name="test_get_404_for_missing" time="0.083" /><testcase classname="backend.tests.test_success_stories.TestSuccessStoriesCRUD" name="test_patch_partial_update_persists" time="0.132" /><testcase classname="backend.tests.test_success_stories.TestSuccessStoriesCRUD" name="test_patch_invalid_status_rejected" time="0.045" /><testcase classname="backend.tests.test_success_stories.TestSuccessStoriesCRUD" name="test_patch_404_for_missing" time="0.045" /><testcase classname="backend.tests.test_success_stories.TestPublishStateMachine" name="test_publish_appears_on_public" time="0.135" /><testcase classname="backend.tests.test_success_stories.TestPublishStateMachine" name="test_move_to_draft_removes_from_public" time="0.090" /><testcase classname="backend.tests.test_success_stories.TestPublishStateMachine" name="test_hidden_published_hidden_from_public" time="0.220" /><testcase classname="backend.tests.test_success_stories.TestReorder" name="test_reorder_persists_and_public_respects_order" time="0.346" /><testcase classname="backend.tests.test_success_stories.TestDelete" name="test_delete_removes_from_list_and_public" time="0.320" /><testcase classname="backend.tests.test_success_stories.TestStats" name="test_stats_success_stories_count" time="0.187" /></testsuite></testsuites>