<?xml version="1.0" encoding="utf-8"?><testsuites name="pytest tests"><testsuite name="pytest" errors="0" failures="0" skipped="0" tests="13" time="1.066" timestamp="2026-07-29T10:40:42.001826+00:00" hostname="agent-env-6f7dd4bc-bd26-46b3-bfec-45be9dbd910a"><testcase classname="backend.tests.test_v1_launch_deploy_readiness.TestWebsiteRoutes" name="test_route_returns_200[/meet-expected_needles0]" time="0.046" /><testcase classname="backend.tests.test_v1_launch_deploy_readiness.TestWebsiteRoutes" name="test_route_returns_200[/register-interest-expected_needles1]" time="0.030" /><testcase classname="backend.tests.test_v1_launch_deploy_readiness.TestWebsiteRoutes" name="test_route_returns_200[/about-expected_needles2]" time="0.031" /><testcase classname="backend.tests.test_v1_launch_deploy_readiness.TestWebsiteRoutes" name="test_route_returns_200[/how-it-works-expected_needles3]" time="0.027" /><testcase classname="backend.tests.test_v1_launch_deploy_readiness.TestWebsiteRoutes" name="test_route_returns_200[/features-expected_needles4]" time="0.026" /><testcase classname="backend.tests.test_v1_launch_deploy_readiness.TestWebsiteRoutes" name="test_route_returns_200[/admin-expected_needles5]" time="0.028" /><testcase classname="backend.tests.test_v1_launch_deploy_readiness.TestWebsiteRoutes" name="test_route_returns_200[/-expected_needles6]" time="0.003" /><testcase classname="backend.tests.test_v1_launch_deploy_readiness.TestWebsiteRoutes" name="test_meet_has_quiet_host_copy" time="0.025" /><testcase classname="backend.tests.test_v1_launch_deploy_readiness.TestWebsiteRoutes" name="test_ryi_form_fields_present" time="0.025" /><testcase classname="backend.tests.test_v1_launch_deploy_readiness.TestRegisterInterestAPI" name="test_submit_persists_row_and_returns_id" time="0.361" /><testcase classname="backend.tests.test_v1_launch_deploy_readiness.TestRegisterInterestAPI" name="test_missing_first_name_returns_400" time="0.002" /><testcase classname="backend.tests.test_v1_launch_deploy_readiness.TestRegisterInterestAPI" name="test_invalid_email_returns_400" time="0.002" /><testcase classname="backend.tests.test_v1_launch_deploy_readiness.TestRegisterInterestAPI" name="test_idempotent_within_24h" time="0.309" /></testsuite></testsuites>