<?xml version="1.0" encoding="utf-8"?><testsuites name="pytest tests"><testsuite name="pytest" errors="0" failures="0" skipped="1" tests="51" time="92.851" timestamp="2026-07-23T12:36:47.458957+00:00" hostname="agent-env-0fca8d4b-261e-4c0e-9d89-e59017a442d3"><testcase classname="tests.test_presence_status_live.TestStatusMe" name="test_get_status_me_shape" time="0.537" /><testcase classname="tests.test_presence_status_live.TestStatusMe" name="test_heartbeat_ok" time="0.104" /><testcase classname="tests.test_presence_status_live.TestStatusMe" name="test_heartbeat_makes_online" time="0.335" /><testcase classname="tests.test_presence_status_live.TestStatusMe" name="test_patch_manual_looking" time="0.104" /><testcase classname="tests.test_presence_status_live.TestStatusMe" name="test_patch_manual_happy" time="0.104" /><testcase classname="tests.test_presence_status_live.TestStatusMe" name="test_patch_manual_busy" time="0.102" /><testcase classname="tests.test_presence_status_live.TestStatusMe" name="test_patch_manual_null_clears" time="0.129" /><testcase classname="tests.test_presence_status_live.TestStatusMe" name="test_patch_manual_invalid_400" time="0.101" /><testcase classname="tests.test_presence_status_live.TestLookingList" name="test_looking_default_scope" time="0.103" /><testcase classname="tests.test_presence_status_live.TestLookingList" name="test_looking_invalid_scope_422" time="0.102" /><testcase classname="tests.test_presence_status_live.TestLookingList" name="test_looking_scopes" time="0.305" /><testcase classname="tests.test_presence_status_live.TestLookingList" name="test_looking_excludes_self" time="0.311" /><testcase classname="tests.test_presence_status_live.TestForUsers" name="test_for_users_basic" time="0.110" /><testcase classname="tests.test_presence_status_live.TestForUsers" name="test_for_users_max_50" time="0.098" /><testcase classname="tests.test_presence_status_live.TestForUsers" name="test_for_users_empty" time="0.101" /><testcase classname="tests.test_presence_status_live.TestAuthGuard" name="test_status_me_requires_auth" time="0.101" /><testcase classname="tests.test_presence_status_live.TestAuthGuard" name="test_heartbeat_requires_auth" time="0.090" /><testcase classname="tests.test_presence_status_live.TestCafeJoinHook" name="test_cafe_join_clears_looking_and_marks_in_cafe" time="0.616" /><testcase classname="tests.test_presence_status_live.TestBackwardCompat" name="test_fp_cafe_permanent_still_200" time="0.105" /><testcase classname="tests.test_presence_status_live.TestBackwardCompat" name="test_notices_list" time="0.112" /><testcase classname="tests.test_presence_status_live.TestBackwardCompat" name="test_events_list" time="0.115" /><testcase classname="tests.test_presence_status_live.TestBackwardCompat" name="test_groups_list" time="0.112" /><testcase classname="tests.test_presence_status_live.TestBackwardCompat" name="test_auth_me" time="0.100" /><testcase classname="tests.test_presence_status_live.TestBackwardCompat" name="test_friends_inbox_endpoint" time="0.098" /><testcase classname="tests.test_presence_status_live.TestBackwardCompat" name="test_find_friends_endpoint" time="0.298"><skipped type="pytest.skip" message="find-friends endpoint path unknown — not a regression per se">/app/backend/tests/test_presence_status_live.py:248: find-friends endpoint path unknown — not a regression per se</skipped></testcase><testcase classname="tests.test_presence_status_live.TestBackwardCompat" name="test_dm_list" time="0.097" /><testcase classname="tests.test_presence_status_live.TestBackwardCompat" name="test_mcgs_transcribe_auth_guard" time="0.103" /><testcase classname="tests.test_iter67_events.TestEventCRUD" name="test_create_draft_defaults" time="0.177" /><testcase classname="tests.test_iter67_events.TestEventCRUD" name="test_slug_uniqueness_suffix" time="0.310" /><testcase classname="tests.test_iter67_events.TestEventCRUD" name="test_get_and_patch_partial" time="0.259" /><testcase classname="tests.test_iter67_events.TestEventCRUD" name="test_publish_requires_title_and_starts_at" time="0.435" /><testcase classname="tests.test_iter67_events.TestEventCRUD" name="test_delete_event_cascades_rsvps" time="0.650" /><testcase classname="tests.test_iter67_events.TestRsvpWaitlist" name="test_capacity_2_third_goes_to_waitlist" time="0.532" /><testcase classname="tests.test_iter67_events.TestRsvpWaitlist" name="test_cancelling_going_promotes_top_of_waitlist" time="0.525" /><testcase classname="tests.test_iter67_events.TestRsvpWaitlist" name="test_no_capacity_no_waitlist" time="0.517" /><testcase classname="tests.test_iter67_events.TestPublicEvents" name="test_published_upcoming_shows_up" time="0.317" /><testcase classname="tests.test_iter67_events.TestPublicEvents" name="test_hidden_published_is_excluded" time="30.440" /><testcase classname="tests.test_iter67_events.TestPublicEvents" name="test_past_event_excluded" time="30.540" /><testcase classname="tests.test_iter67_events.TestPublicEvents" name="test_public_ordering_by_starts_at" time="1.686" /><testcase classname="tests.test_iter67_events.TestPublicEvents" name="test_public_slug_missing_returns_404" time="7.317" /><testcase classname="tests.test_iter67_events.TestPublicEvents" name="test_public_slug_draft_returns_404" time="0.253" /><testcase classname="tests.test_iter67_events.TestStats" name="test_events_count_fields_are_integers_and_reflect_creation" time="10.565" /><testcase classname="tests.test_iter92_composer_and_stt.TestPreferencesPersistence" name="test_patch_nearby_true_persists" time="0.517" /><testcase classname="tests.test_iter92_composer_and_stt.TestPreferencesPersistence" name="test_patch_nearby_false_persists" time="0.201" /><testcase classname="tests.test_iter92_composer_and_stt.TestChatAlertFriendsFallback" name="test_zero_friends_returns_helpful_message" time="0.247" /><testcase classname="tests.test_iter92_composer_and_stt.TestSTTContract" name="test_transcribe_requires_bearer" time="0.113" /><testcase classname="tests.test_iter92_composer_and_stt.TestSTTContract" name="test_transcribe_missing_file_field" time="0.116" /><testcase classname="tests.test_iter92_composer_and_stt.TestSTTContract" name="test_transcribe_happy_path" time="1.245" /><testcase classname="tests.test_iter93_stt_contract" name="test_transcribe_requires_bearer" time="0.105" /><testcase classname="tests.test_iter93_stt_contract" name="test_transcribe_missing_file_field" time="0.435" /><testcase classname="tests.test_iter93_stt_contract" name="test_transcribe_happy_path_contract" time="0.424" /></testsuite></testsuites>