<?xml version="1.0" encoding="utf-8"?><testsuites name="pytest tests"><testsuite name="pytest" errors="0" failures="0" skipped="0" tests="15" time="7.731" timestamp="2026-07-17T10:45:06.488093+00:00" hostname="agent-env-d75e56bd-d5fc-45f3-93ee-d88994102c49"><testcase classname="backend.tests.test_iter67_events.TestEventCRUD" name="test_create_draft_defaults" time="0.174" /><testcase classname="backend.tests.test_iter67_events.TestEventCRUD" name="test_slug_uniqueness_suffix" time="0.314" /><testcase classname="backend.tests.test_iter67_events.TestEventCRUD" name="test_get_and_patch_partial" time="0.424" /><testcase classname="backend.tests.test_iter67_events.TestEventCRUD" name="test_publish_requires_title_and_starts_at" time="0.423" /><testcase classname="backend.tests.test_iter67_events.TestEventCRUD" name="test_delete_event_cascades_rsvps" time="0.611" /><testcase classname="backend.tests.test_iter67_events.TestRsvpWaitlist" name="test_capacity_2_third_goes_to_waitlist" time="0.497" /><testcase classname="backend.tests.test_iter67_events.TestRsvpWaitlist" name="test_cancelling_going_promotes_top_of_waitlist" time="0.505" /><testcase classname="backend.tests.test_iter67_events.TestRsvpWaitlist" name="test_no_capacity_no_waitlist" time="0.529" /><testcase classname="backend.tests.test_iter67_events.TestPublicEvents" name="test_published_upcoming_shows_up" time="0.309" /><testcase classname="backend.tests.test_iter67_events.TestPublicEvents" name="test_hidden_published_is_excluded" time="0.312" /><testcase classname="backend.tests.test_iter67_events.TestPublicEvents" name="test_past_event_excluded" time="0.296" /><testcase classname="backend.tests.test_iter67_events.TestPublicEvents" name="test_public_ordering_by_starts_at" time="0.501" /><testcase classname="backend.tests.test_iter67_events.TestPublicEvents" name="test_public_slug_missing_returns_404" time="0.101" /><testcase classname="backend.tests.test_iter67_events.TestPublicEvents" name="test_public_slug_draft_returns_404" time="0.212" /><testcase classname="backend.tests.test_iter67_events.TestStats" name="test_events_count_fields_are_integers_and_reflect_creation" time="2.224" /></testsuite></testsuites>