<?xml version="1.0" encoding="utf-8"?><testsuites name="pytest tests"><testsuite name="pytest" errors="0" failures="0" skipped="0" tests="17" time="1.851" timestamp="2026-06-13T07:59:59.479695+00:00" hostname="agent-env-d75e56bd-d5fc-45f3-93ee-d88994102c49"><testcase classname="backend.tests.test_milestones_birthday_missedyou.TestMilestones" name="test_milestones_shape_and_just_unlocked" time="0.280" /><testcase classname="backend.tests.test_milestones_birthday_missedyou.TestMilestones" name="test_milestones_idempotent_second_call" time="0.044" /><testcase classname="backend.tests.test_milestones_birthday_missedyou.TestMilestones" name="test_milestones_404_unknown_user" time="0.045" /><testcase classname="backend.tests.test_milestones_birthday_missedyou.TestBirthdayVisibility" name="test_set_visibility_off_hides_from_community_today" time="0.173" /><testcase classname="backend.tests.test_milestones_birthday_missedyou.TestBirthdayVisibility" name="test_set_visibility_on_restores" time="0.127" /><testcase classname="backend.tests.test_milestones_birthday_missedyou.TestBirthdayVisibility" name="test_invalid_visibility_returns_400" time="0.047" /><testcase classname="backend.tests.test_milestones_birthday_missedyou.TestBirthdayWishes" name="test_friend_sends_wish_happy_path" time="0.129" /><testcase classname="backend.tests.test_milestones_birthday_missedyou.TestBirthdayWishes" name="test_wish_to_visibility_off_returns_403" time="0.208" /><testcase classname="backend.tests.test_milestones_birthday_missedyou.TestBirthdayWishes" name="test_wish_to_blocking_user_returns_403" time="0.044" /><testcase classname="backend.tests.test_milestones_birthday_missedyou.TestBirthdayWishes" name="test_wish_to_user_with_no_birthday_returns_400" time="0.047" /><testcase classname="backend.tests.test_milestones_birthday_missedyou.TestMissedYou" name="test_missed_you_idempotent_same_day" time="0.101" /><testcase classname="backend.tests.test_milestones_birthday_missedyou.TestRegressions" name="test_admin_policy" time="0.042" /><testcase classname="backend.tests.test_milestones_birthday_missedyou.TestRegressions" name="test_admin_repeat_offenders_requires_admin" time="0.050" /><testcase classname="backend.tests.test_milestones_birthday_missedyou.TestRegressions" name="test_community_today" time="0.045" /><testcase classname="backend.tests.test_milestones_birthday_missedyou.TestRegressions" name="test_games_spot_daily" time="0.043" /><testcase classname="backend.tests.test_milestones_birthday_missedyou.TestRegressions" name="test_games_sudoku_daily" time="0.042" /><testcase classname="backend.tests.test_milestones_birthday_missedyou.TestRegressions" name="test_demo_logins" time="0.209" /></testsuite></testsuites>