<?xml version="1.0" encoding="utf-8"?><testsuites name="pytest tests"><testsuite name="pytest" errors="0" failures="0" skipped="0" tests="5" time="1.841" timestamp="2026-07-31T10:10:04.325594+00:00" hostname="agent-env-6f7dd4bc-bd26-46b3-bfec-45be9dbd910a"><testcase classname="backend.tests.test_moments_comments_count_fix.TestListFeedCommentsCount" name="test_list_everyone_returns_correct_comments_count" time="1.012" /><testcase classname="backend.tests.test_moments_comments_count_fix.TestListFeedCommentsCount" name="test_detail_returns_comments_count_and_array" time="0.045" /><testcase classname="backend.tests.test_moments_comments_count_fix.TestListFeedCommentsCount" name="test_list_response_time_under_500ms_for_100" time="0.153" /><testcase classname="backend.tests.test_moments_comments_count_fix.TestListFeedCommentsCount" name="test_list_does_not_crash_on_docs_without_comments_field" time="0.125" /><testcase classname="backend.tests.test_moments_comments_count_fix.TestFeaturedCommentsCount" name="test_featured_returns_correct_comments_count" time="0.436" /></testsuite></testsuites>