<?xml version="1.0" encoding="utf-8"?><testsuites name="pytest tests"><testsuite name="pytest" errors="0" failures="0" skipped="3" tests="14" time="3.680" timestamp="2026-06-15T03:30:55.357081+00:00" hostname="agent-env-d75e56bd-d5fc-45f3-93ee-d88994102c49"><testcase classname="backend.tests.test_newest_on_top_sorting.TestUsersSorting" name="test_users_default_newest_first" time="0.198" /><testcase classname="backend.tests.test_newest_on_top_sorting.TestUsersSorting" name="test_users_near_me_still_distance_sorted" time="0.045" /><testcase classname="backend.tests.test_newest_on_top_sorting.TestUsersSorting" name="test_users_search_q_bill_newest_first" time="0.041"><skipped type="pytest.skip" message="Search for 'Bill' returned &lt;2 rows; covered by broader q test below">/app/backend/tests/test_newest_on_top_sorting.py:95: Search for 'Bill' returned &lt;2 rows; covered by broader q test below</skipped></testcase><testcase classname="backend.tests.test_newest_on_top_sorting.TestUsersSorting" name="test_users_search_q_broad_newest_first" time="0.043" /><testcase classname="backend.tests.test_newest_on_top_sorting.TestUsersSorting" name="test_create_user_lands_at_index_zero" time="0.388" /><testcase classname="backend.tests.test_newest_on_top_sorting.TestGroupsSorting" name="test_groups_default_newest_first" time="0.041" /><testcase classname="backend.tests.test_newest_on_top_sorting.TestGroupsSorting" name="test_create_group_lands_at_index_zero" time="0.083" /><testcase classname="backend.tests.test_newest_on_top_sorting.TestRegressionSorts" name="test_flutters_newest_first" time="1.113"><skipped type="pytest.skip" message="No user with &gt;=2 unread flutters">/app/backend/tests/test_newest_on_top_sorting.py:204: No user with &gt;=2 unread flutters</skipped></testcase><testcase classname="backend.tests.test_newest_on_top_sorting.TestRegressionSorts" name="test_notices_unsolved_then_newest" time="0.043" /><testcase classname="backend.tests.test_newest_on_top_sorting.TestRegressionSorts" name="test_dm_conversations_updated_at_desc" time="1.032"><skipped type="pytest.skip" message="No user with &gt;=2 conversations">/app/backend/tests/test_newest_on_top_sorting.py:238: No user with &gt;=2 conversations</skipped></testcase><testcase classname="backend.tests.test_newest_on_top_sorting.TestRegressionSorts" name="test_notifications_newest_first" time="0.104" /><testcase classname="backend.tests.test_newest_on_top_sorting.TestRegressionSorts" name="test_recipes_newest_first" time="0.041" /><testcase classname="backend.tests.test_newest_on_top_sorting.TestRegressionSorts" name="test_tables_last_activity_desc" time="0.043" /><testcase classname="backend.tests.test_newest_on_top_sorting.TestRegressionSorts" name="test_group_posts_newest_first" time="0.382" /></testsuite></testsuites>