<?xml version="1.0" encoding="utf-8"?><testsuites name="pytest tests"><testsuite name="pytest" errors="0" failures="0" skipped="0" tests="15" time="5.131" timestamp="2026-06-13T06:17:27.669419+00:00" hostname="agent-env-d75e56bd-d5fc-45f3-93ee-d88994102c49"><testcase classname="backend.tests.test_phase_b_community.TestCommunityTodayShape" name="test_endpoint_returns_expected_keys" time="0.256" /><testcase classname="backend.tests.test_phase_b_community.TestCommunityTodayShape" name="test_self_excluded_from_birthdays_and_new_members" time="0.041" /><testcase classname="backend.tests.test_phase_b_community.TestUsernameFilter" name="test_hex_suffix_user_filtered_from_new_members" time="0.419" /><testcase classname="backend.tests.test_phase_b_community.TestUsernameFilter" name="test_prefix_filters" time="1.025" /><testcase classname="backend.tests.test_phase_b_community.TestNewMembersExclusions" name="test_demo_users_excluded_from_new_members" time="0.079" /><testcase classname="backend.tests.test_phase_b_community.TestNewMembersExclusions" name="test_banned_and_restricted_excluded" time="1.025" /><testcase classname="backend.tests.test_phase_b_community.TestSignupBirthday" name="test_signup_accepts_birthday_mmdd" time="0.399" /><testcase classname="backend.tests.test_phase_b_community.TestSignupBirthday" name="test_signup_accepts_birthday_yyyy_mm_dd" time="0.322" /><testcase classname="backend.tests.test_phase_b_community.TestSignupBirthday" name="test_signup_birthday_optional" time="0.318" /><testcase classname="backend.tests.test_phase_b_community.TestSignupBirthday" name="test_today_birthday_user_appears_in_community_today" time="0.357" /><testcase classname="backend.tests.test_phase_b_community.TestSignupBirthday" name="test_today_birthday_user_with_yyyy_mm_dd_appears" time="0.361" /><testcase classname="backend.tests.test_phase_b_community.TestExistingFlows" name="test_demo_login_frankie" time="0.000" /><testcase classname="backend.tests.test_phase_b_community.TestExistingFlows" name="test_auth_me" time="0.081" /><testcase classname="backend.tests.test_phase_b_community.TestExistingFlows" name="test_get_user_by_id" time="0.081" /><testcase classname="backend.tests.test_phase_b_community.TestExistingFlows" name="test_frankie_has_friendly_member_badge" time="0.084" /></testsuite></testsuites>