<?xml version="1.0" encoding="utf-8"?><testsuites name="pytest tests"><testsuite name="pytest" errors="0" failures="0" skipped="0" tests="27" time="3.376" timestamp="2026-06-12T10:09:53.727643+00:00" hostname="agent-env-d75e56bd-d5fc-45f3-93ee-d88994102c49"><testcase classname="backend.tests.test_youbelong_api" name="test_health" time="0.157" /><testcase classname="backend.tests.test_youbelong_api" name="test_login_maggie" time="0.042" /><testcase classname="backend.tests.test_youbelong_api" name="test_login_missing_user" time="0.082" /><testcase classname="backend.tests.test_youbelong_api" name="test_signup_duplicate" time="0.081" /><testcase classname="backend.tests.test_youbelong_api" name="test_list_users" time="0.043" /><testcase classname="backend.tests.test_youbelong_api" name="test_list_users_filter_suburb" time="0.081" /><testcase classname="backend.tests.test_youbelong_api" name="test_list_users_search" time="0.080" /><testcase classname="backend.tests.test_youbelong_api" name="test_get_user" time="0.081" /><testcase classname="backend.tests.test_youbelong_api" name="test_block_user" time="0.162" /><testcase classname="backend.tests.test_youbelong_api" name="test_report_user" time="0.044" /><testcase classname="backend.tests.test_youbelong_api" name="test_list_tables" time="0.056" /><testcase classname="backend.tests.test_youbelong_api" name="test_get_table_with_seated_users" time="0.119" /><testcase classname="backend.tests.test_youbelong_api" name="test_create_table" time="0.164" /><testcase classname="backend.tests.test_youbelong_api" name="test_table_messages" time="0.087" /><testcase classname="backend.tests.test_youbelong_api" name="test_list_groups" time="0.042" /><testcase classname="backend.tests.test_youbelong_api" name="test_join_group" time="0.123" /><testcase classname="backend.tests.test_youbelong_api" name="test_group_posts_and_like" time="0.251" /><testcase classname="backend.tests.test_youbelong_api" name="test_list_events" time="0.043" /><testcase classname="backend.tests.test_youbelong_api" name="test_rsvp_event" time="0.364" /><testcase classname="backend.tests.test_youbelong_api" name="test_notices" time="0.248" /><testcase classname="backend.tests.test_youbelong_api" name="test_seeded_flutters_for_maggie" time="0.082" /><testcase classname="backend.tests.test_youbelong_api" name="test_send_flutter" time="0.084" /><testcase classname="backend.tests.test_youbelong_api" name="test_dm_start_and_messages" time="0.165" /><testcase classname="backend.tests.test_youbelong_api" name="test_dm_conversations" time="0.042" /><testcase classname="backend.tests.test_youbelong_api" name="test_friend_request" time="0.081" /><testcase classname="backend.tests.test_youbelong_api" name="test_ws_table_chat" time="0.261" /><testcase classname="backend.tests.test_youbelong_api" name="test_ws_dm_chat" time="0.238" /></testsuite></testsuites>