<?xml version="1.0" encoding="utf-8"?><testsuites name="pytest tests"><testsuite name="pytest" errors="0" failures="0" skipped="0" tests="10" time="2.223" timestamp="2026-06-13T04:15:50.044734+00:00" hostname="agent-env-d75e56bd-d5fc-45f3-93ee-d88994102c49"><testcase classname="tests.test_trivia.TestTriviaCatalog" name="test_catalog_shape" time="0.243" /><testcase classname="tests.test_trivia.TestTriviaDaily" name="test_daily_ten_questions_and_deterministic" time="0.094" /><testcase classname="tests.test_trivia.TestTriviaSessionFlow" name="test_start_does_not_leak_answer" time="0.173" /><testcase classname="tests.test_trivia.TestTriviaSessionFlow" name="test_invalid_difficulty_rejected" time="0.045" /><testcase classname="tests.test_trivia.TestTriviaSessionFlow" name="test_answer_correct_wrong_and_advance" time="0.137" /><testcase classname="tests.test_trivia.TestTriviaCompletion" name="test_easy_full_score_awards_5_points" time="0.449" /><testcase classname="tests.test_trivia.TestTriviaCompletion" name="test_hard_full_score_awards_20_and_hard_achievement" time="0.427" /><testcase classname="tests.test_trivia.TestTriviaCompletion" name="test_low_score_prorates_points" time="0.455" /><testcase classname="tests.test_trivia.TestSessionsAndStats" name="test_sessions_list_has_active_and_recent" time="0.091" /><testcase classname="tests.test_trivia.TestSessionsAndStats" name="test_stats_aggregation" time="0.044" /></testsuite></testsuites>