<?xml version="1.0" encoding="utf-8"?><testsuites name="pytest tests"><testsuite name="pytest" errors="0" failures="0" skipped="0" tests="23" time="3.654" timestamp="2026-06-13T07:37:58.682348+00:00" hostname="agent-env-d75e56bd-d5fc-45f3-93ee-d88994102c49"><testcase classname="backend.tests.test_spot_difference.TestCatalog" name="test_catalog_returns_6_themes" time="0.263" /><testcase classname="backend.tests.test_spot_difference.TestCatalog" name="test_catalog_returns_4_difficulties" time="0.048" /><testcase classname="backend.tests.test_spot_difference.TestPuzzleGeneration" name="test_easy_garden_returns_3_diffs" time="0.042" /><testcase classname="backend.tests.test_spot_difference.TestPuzzleGeneration" name="test_puzzle_id_stable_within_same_day" time="0.089" /><testcase classname="backend.tests.test_spot_difference.TestPuzzleGeneration" name="test_hard_returns_7_diffs" time="0.046" /><testcase classname="backend.tests.test_spot_difference.TestPuzzleGeneration" name="test_nightmare_returns_10_diffs" time="0.041" /><testcase classname="backend.tests.test_spot_difference.TestPuzzleGeneration" name="test_unknown_theme_returns_404" time="0.082" /><testcase classname="backend.tests.test_spot_difference.TestPuzzleGeneration" name="test_unknown_difficulty_returns_400" time="0.042" /><testcase classname="backend.tests.test_spot_difference.TestDaily" name="test_daily_endpoint" time="0.042" /><testcase classname="backend.tests.test_spot_difference.TestDaily" name="test_daily_same_for_everyone" time="0.081" /><testcase classname="backend.tests.test_spot_difference.TestProgressNoPoints" name="test_easy_complete_awards_zero_points" time="0.134" /><testcase classname="backend.tests.test_spot_difference.TestProgressNoPoints" name="test_moderate_complete_awards_zero_points" time="0.128" /><testcase classname="backend.tests.test_spot_difference.TestHardAndNightmare" name="test_hard_complete_awards_15_and_grants_hard_achievement_and_notifies_friends" time="0.636" /><testcase classname="backend.tests.test_spot_difference.TestHardAndNightmare" name="test_hard_idempotent_no_double_award" time="0.045" /><testcase classname="backend.tests.test_spot_difference.TestHardAndNightmare" name="test_nightmare_complete_awards_25" time="0.118" /><testcase classname="backend.tests.test_spot_difference.TestBeatTheClock" name="test_hard_with_beat_the_clock_under_240_awards_23" time="0.236" /><testcase classname="backend.tests.test_spot_difference.TestBeatTheClock" name="test_hard_with_beat_the_clock_over_240_awards_15" time="0.193" /><testcase classname="backend.tests.test_spot_difference.TestBeatTheClock" name="test_easy_with_beat_the_clock_still_zero" time="0.191" /><testcase classname="backend.tests.test_spot_difference.TestDailyAchievement" name="test_daily_completion_grants_daily_challenge_first_time" time="0.175" /><testcase classname="backend.tests.test_spot_difference.TestResumeProgress" name="test_save_then_get_progress" time="0.167" /><testcase classname="backend.tests.test_spot_difference.TestPersonalBests" name="test_bests_endpoint_returns_per_difficulty" time="0.082" /><testcase classname="backend.tests.test_spot_difference.TestPersonalBests" name="test_bests_improve_on_better_time" time="0.465" /><testcase classname="backend.tests.test_spot_difference.TestDailiesAggregator" name="test_dailies_contains_expected_games" time="0.043" /></testsuite></testsuites>