<?xml version="1.0" encoding="utf-8"?><testsuites name="pytest tests"><testsuite name="pytest" errors="0" failures="0" skipped="0" tests="17" time="2.053" timestamp="2026-06-13T06:45:34.763685+00:00" hostname="agent-env-d75e56bd-d5fc-45f3-93ee-d88994102c49"><testcase classname="backend.tests.test_status_system.TestStatusOptions" name="test_status_options_returns_five_with_label_code_emoji" time="0.202" /><testcase classname="backend.tests.test_status_system.TestSetGetStatus" name="test_set_valid_status_persists[looking_to_chat-Looking to chat-\U0001f7e2]" time="0.092" /><testcase classname="backend.tests.test_status_system.TestSetGetStatus" name="test_set_valid_status_persists[happy_to_connect-Happy to connect-\U0001f60a]" time="0.094" /><testcase classname="backend.tests.test_status_system.TestSetGetStatus" name="test_set_valid_status_persists[busy-Busy right now-\U0001f7e1]" time="0.089" /><testcase classname="backend.tests.test_status_system.TestSetGetStatus" name="test_set_valid_status_persists[in_coffee_lounge-In the Coffee Lounge-\u2615]" time="0.096" /><testcase classname="backend.tests.test_status_system.TestSetGetStatus" name="test_set_invalid_status_returns_400" time="0.045" /><testcase classname="backend.tests.test_status_system.TestSetGetStatus" name="test_set_status_null_clears" time="0.091" /><testcase classname="backend.tests.test_status_system.TestStatusFallback" name="test_no_chosen_status_falls_back_to_auto_online" time="0.044" /><testcase classname="backend.tests.test_status_system.TestStatusFallback" name="test_stale_looking_to_chat_falls_back_to_auto" time="0.090" /><testcase classname="backend.tests.test_status_system.TestStatusFallback" name="test_chosen_offline_honoured_even_when_recent" time="0.088" /><testcase classname="backend.tests.test_status_system.TestStatusFallback" name="test_chosen_offline_honoured_even_when_stale" time="0.087" /><testcase classname="backend.tests.test_status_system.TestInvisibleOverride" name="test_invisible_privacy_always_offline_even_with_chosen_status" time="0.184" /><testcase classname="backend.tests.test_status_system.TestFlutterCopy" name="test_flutter_notification_says_is_looking_to_chat" time="0.498" /><testcase classname="backend.tests.test_status_system.TestRegression" name="test_demo_login_frankie" time="0.046" /><testcase classname="backend.tests.test_status_system.TestRegression" name="test_community_today" time="0.047" /><testcase classname="backend.tests.test_status_system.TestRegression" name="test_wordsearch_catalog" time="0.046" /><testcase classname="backend.tests.test_status_system.TestRegression" name="test_wordsearch_daily" time="0.046" /></testsuite></testsuites>