<?xml version="1.0" encoding="utf-8"?><testsuites name="pytest tests"><testsuite name="pytest" errors="0" failures="0" skipped="0" tests="18" time="10.990" timestamp="2026-06-13T07:20:23.800303+00:00" hostname="agent-env-d75e56bd-d5fc-45f3-93ee-d88994102c49"><testcase classname="tests.test_sudoku.TestCatalog" name="test_catalog_shape_and_spec" time="0.196" /><testcase classname="tests.test_sudoku.TestPuzzle" name="test_easy_puzzle_shape_and_no_solution_leak" time="0.041" /><testcase classname="tests.test_sudoku.TestPuzzle" name="test_all_difficulties_correct_clue_count" time="0.249" /><testcase classname="tests.test_sudoku.TestPuzzle" name="test_per_day_determinism_without_seed" time="0.120" /><testcase classname="tests.test_sudoku.TestPuzzle" name="test_explicit_seed_is_deterministic" time="0.343" /><testcase classname="tests.test_sudoku.TestPuzzle" name="test_unknown_difficulty_400" time="0.080" /><testcase classname="tests.test_sudoku.TestDaily" name="test_daily_shape_and_solution_nulled" time="0.081" /><testcase classname="tests.test_sudoku.TestDaily" name="test_daily_stable_same_call" time="0.157" /><testcase classname="tests.test_sudoku.TestCheck" name="test_check_correct_and_incorrect" time="0.316" /><testcase classname="tests.test_sudoku.TestCheck" name="test_check_invalid_inputs" time="0.121" /><testcase classname="tests.test_sudoku.TestHint" name="test_hint_returns_correct_value" time="0.836" /><testcase classname="tests.test_sudoku.TestProgressSaveAndComplete" name="test_resume_then_complete_easy_idempotent" time="0.656" /><testcase classname="tests.test_sudoku.TestProgressSaveAndComplete" name="test_hard_completion_grants_hard_and_flutters_friend" time="0.672" /><testcase classname="tests.test_sudoku.TestProgressSaveAndComplete" name="test_nightmare_completion_grants_nightmare" time="0.125" /><testcase classname="tests.test_sudoku.TestProgressSaveAndComplete" name="test_daily_completion_grants_daily_challenge_and_bumps_streak" time="0.124" /><testcase classname="tests.test_sudoku.TestSolvability" name="test_solve_easy_via_hint_endpoint" time="6.465" /><testcase classname="tests.test_sudoku.TestRegression" name="test_dailies_aggregation_still_works" time="0.080" /><testcase classname="tests.test_sudoku.TestRegression" name="test_frankie_demo_login_ok" time="0.080" /></testsuite></testsuites>