<?xml version="1.0" encoding="utf-8"?><testsuites name="pytest tests"><testsuite name="pytest" errors="0" failures="0" skipped="0" tests="15" time="2.643" timestamp="2026-06-13T06:35:58.402499+00:00" hostname="agent-env-d75e56bd-d5fc-45f3-93ee-d88994102c49"><testcase classname="tests.test_wordsearch.TestCatalog" name="test_catalog_shape" time="0.199" /><testcase classname="tests.test_wordsearch.TestPuzzle" name="test_easy_puzzle_valid" time="0.042" /><testcase classname="tests.test_wordsearch.TestPuzzle" name="test_difficulty_sizes" time="0.253" /><testcase classname="tests.test_wordsearch.TestPuzzle" name="test_per_day_determinism_without_seed" time="0.089" /><testcase classname="tests.test_wordsearch.TestPuzzle" name="test_unknown_theme_404" time="0.041" /><testcase classname="tests.test_wordsearch.TestPuzzle" name="test_unknown_difficulty_400" time="0.041" /><testcase classname="tests.test_wordsearch.TestDaily" name="test_daily_shape_and_id" time="0.044" /><testcase classname="tests.test_wordsearch.TestDaily" name="test_daily_stable_same_call" time="0.085" /><testcase classname="tests.test_wordsearch.TestProgressSaveAndComplete" name="test_resume_then_complete_easy" time="0.665" /><testcase classname="tests.test_wordsearch.TestProgressSaveAndComplete" name="test_hard_completion_grants_hard_achievement_and_notifies_friend" time="0.546" /><testcase classname="tests.test_wordsearch.TestProgressSaveAndComplete" name="test_nightmare_completion_grants_nightmare" time="0.110" /><testcase classname="tests.test_wordsearch.TestProgressSaveAndComplete" name="test_daily_completion_sets_is_daily_and_grants_daily_challenge" time="0.160" /><testcase classname="tests.test_wordsearch.TestRegression" name="test_dailies_includes_all_three" time="0.045" /><testcase classname="tests.test_wordsearch.TestRegression" name="test_community_today_ok" time="0.047" /><testcase classname="tests.test_wordsearch.TestRegression" name="test_frankie_demo_login_ok" time="0.046" /></testsuite></testsuites>